#
# A fatal error has been detected by the Java Runtime Environment:
#
#  EXCEPTION_ACCESS_VIOLATION (0xc0000005) at pc=0x00007ffb1d296490, pid=1392, tid=0x00000000000028ec
#
# JRE version: Java(TM) SE Runtime Environment (8.0_181-b13) (build 1.8.0_181-b13)
# Java VM: Java HotSpot(TM) 64-Bit Server VM (25.181-b13 mixed mode windows-amd64 compressed oops)
# Problematic frame:
# C  [glfw.dll+0x6490]
#
# Failed to write core dump. Minidumps are not enabled by default on client versions of Windows
#
# If you would like to submit a bug report, please visit:
#   http://bugreport.java.com/bugreport/crash.jsp
# The crash happened outside the Java Virtual Machine in native code.
# See problematic frame for where to report the bug.
#

---------------  T H R E A D  ---------------

Current thread (0x000000002ad67800):  JavaThread "CleanUpThread" [_thread_in_native, id=10476, stack(0x0000000035080000,0x0000000035180000)]

siginfo: ExceptionCode=0xc0000005, reading address 0x0000000000000000

Registers:
RAX=0x0000000000000000, RBX=0x000000000111caf0, RCX=0x0000000000000000, RDX=0x00007ffb1d2e7ee0
RSP=0x000000003517f200, RBP=0x000000003517f2b0, RSI=0x0000000000000108, RDI=0x0000000003227f10
R8 =0x000000000111caf0, R9 =0x00007ffb1d2963e0, R10=0x0000000003241dc4, R11=0x00000000740cc6a0
R12=0x0000000000000000, R13=0x0000000025d9c100, R14=0x000000003517f2e8, R15=0x000000002ad67800
RIP=0x00007ffb1d296490, EFLAGS=0x0000000000010283

Top of Stack: (sp=0x000000003517f200)
0x000000003517f200:   000000000111caf0 0000000000000001
0x000000003517f210:   000000002ad67800 0000000000000011
0x000000003517f220:   0000000025d9c100 0000000003241df0
0x000000003517f230:   00000007c0000d48 000000003517f238
0x000000003517f240:   0000000000000000 000000003517f2c0
0x000000003517f250:   0000000025dc6d38 0000000000000000
0x000000003517f260:   0000000025d96df8 0000000000000000
0x000000003517f270:   000000003517f270 0000000000000000
0x000000003517f280:   000000003517f2e8 0000000025dc6d38
0x000000003517f290:   0000000000000000 0000000025d9c100
0x000000003517f2a0:   0000000000000000 000000003517f2d0
0x000000003517f2b0:   000000003517f330 00000000032283fd
0x000000003517f2c0:   00000005c0c08c48 0000000003237a58
0x000000003517f2d0:   00007ffb1d2963e0 000000003517f358
0x000000003517f2e0:   000000000111caf0 0000000000000000
0x000000003517f2f0:   000000003517f2f0 0000000025dd23d6 

Instructions: (pc=0x00007ffb1d296490)
0x00007ffb1d296470:   48 8b 0d 69 1a 05 00 48 8d 15 62 1a 05 00 48 3b
0x00007ffb1d296480:   cb 74 1b 0f 1f 40 00 66 0f 1f 84 00 00 00 00 00
0x00007ffb1d296490:   48 8b 01 48 8b d1 48 8b c8 48 3b c3 75 f2 48 8b
0x00007ffb1d2964a0:   03 48 8b cb 48 89 02 48 83 c4 20 5b e9 97 27 01 


Register to memory mapping:

RAX=0x0000000000000000 is an unknown value
RBX=0x000000000111caf0 is an unknown value
RCX=0x0000000000000000 is an unknown value
RDX=0x00007ffb1d2e7ee0 is an unknown value
RSP=0x000000003517f200 is pointing into the stack for thread: 0x000000002ad67800
RBP=0x000000003517f2b0 is pointing into the stack for thread: 0x000000002ad67800
RSI=0x0000000000000108 is an unknown value
RDI=0x0000000003227f10 is at code_begin+1040 in an Interpreter codelet
invoke return entry points  [0x0000000003227b00, 0x00000000032284e0]  2528 bytes
R8 =0x000000000111caf0 is an unknown value
R9 =0x00007ffb1d2963e0 is an unknown value
R10=0x0000000003241dc4 is at code_begin+1700 in an Interpreter codelet
method entry point (kind = native)  [0x0000000003241720, 0x00000000032427e0]  4288 bytes
R11=0x00000000740cc6a0 is an unknown value
R12=0x0000000000000000 is an unknown value
R13={method} {0x0000000025d9c108} 'invokePV' '(JJ)V' in 'org/lwjgl/system/JNI'
R14=0x000000003517f2e8 is pointing into the stack for thread: 0x000000002ad67800
R15=0x000000002ad67800 is a thread


Stack: [0x0000000035080000,0x0000000035180000],  sp=0x000000003517f200,  free space=1020k
Native frames: (J=compiled Java code, j=interpreted, Vv=VM code, C=native code)
C  [glfw.dll+0x6490]
C  0x0000000003241df0

Java frames: (J=compiled Java code, j=interpreted, Vv=VM code)
j  org.lwjgl.system.JNI.invokePV(JJ)V+0
j  org.lwjgl.glfw.GLFW.glfwDestroyWindow(J)V+6
j  SkyNetJR.Graphics.GLFWWindowManager.WindowManager.DestroyWindow(J)V+5
j  SkyNetJR.Threading.WindowThread.Destroy()V+8
j  SkyNetJR.Graphics.Rendering.View.Destroy()V+4
j  SkyNetJR.Threading.WindowThread.lambda$run$1()V+12
j  SkyNetJR.Threading.WindowThread$$Lambda$19.run()V+4
j  java.lang.Thread.run()V+11
v  ~StubRoutines::call_stub

---------------  P R O C E S S  ---------------

Java Threads: ( => current thread )
=>0x000000002ad67800 JavaThread "CleanUpThread" [_thread_in_native, id=10476, stack(0x0000000035080000,0x0000000035180000)]
  0x000000002ad60000 JavaThread "pool-1-thread-24" [_thread_blocked, id=10700, stack(0x000000002e440000,0x000000002e540000)]
  0x000000002ad66000 JavaThread "pool-1-thread-23" [_thread_blocked, id=10236, stack(0x000000002e340000,0x000000002e440000)]
  0x000000002ad67000 JavaThread "pool-1-thread-22" [_thread_blocked, id=14000, stack(0x000000002e240000,0x000000002e340000)]
  0x000000002ad64000 JavaThread "pool-1-thread-21" [_thread_blocked, id=1700, stack(0x000000002e140000,0x000000002e240000)]
  0x000000002ad64800 JavaThread "pool-1-thread-20" [_thread_blocked, id=15068, stack(0x000000002e040000,0x000000002e140000)]
  0x000000002ad63000 JavaThread "pool-1-thread-19" [_thread_blocked, id=14752, stack(0x000000002df40000,0x000000002e040000)]
  0x000000002ad65800 JavaThread "pool-1-thread-18" [_thread_blocked, id=15144, stack(0x000000002de40000,0x000000002df40000)]
  0x00000000293c7000 JavaThread "pool-1-thread-17" [_thread_blocked, id=3980, stack(0x000000002dd40000,0x000000002de40000)]
  0x00000000293c6800 JavaThread "pool-1-thread-16" [_thread_blocked, id=7552, stack(0x000000002dc40000,0x000000002dd40000)]
  0x00000000293c5800 JavaThread "pool-1-thread-15" [_thread_blocked, id=4344, stack(0x000000002db40000,0x000000002dc40000)]
  0x00000000293c2800 JavaThread "pool-1-thread-14" [_thread_blocked, id=3340, stack(0x000000002da40000,0x000000002db40000)]
  0x00000000293c2000 JavaThread "pool-1-thread-13" [_thread_blocked, id=7112, stack(0x000000002d940000,0x000000002da40000)]
  0x00000000293c8000 JavaThread "pool-1-thread-12" [_thread_blocked, id=13268, stack(0x000000002d840000,0x000000002d940000)]
  0x00000000293c1000 JavaThread "pool-1-thread-11" [_thread_blocked, id=11036, stack(0x000000002d740000,0x000000002d840000)]
  0x00000000293c3800 JavaThread "pool-1-thread-10" [_thread_blocked, id=1876, stack(0x000000002d640000,0x000000002d740000)]
  0x00000000293c5000 JavaThread "pool-1-thread-9" [_thread_blocked, id=3280, stack(0x000000002d540000,0x000000002d640000)]
  0x00000000293c4000 JavaThread "pool-1-thread-8" [_thread_blocked, id=888, stack(0x000000002d440000,0x000000002d540000)]
  0x00000000293ea000 JavaThread "pool-1-thread-7" [_thread_blocked, id=14356, stack(0x000000002d340000,0x000000002d440000)]
  0x000000002adf3800 JavaThread "pool-1-thread-6" [_thread_blocked, id=8228, stack(0x000000002d240000,0x000000002d340000)]
  0x000000002adf3000 JavaThread "pool-1-thread-5" [_thread_blocked, id=3420, stack(0x000000002d140000,0x000000002d240000)]
  0x000000002b319800 JavaThread "pool-1-thread-4" [_thread_blocked, id=10328, stack(0x000000002d040000,0x000000002d140000)]
  0x000000002adca000 JavaThread "pool-1-thread-3" [_thread_blocked, id=12532, stack(0x000000002cf40000,0x000000002d040000)]
  0x000000002b197000 JavaThread "pool-1-thread-2" [_thread_blocked, id=14932, stack(0x000000002ce40000,0x000000002cf40000)]
  0x000000002b195800 JavaThread "pool-1-thread-1" [_thread_blocked, id=8984, stack(0x000000002cd40000,0x000000002ce40000)]
  0x00000000293c9000 JavaThread "SkyNetJR.MainSimulationThread" [_thread_blocked, id=7056, stack(0x000000002c0f0000,0x000000002c1f0000)]
  0x0000000028edd000 JavaThread "Service Thread" daemon [_thread_blocked, id=6308, stack(0x0000000029850000,0x0000000029950000)]
  0x0000000028e56000 JavaThread "C1 CompilerThread3" daemon [_thread_blocked, id=3276, stack(0x0000000029750000,0x0000000029850000)]
  0x0000000028e51800 JavaThread "C2 CompilerThread2" daemon [_thread_blocked, id=6788, stack(0x0000000029650000,0x0000000029750000)]
  0x0000000028e4e800 JavaThread "C2 CompilerThread1" daemon [_thread_blocked, id=5572, stack(0x0000000029550000,0x0000000029650000)]
  0x0000000028e4c000 JavaThread "C2 CompilerThread0" daemon [_thread_blocked, id=4724, stack(0x0000000029450000,0x0000000029550000)]
  0x000000002816b000 JavaThread "JDWP Command Reader" daemon [_thread_in_native, id=15168, stack(0x0000000028b50000,0x0000000028c50000)]
  0x0000000028166000 JavaThread "JDWP Event Helper Thread" daemon [_thread_blocked, id=15884, stack(0x0000000028a50000,0x0000000028b50000)]
  0x000000002815a000 JavaThread "JDWP Transport Listener: dt_socket" daemon [_thread_blocked, id=2120, stack(0x0000000028950000,0x0000000028a50000)]
  0x0000000028150000 JavaThread "Attach Listener" daemon [_thread_blocked, id=1536, stack(0x0000000028850000,0x0000000028950000)]
  0x000000002814f000 JavaThread "Signal Dispatcher" daemon [_thread_blocked, id=7904, stack(0x0000000028750000,0x0000000028850000)]
  0x0000000028140800 JavaThread "Finalizer" daemon [_thread_blocked, id=8568, stack(0x0000000028520000,0x0000000028620000)]
  0x000000000321c000 JavaThread "Reference Handler" daemon [_thread_blocked, id=9868, stack(0x0000000028020000,0x0000000028120000)]
  0x0000000003127000 JavaThread "MainThread" [_thread_blocked, id=2692, stack(0x0000000002d70000,0x0000000002e70000)]

Other Threads:
  0x0000000026219800 VMThread [stack: 0x0000000027f20000,0x0000000028020000] [id=14340]
  0x0000000028f8d000 WatcherThread [stack: 0x0000000029950000,0x0000000029a50000] [id=3304]

VM state:not at safepoint (normal execution)

VM Mutex/Monitor currently owned by a thread: None

Heap:
 PSYoungGen      total 553472K, used 551232K [0x0000000715980000, 0x0000000759680000, 0x00000007c0000000)
  eden space 523776K, 100% used [0x0000000715980000,0x0000000735900000,0x0000000735900000)
  from space 29696K, 92% used [0x0000000735900000,0x00000007373d0010,0x0000000737600000)
  to   space 31744K, 0% used [0x0000000757780000,0x0000000757780000,0x0000000759680000)
 ParOldGen       total 349696K, used 19272K [0x00000005c0c00000, 0x00000005d6180000, 0x0000000715980000)
  object space 349696K, 5% used [0x00000005c0c00000,0x00000005c1ed2378,0x00000005d6180000)
 Metaspace       used 10581K, capacity 10893K, committed 11008K, reserved 1058816K
  class space    used 873K, capacity 979K, committed 1024K, reserved 1048576K

Card table byte_map: [0x00000000125e0000,0x00000000135e0000] byte_map_base: 0x000000000f7da000

Marking Bits: (ParMarkBitMap*) 0x00000000746c2d00
 Begin Bits: [0x0000000014890000, 0x000000001c860000)
 End Bits:   [0x000000001c860000, 0x0000000024830000)

Polling page: 0x00000000014b0000

CodeCache: size=245760Kb used=4953Kb max_used=4967Kb free=240806Kb
 bounds [0x0000000003220000, 0x0000000003700000, 0x0000000012220000]
 total_blobs=2023 nmethods=1090 adapters=854
 compilation: enabled

Compilation events (10 events):
Event: 7.647 Thread 0x0000000028e4c000 1086       4       SkyNetJR.Graphics.Rendering.Renderers.PopulationRenderer::Render (397 bytes)
Event: 7.657 Thread 0x0000000028e4c000 nmethod 1086 0x00000000036f1510 code [0x00000000036f1780, 0x00000000036f2548]
Event: 8.257 Thread 0x0000000028e56000 1087   !   3       SkyNetJR.Creatures.Population::Update (211 bytes)
Event: 8.259 Thread 0x0000000028e56000 nmethod 1087 0x00000000036f3310 code [0x00000000036f3780, 0x00000000036f64f8]
Event: 8.323 Thread 0x0000000028e4e800 1088 % !   4       java.util.concurrent.ThreadPoolExecutor::runWorker @ 21 (225 bytes)
Event: 8.341 Thread 0x0000000028e4e800 nmethod 1088% 0x00000000036fad10 code [0x00000000036faf80, 0x00000000036fc428]
Event: 8.640 Thread 0x0000000028e56000 1089       3       java.nio.CharBuffer::arrayOffset (35 bytes)
Event: 8.640 Thread 0x0000000028e56000 nmethod 1089 0x00000000036eeed0 code [0x00000000036ef060, 0x00000000036ef398]
Event: 8.814 Thread 0x0000000028e56000 1090       3       jdk.internal.org.objectweb.asm.Item::<init> (5 bytes)
Event: 8.815 Thread 0x0000000028e56000 nmethod 1090 0x00000000036e5090 code [0x00000000036e51e0, 0x00000000036e5390]

GC Heap History (10 events):
Event: 1.480 GC heap before
{Heap before GC invocations=3 (full 0):
 PSYoungGen      total 153088K, used 148848K [0x0000000715980000, 0x0000000728480000, 0x00000007c0000000)
  eden space 131584K, 100% used [0x0000000715980000,0x000000071da00000,0x000000071da00000)
  from space 21504K, 80% used [0x000000071ef00000,0x000000071ffdc010,0x0000000720400000)
  to   space 21504K, 0% used [0x000000071da00000,0x000000071da00000,0x000000071ef00000)
 ParOldGen       total 349696K, used 24K [0x00000005c0c00000, 0x00000005d6180000, 0x0000000715980000)
  object space 349696K, 0% used [0x00000005c0c00000,0x00000005c0c06000,0x00000005d6180000)
 Metaspace       used 7261K, capacity 7554K, committed 7808K, reserved 1056768K
  class space    used 756K, capacity 845K, committed 896K, reserved 1048576K
Event: 1.488 GC heap after
Heap after GC invocations=3 (full 0):
 PSYoungGen      total 153088K, used 17392K [0x0000000715980000, 0x0000000728480000, 0x00000007c0000000)
  eden space 131584K, 0% used [0x0000000715980000,0x0000000715980000,0x000000071da00000)
  from space 21504K, 80% used [0x000000071da00000,0x000000071eafc0c8,0x000000071ef00000)
  to   space 21504K, 0% used [0x0000000726f80000,0x0000000726f80000,0x0000000728480000)
 ParOldGen       total 349696K, used 32K [0x00000005c0c00000, 0x00000005d6180000, 0x0000000715980000)
  object space 349696K, 0% used [0x00000005c0c00000,0x00000005c0c08000,0x00000005d6180000)
 Metaspace       used 7261K, capacity 7554K, committed 7808K, reserved 1056768K
  class space    used 756K, capacity 845K, committed 896K, reserved 1048576K
}
Event: 2.240 GC heap before
{Heap before GC invocations=4 (full 0):
 PSYoungGen      total 153088K, used 148976K [0x0000000715980000, 0x0000000728480000, 0x00000007c0000000)
  eden space 131584K, 100% used [0x0000000715980000,0x000000071da00000,0x000000071da00000)
  from space 21504K, 80% used [0x000000071da00000,0x000000071eafc0c8,0x000000071ef00000)
  to   space 21504K, 0% used [0x0000000726f80000,0x0000000726f80000,0x0000000728480000)
 ParOldGen       total 349696K, used 32K [0x00000005c0c00000, 0x00000005d6180000, 0x0000000715980000)
  object space 349696K, 0% used [0x00000005c0c00000,0x00000005c0c08000,0x00000005d6180000)
 Metaspace       used 10558K, capacity 10823K, committed 11008K, reserved 1058816K
  class space    used 872K, capacity 978K, committed 1024K, reserved 1048576K
Event: 2.252 GC heap after
Heap after GC invocations=4 (full 0):
 PSYoungGen      total 284672K, used 21489K [0x0000000715980000, 0x0000000728480000, 0x00000007c0000000)
  eden space 263168K, 0% used [0x0000000715980000,0x0000000715980000,0x0000000725a80000)
  from space 21504K, 99% used [0x0000000726f80000,0x000000072847c6e0,0x0000000728480000)
  to   space 21504K, 0% used [0x0000000725a80000,0x0000000725a80000,0x0000000726f80000)
 ParOldGen       total 349696K, used 3932K [0x00000005c0c00000, 0x00000005d6180000, 0x0000000715980000)
  object space 349696K, 1% used [0x00000005c0c00000,0x00000005c0fd7270,0x00000005d6180000)
 Metaspace       used 10558K, capacity 10823K, committed 11008K, reserved 1058816K
  class space    used 872K, capacity 978K, committed 1024K, reserved 1048576K
}
Event: 3.165 GC heap before
{Heap before GC invocations=5 (full 0):
 PSYoungGen      total 284672K, used 284657K [0x0000000715980000, 0x0000000728480000, 0x00000007c0000000)
  eden space 263168K, 100% used [0x0000000715980000,0x0000000725a80000,0x0000000725a80000)
  from space 21504K, 99% used [0x0000000726f80000,0x000000072847c6e0,0x0000000728480000)
  to   space 21504K, 0% used [0x0000000725a80000,0x0000000725a80000,0x0000000726f80000)
 ParOldGen       total 349696K, used 3932K [0x00000005c0c00000, 0x00000005d6180000, 0x0000000715980000)
  object space 349696K, 1% used [0x00000005c0c00000,0x00000005c0fd7270,0x00000005d6180000)
 Metaspace       used 10566K, capacity 10823K, committed 11008K, reserved 1058816K
  class space    used 872K, capacity 978K, committed 1024K, reserved 1048576K
Event: 3.178 GC heap after
Heap after GC invocations=5 (full 0):
 PSYoungGen      total 284672K, used 21473K [0x0000000715980000, 0x0000000739080000, 0x00000007c0000000)
  eden space 263168K, 0% used [0x0000000715980000,0x0000000715980000,0x0000000725a80000)
  from space 21504K, 99% used [0x0000000725a80000,0x0000000726f78788,0x0000000726f80000)
  to   space 27136K, 0% used [0x0000000737600000,0x0000000737600000,0x0000000739080000)
 ParOldGen       total 349696K, used 7236K [0x00000005c0c00000, 0x00000005d6180000, 0x0000000715980000)
  object space 349696K, 2% used [0x00000005c0c00000,0x00000005c1311270,0x00000005d6180000)
 Metaspace       used 10566K, capacity 10823K, committed 11008K, reserved 1058816K
  class space    used 872K, capacity 978K, committed 1024K, reserved 1048576K
}
Event: 4.322 GC heap before
{Heap before GC invocations=6 (full 0):
 PSYoungGen      total 284672K, used 284641K [0x0000000715980000, 0x0000000739080000, 0x00000007c0000000)
  eden space 263168K, 100% used [0x0000000715980000,0x0000000725a80000,0x0000000725a80000)
  from space 21504K, 99% used [0x0000000725a80000,0x0000000726f78788,0x0000000726f80000)
  to   space 27136K, 0% used [0x0000000737600000,0x0000000737600000,0x0000000739080000)
 ParOldGen       total 349696K, used 7236K [0x00000005c0c00000, 0x00000005d6180000, 0x0000000715980000)
  object space 349696K, 2% used [0x00000005c0c00000,0x00000005c1311270,0x00000005d6180000)
 Metaspace       used 10567K, capacity 10823K, committed 11008K, reserved 1058816K
  class space    used 872K, capacity 978K, committed 1024K, reserved 1048576K
Event: 4.335 GC heap after
Heap after GC invocations=6 (full 0):
 PSYoungGen      total 550912K, used 27105K [0x0000000715980000, 0x0000000739580000, 0x00000007c0000000)
  eden space 523776K, 0% used [0x0000000715980000,0x0000000715980000,0x0000000735900000)
  from space 27136K, 99% used [0x0000000737600000,0x0000000739078788,0x0000000739080000)
  to   space 29696K, 0% used [0x0000000735900000,0x0000000735900000,0x0000000737600000)
 ParOldGen       total 349696K, used 7516K [0x00000005c0c00000, 0x00000005d6180000, 0x0000000715980000)
  object space 349696K, 2% used [0x00000005c0c00000,0x00000005c1357270,0x00000005d6180000)
 Metaspace       used 10567K, capacity 10823K, committed 11008K, reserved 1058816K
  class space    used 872K, capacity 978K, committed 1024K, reserved 1048576K
}
Event: 6.743 GC heap before
{Heap before GC invocations=7 (full 0):
 PSYoungGen      total 550912K, used 550881K [0x0000000715980000, 0x0000000739580000, 0x00000007c0000000)
  eden space 523776K, 100% used [0x0000000715980000,0x0000000735900000,0x0000000735900000)
  from space 27136K, 99% used [0x0000000737600000,0x0000000739078788,0x0000000739080000)
  to   space 29696K, 0% used [0x0000000735900000,0x0000000735900000,0x0000000737600000)
 ParOldGen       total 349696K, used 7516K [0x00000005c0c00000, 0x00000005d6180000, 0x0000000715980000)
  object space 349696K, 2% used [0x00000005c0c00000,0x00000005c1357270,0x00000005d6180000)
 Metaspace       used 10576K, capacity 10887K, committed 11008K, reserved 1058816K
  class space    used 872K, capacity 978K, committed 1024K, reserved 1048576K
Event: 6.765 GC heap after
Heap after GC invocations=7 (full 0):
 PSYoungGen      total 553472K, used 27456K [0x0000000715980000, 0x0000000759680000, 0x00000007c0000000)
  eden space 523776K, 0% used [0x0000000715980000,0x0000000715980000,0x0000000735900000)
  from space 29696K, 92% used [0x0000000735900000,0x00000007373d0010,0x0000000737600000)
  to   space 31744K, 0% used [0x0000000757780000,0x0000000757780000,0x0000000759680000)
 ParOldGen       total 349696K, used 19272K [0x00000005c0c00000, 0x00000005d6180000, 0x0000000715980000)
  object space 349696K, 5% used [0x00000005c0c00000,0x00000005c1ed2378,0x00000005d6180000)
 Metaspace       used 10576K, capacity 10887K, committed 11008K, reserved 1058816K
  class space    used 872K, capacity 978K, committed 1024K, reserved 1048576K
}

Deoptimization events (10 events):
Event: 1.995 Thread 0x000000002ad64800 Uncommon trap: reason=unstable_if action=reinterpret pc=0x00000000035a6c5c method=java.util.concurrent.locks.AbstractQueuedSynchronizer.isOnSyncQueue(Ljava/util/concurrent/locks/AbstractQueuedSynchronizer$Node;)Z @ 13
Event: 2.218 Thread 0x00000000293bb000 Uncommon trap: reason=unstable_if action=reinterpret pc=0x0000000003684690 method=SkyNetJR.Graphics.Rendering.Renderers.VirtualWorldRenderer.Render(II)V @ 151
Event: 3.266 Thread 0x00000000293c9000 Uncommon trap: reason=unstable_if action=reinterpret pc=0x0000000003596c30 method=SkyNetJR.VirtualWorld.TileMap.Update(J)V @ 151
Event: 4.343 Thread 0x00000000293c9000 Uncommon trap: reason=unstable_if action=reinterpret pc=0x000000000368d44c method=SkyNetJR.VirtualWorld.TileMap.RequestConsumeEnergy(LSkyNetJR/VirtualWorld/Tile;D)D @ 22
Event: 4.356 Thread 0x00000000293c9000 Uncommon trap: reason=unstable_if action=reinterpret pc=0x000000000359e61c method=SkyNetJR.VirtualWorld.TileMap.RequestConsumeEnergy(LSkyNetJR/VirtualWorld/Tile;D)D @ 22
Event: 5.663 Thread 0x00000000293c9000 Uncommon trap: reason=class_check action=maybe_recompile pc=0x000000000359cedc method=java.util.concurrent.ConcurrentHashMap.putVal(Ljava/lang/Object;Ljava/lang/Object;Z)Ljava/lang/Object; @ 192
Event: 5.663 Thread 0x00000000293c7000 Uncommon trap: reason=unstable_if action=reinterpret pc=0x0000000003607394 method=com.intellij.rt.debugger.agent.CaptureStorage$HardKey.equals(Ljava/lang/Object;)Z @ 23
Event: 7.223 Thread 0x00000000293c9000 Uncommon trap: reason=class_check action=maybe_recompile pc=0x000000000359cedc method=java.util.concurrent.ConcurrentHashMap.putVal(Ljava/lang/Object;Ljava/lang/Object;Z)Ljava/lang/Object; @ 192
Event: 7.223 Thread 0x000000002ad64000 Uncommon trap: reason=unstable_if action=reinterpret pc=0x00000000035edf34 method=com.intellij.rt.debugger.agent.CaptureStorage$HardKey.equals(Ljava/lang/Object;)Z @ 23
Event: 8.239 Thread 0x00000000293c9000 Uncommon trap: reason=unstable_if action=reinterpret pc=0x00000000036ca758 method=SkyNetJR.Creatures.Population.Update(JZLjava/util/concurrent/ExecutorService;)V @ 180

Classes redefined (0 events):
No events

Internal exceptions (10 events):
Event: 0.418 Thread 0x0000000003127000 Exception <a 'sun/nio/fs/WindowsException'> (0x00000007169a6c40) thrown at [C:\re\workspace\8-2-build-windows-amd64-cygwin\jdk8u181\11358\hotspot\src\share\vm\prims\jni.cpp, line 709]
Event: 0.418 Thread 0x0000000003127000 Exception <a 'sun/nio/fs/WindowsException'> (0x00000007169a9940) thrown at [C:\re\workspace\8-2-build-windows-amd64-cygwin\jdk8u181\11358\hotspot\src\share\vm\prims\jni.cpp, line 709]
Event: 0.462 Thread 0x0000000003127000 Exception <a 'sun/nio/fs/WindowsException'> (0x0000000716b3b2e8) thrown at [C:\re\workspace\8-2-build-windows-amd64-cygwin\jdk8u181\11358\hotspot\src\share\vm\prims\jni.cpp, line 709]
Event: 0.462 Thread 0x0000000003127000 Exception <a 'sun/nio/fs/WindowsException'> (0x0000000716b3ba40) thrown at [C:\re\workspace\8-2-build-windows-amd64-cygwin\jdk8u181\11358\hotspot\src\share\vm\prims\jni.cpp, line 709]
Event: 0.483 Thread 0x0000000003127000 Exception <a 'sun/nio/fs/WindowsException'> (0x0000000716c2de98) thrown at [C:\re\workspace\8-2-build-windows-amd64-cygwin\jdk8u181\11358\hotspot\src\share\vm\prims\jni.cpp, line 709]
Event: 0.483 Thread 0x0000000003127000 Exception <a 'sun/nio/fs/WindowsException'> (0x0000000716c2e5a0) thrown at [C:\re\workspace\8-2-build-windows-amd64-cygwin\jdk8u181\11358\hotspot\src\share\vm\prims\jni.cpp, line 709]
Event: 1.641 Thread 0x00000000293bb000 Exception <a 'sun/nio/fs/WindowsException'> (0x000000071acc61e8) thrown at [C:\re\workspace\8-2-build-windows-amd64-cygwin\jdk8u181\11358\hotspot\src\share\vm\prims\jni.cpp, line 709]
Event: 1.641 Thread 0x00000000293bb000 Exception <a 'sun/nio/fs/WindowsException'> (0x000000071acc6950) thrown at [C:\re\workspace\8-2-build-windows-amd64-cygwin\jdk8u181\11358\hotspot\src\share\vm\prims\jni.cpp, line 709]
Event: 1.643 Thread 0x00000000293bb000 Exception <a 'sun/nio/fs/WindowsException'> (0x000000071acde6b0) thrown at [C:\re\workspace\8-2-build-windows-amd64-cygwin\jdk8u181\11358\hotspot\src\share\vm\prims\jni.cpp, line 709]
Event: 1.643 Thread 0x00000000293bb000 Exception <a 'sun/nio/fs/WindowsException'> (0x000000071acdecd0) thrown at [C:\re\workspace\8-2-build-windows-amd64-cygwin\jdk8u181\11358\hotspot\src\share\vm\prims\jni.cpp, line 709]

Events (10 events):
Event: 8.797 Executing VM operation: RevokeBias
Event: 8.797 Executing VM operation: RevokeBias done
Event: 8.797 Thread 0x00000000293bb000 DEOPT PACKING pc=0x000000000337737c sp=0x000000002c2edc90
Event: 8.797 Thread 0x00000000293bb000 DEOPT UNPACKING pc=0x0000000003267890 sp=0x000000002c2edab0 mode 1
Event: 8.814 loading class SkyNetJR/Threading/WindowThread
Event: 8.814 loading class SkyNetJR/Threading/WindowThread done
Event: 8.815 Thread 0x000000002ad67800 Thread added: 0x000000002ad67800
Event: 8.815 Thread 0x00000000293bb000 Thread exited: 0x00000000293bb000
Event: 8.815 Executing VM operation: RevokeBias
Event: 8.815 Executing VM operation: RevokeBias done


Dynamic libraries:
0x00007ff7453b0000 - 0x00007ff7453e7000 	C:\Program Files\Java\jdk1.8.0_181\bin\java.exe
0x00007ffb39d30000 - 0x00007ffb39f1d000 	C:\WINDOWS\SYSTEM32\ntdll.dll
0x00007ffb37ae0000 - 0x00007ffb37b93000 	C:\WINDOWS\System32\KERNEL32.DLL
0x00007ffb364f0000 - 0x00007ffb36783000 	C:\WINDOWS\System32\KERNELBASE.dll
0x00007ffb37340000 - 0x00007ffb373e3000 	C:\WINDOWS\System32\ADVAPI32.dll
0x00007ffb37fe0000 - 0x00007ffb3807e000 	C:\WINDOWS\System32\msvcrt.dll
0x00007ffb37dd0000 - 0x00007ffb37e6e000 	C:\WINDOWS\System32\sechost.dll
0x00007ffb380a0000 - 0x00007ffb381c2000 	C:\WINDOWS\System32\RPCRT4.dll
0x00007ffb375d0000 - 0x00007ffb37767000 	C:\WINDOWS\System32\USER32.dll
0x00007ffb36420000 - 0x00007ffb36440000 	C:\WINDOWS\System32\win32u.dll
0x00007ffb37ab0000 - 0x00007ffb37ad9000 	C:\WINDOWS\System32\GDI32.dll
0x00007ffb35df0000 - 0x00007ffb35f89000 	C:\WINDOWS\System32\gdi32full.dll
0x00007ffb36380000 - 0x00007ffb36420000 	C:\WINDOWS\System32\msvcp_win.dll
0x00007ffb36250000 - 0x00007ffb3634a000 	C:\WINDOWS\System32\ucrtbase.dll
0x00007ffb2a160000 - 0x00007ffb2a3d9000 	C:\WINDOWS\WinSxS\amd64_microsoft.windows.common-controls_6595b64144ccf1df_6.0.17763.864_none_05b3441807210760\COMCTL32.dll
0x00007ffb37780000 - 0x00007ffb37aac000 	C:\WINDOWS\System32\combase.dll
0x00007ffb35f90000 - 0x00007ffb3600e000 	C:\WINDOWS\System32\bcryptPrimitives.dll
0x00007ffb37ee0000 - 0x00007ffb37f0e000 	C:\WINDOWS\System32\IMM32.DLL
0x0000000074750000 - 0x0000000074822000 	C:\Program Files\Java\jdk1.8.0_181\jre\bin\msvcr100.dll
0x0000000073ea0000 - 0x0000000074742000 	C:\Program Files\Java\jdk1.8.0_181\jre\bin\server\jvm.dll
0x00007ffb37770000 - 0x00007ffb37778000 	C:\WINDOWS\System32\PSAPI.DLL
0x00007ffb21540000 - 0x00007ffb21549000 	C:\WINDOWS\SYSTEM32\WSOCK32.dll
0x00007ffb37e70000 - 0x00007ffb37edd000 	C:\WINDOWS\System32\WS2_32.dll
0x00007ffb2ffb0000 - 0x00007ffb2ffba000 	C:\WINDOWS\SYSTEM32\VERSION.dll
0x00007ffb33950000 - 0x00007ffb33974000 	C:\WINDOWS\SYSTEM32\WINMM.dll
0x00007ffb33920000 - 0x00007ffb3394d000 	C:\WINDOWS\SYSTEM32\winmmbase.dll
0x00007ffb36f00000 - 0x00007ffb36f4a000 	C:\WINDOWS\System32\cfgmgr32.dll
0x0000000073e90000 - 0x0000000073e9f000 	C:\Program Files\Java\jdk1.8.0_181\jre\bin\verify.dll
0x0000000073e60000 - 0x0000000073e89000 	C:\Program Files\Java\jdk1.8.0_181\jre\bin\java.dll
0x0000000073db0000 - 0x0000000073de5000 	C:\Program Files\Java\jdk1.8.0_181\jre\bin\jdwp.dll
0x0000000073da0000 - 0x0000000073da8000 	C:\Program Files\Java\jdk1.8.0_181\jre\bin\npt.dll
0x0000000073d70000 - 0x0000000073d93000 	C:\Program Files\Java\jdk1.8.0_181\jre\bin\instrument.dll
0x0000000073e40000 - 0x0000000073e56000 	C:\Program Files\Java\jdk1.8.0_181\jre\bin\zip.dll
0x00007ffb38800000 - 0x00007ffb39cf4000 	C:\WINDOWS\System32\SHELL32.dll
0x00007ffb37280000 - 0x00007ffb37328000 	C:\WINDOWS\System32\shcore.dll
0x00007ffb367b0000 - 0x00007ffb36efd000 	C:\WINDOWS\System32\windows.storage.dll
0x00007ffb35d20000 - 0x00007ffb35d44000 	C:\WINDOWS\System32\profapi.dll
0x00007ffb35d70000 - 0x00007ffb35dcd000 	C:\WINDOWS\System32\powrprof.dll
0x00007ffb37d60000 - 0x00007ffb37db2000 	C:\WINDOWS\System32\shlwapi.dll
0x00007ffb35d50000 - 0x00007ffb35d61000 	C:\WINDOWS\System32\kernel.appcore.dll
0x00007ffb36790000 - 0x00007ffb367a7000 	C:\WINDOWS\System32\cryptsp.dll
0x0000000073d60000 - 0x0000000073d69000 	C:\Program Files\Java\jdk1.8.0_181\jre\bin\dt_socket.dll
0x00007ffb35590000 - 0x00007ffb355f7000 	C:\WINDOWS\system32\mswsock.dll
0x0000000073e20000 - 0x0000000073e3a000 	C:\Program Files\Java\jdk1.8.0_181\jre\bin\net.dll
0x0000000073e00000 - 0x0000000073e11000 	C:\Program Files\Java\jdk1.8.0_181\jre\bin\nio.dll
0x00007ffb1d300000 - 0x00007ffb1d364000 	C:\Users\LHK1337\AppData\Local\Temp\lwjglLHK1337\3.2.3-build-13\lwjgl.dll
0x00007ffafddf0000 - 0x00007ffafe043000 	C:\Users\LHK1337\AppData\Local\Temp\lwjglLHK1337\3.2.3-build-13\jemalloc.dll
0x00007ffb1d290000 - 0x00007ffb1d2f2000 	C:\Users\LHK1337\AppData\Local\Temp\lwjglLHK1337\3.2.3-build-13\glfw.dll
0x00007ffb33d20000 - 0x00007ffb33dbc000 	C:\WINDOWS\system32\uxtheme.dll
0x00007ffb1c000000 - 0x00007ffb1c044000 	C:\WINDOWS\SYSTEM32\dinput8.dll
0x00007ffb33ab0000 - 0x00007ffb33ac1000 	C:\WINDOWS\SYSTEM32\xinput1_4.dll
0x00007ffb35b50000 - 0x00007ffb35b79000 	C:\WINDOWS\SYSTEM32\DEVOBJ.dll
0x00007ffb33fa0000 - 0x00007ffb33fce000 	C:\WINDOWS\SYSTEM32\dwmapi.dll
0x00007ffb36010000 - 0x00007ffb361eb000 	C:\WINDOWS\System32\CRYPT32.dll
0x00007ffb35dd0000 - 0x00007ffb35de2000 	C:\WINDOWS\System32\MSASN1.dll
0x00007ffb28cf0000 - 0x00007ffb28dbc000 	C:\WINDOWS\SYSTEM32\inputhost.dll
0x00007ffb33830000 - 0x00007ffb33912000 	C:\WINDOWS\SYSTEM32\CoreMessaging.dll
0x00007ffb33fd0000 - 0x00007ffb341dd000 	C:\WINDOWS\SYSTEM32\twinapi.appcore.dll
0x00007ffb30e70000 - 0x00007ffb31192000 	C:\WINDOWS\SYSTEM32\CoreUIComponents.dll
0x00007ffb32d40000 - 0x00007ffb332fe000 	C:\WINDOWS\SYSTEM32\d2d1.dll
0x00007ffb32ac0000 - 0x00007ffb32d3e000 	C:\WINDOWS\SYSTEM32\d3d11.dll
0x00007ffb31f60000 - 0x00007ffb32109000 	C:\WINDOWS\SYSTEM32\PROPSYS.dll
0x00007ffb37f10000 - 0x00007ffb37fd4000 	C:\WINDOWS\System32\OLEAUT32.dll
0x00007ffb341e0000 - 0x00007ffb34208000 	C:\WINDOWS\SYSTEM32\RMCLIENT.dll
0x00007ffb30a80000 - 0x00007ffb30bd3000 	C:\WINDOWS\SYSTEM32\wintypes.dll
0x00007ffb34d70000 - 0x00007ffb34da1000 	C:\WINDOWS\SYSTEM32\ntmarta.dll
0x00007ffb34a30000 - 0x00007ffb34af2000 	C:\WINDOWS\SYSTEM32\dxgi.dll
0x00007ffb37030000 - 0x00007ffb3719c000 	C:\WINDOWS\System32\MSCTF.dll
0x00007ffb349a0000 - 0x00007ffb349ae000 	C:\WINDOWS\SYSTEM32\HID.DLL
0x00007ffb381d0000 - 0x00007ffb38646000 	C:\WINDOWS\System32\SETUPAPI.DLL
0x00007ffb36350000 - 0x00007ffb36376000 	C:\WINDOWS\System32\bcrypt.dll
0x00007ffb361f0000 - 0x00007ffb36249000 	C:\WINDOWS\System32\WINTRUST.dll
0x00007ffb00500000 - 0x00007ffb00627000 	C:\WINDOWS\SYSTEM32\opengl32.dll
0x00007ffb02780000 - 0x00007ffb027ac000 	C:\WINDOWS\SYSTEM32\GLU32.dll
0x00007ffae5170000 - 0x00007ffae7840000 	C:\WINDOWS\System32\DriverStore\FileRepository\nvgbdi.inf_amd64_2eb6819f212af614\nvoglv64.dll
0x00007ffb37c00000 - 0x00007ffb37d55000 	C:\WINDOWS\System32\ole32.dll
0x00007ffb32220000 - 0x00007ffb32233000 	C:\WINDOWS\SYSTEM32\WTSAPI32.dll
0x00007ffafd1e0000 - 0x00007ffafd4a2000 	C:\WINDOWS\system32\nvspcap64.dll
0x00007ffb34e10000 - 0x00007ffb34e68000 	C:\WINDOWS\SYSTEM32\WINSTA.dll
0x00007ffb28dc0000 - 0x00007ffb28e55000 	C:\WINDOWS\System32\TextInputFramework.dll
0x00007ffb1b3f0000 - 0x00007ffb1b449000 	C:\Users\LHK1337\AppData\Local\Temp\lwjglLHK1337\3.2.3-build-13\lwjgl_opengl.dll
0x00007ffb212c0000 - 0x00007ffb214ad000 	C:\WINDOWS\SYSTEM32\dbghelp.dll

VM Arguments:
jvm_args: -agentlib:jdwp=transport=dt_socket,address=127.0.0.1:54584,suspend=y,server=n -javaagent:C:\Users\LHK1337\AppData\Local\JetBrains\Toolbox\apps\IDEA-U\ch-0\192.7142.36\plugins\java\lib\rt\debugger-agent.jar -Dfile.encoding=UTF-8 
java_command: SkyNetJR.Main.Main
java_class_path (initial): C:\Program Files\Java\jdk1.8.0_181\jre\lib\charsets.jar;C:\Program Files\Java\jdk1.8.0_181\jre\lib\deploy.jar;C:\Program Files\Java\jdk1.8.0_181\jre\lib\ext\access-bridge-64.jar;C:\Program Files\Java\jdk1.8.0_181\jre\lib\ext\cldrdata.jar;C:\Program Files\Java\jdk1.8.0_181\jre\lib\ext\dnsns.jar;C:\Program Files\Java\jdk1.8.0_181\jre\lib\ext\jaccess.jar;C:\Program Files\Java\jdk1.8.0_181\jre\lib\ext\jfxrt.jar;C:\Program Files\Java\jdk1.8.0_181\jre\lib\ext\localedata.jar;C:\Program Files\Java\jdk1.8.0_181\jre\lib\ext\nashorn.jar;C:\Program Files\Java\jdk1.8.0_181\jre\lib\ext\sunec.jar;C:\Program Files\Java\jdk1.8.0_181\jre\lib\ext\sunjce_provider.jar;C:\Program Files\Java\jdk1.8.0_181\jre\lib\ext\sunmscapi.jar;C:\Program Files\Java\jdk1.8.0_181\jre\lib\ext\sunpkcs11.jar;C:\Program Files\Java\jdk1.8.0_181\jre\lib\ext\zipfs.jar;C:\Program Files\Java\jdk1.8.0_181\jre\lib\javaws.jar;C:\Program Files\Java\jdk1.8.0_181\jre\lib\jce.jar;C:\Program Files\Java\jdk1.8.0_181\jre\lib\jfr.jar;C:\Program Files\Java\jdk1.8.0_181\jre\lib\jfxswt.jar;C:\Program Files\Java\jdk1.8.0_181\jre\lib\jsse.jar;C:\Program Files\Java\jdk1.8.0_181\jre\lib\management-agent.jar;C:\Program Files\Java\jdk1.8.0_181\jre\lib\plugin.jar;C:\Program Files\Java\jdk1.8.0_181\jre\lib\resources.jar;C:\Program Files\Java\jdk1.8.0_181\jre\lib\rt.jar;E:\Java\SkyNetJR\out\production\SkyNetJR;E:\Java\lwjgl-3.2.3\lwjgl.jar;E:\Java\lwjgl-3.2.3\lwjgl-egl.jar;E:\Java\lwjgl-3.2.3\lwjgl-lz4.jar;E:\Java\lwjgl-3.2.3\lwjgl-nfd.jar;E:\Java\lwjgl-3.2.3\lwjgl-ovr.jar;E:\Java\lwjgl-3.2.3\lwjgl-par.jar;E:\Java\lwjgl-3.2.3\lwjgl-sse.jar;E:\Java\lwjgl-3.2.3\lwjgl-stb.jar;E:\Java\lwjgl-3.2.3\lwjgl-vma.jar;E:\Java\lwjgl-3.2.3\lwjgl-bgfx.jar;E:\Java\lwjgl-3.2.3\lwjgl-cuda.jar;E:\Java\lwjgl-3.2.3\lwjgl-glfw.jar;E:\Java\lwjgl-3.2.3\lwjgl-jawt.jar;E:\Java\lwjgl-3.2.3\lwjgl-llvm.jar;E:\Java\lwjgl-3.2.3\lwjgl-lmdb.jar;E:\Java\lwjgl-3.2.3\lwjgl-meow.jar;E:\Java\lwjgl-3.2.3\lwjgl-odbc.jar;E:\Java\lwjgl-3.2.3\lwjgl-
Launcher Type: SUN_STANDARD

Environment Variables:
JAVA_HOME=C:\Program Files (x86)\Java\jdk1.8.0_181
CLASSPATH=C:\Program Files (x86)\Oracle\Berkeley DB 4.8.30\jar\dbexamples.jar;C:\Program Files (x86)\Oracle\Berkeley DB 4.8.30\jar\db.jar;C:\Program Files (x86)\Oracle\Berkeley DB 4.8.30\jar\debug\dbexamples.jar;C:\Program Files (x86)\Oracle\Berkeley DB 4.8.30\jar\debug\db.jar
PATH=C:\Program Files (x86)\Common Files\Oracle\Java\javapath;C:\Program Files (x86)\Common Files\Intel\Shared Libraries\redist\intel64\compiler;C:\Program Files (x86)\Razer Chroma SDK\bin;C:\Program Files\Razer Chroma SDK\bin;C:\Windows\system32;C:\Windows;C:\Windows\System32\Wbem;C:\Windows\System32\WindowsPowerShell\v1.0\;C:\Windows\System32\OpenSSH\;C:\Program Files\dotnet\;C:\Program Files (x86)\NVIDIA Corporation\PhysX\Common;C:\Program Files\Microsoft SQL Server\130\Tools\Binn\;C:\Program Files\Git\cmd;C:\Windows\system32\config\systemprofile\AppData\Local\Microsoft\WindowsApps;C:\Program Files\NVIDIA Corporation\NVIDIA NvDLISR;C:\WINDOWS\system32;C:\WINDOWS;C:\WINDOWS\System32\Wbem;C:\WINDOWS\System32\WindowsPowerShell\v1.0\;C:\WINDOWS\System32\OpenSSH\;C:\Program Files\Microsoft SQL Server\Client SDK\ODBC\170\Tools\Binn\;C:\Program Files\Microsoft VS Code\bin;C:\Program Files (x86)\Oracle\Berkeley DB 4.8.30\bin;C:\Program Files (x86)\Oracle\Berkeley DB 4.8.30\bin\debug;C:\Users\LHK1337\AppData\Local\Microsoft\WindowsApps;C:\Users\LHK1337\.dotnet\tools
USERNAME=LHK1337
OS=Windows_NT
PROCESSOR_IDENTIFIER=Intel64 Family 6 Model 94 Stepping 3, GenuineIntel



---------------  S Y S T E M  ---------------

OS: Windows 10.0 , 64 bit Build 17763 (10.0.17763.475)

CPU:total 8 (initial active 8) (4 cores per cpu, 2 threads per core) family 6 model 94 stepping 3, cmov, cx8, fxsr, mmx, sse, sse2, sse3, ssse3, sse4.1, sse4.2, popcnt, avx, avx2, aes, clmul, erms, rtm, 3dnowpref, lzcnt, ht, tsc, tscinvbit, bmi1, bmi2, adx

Memory: 4k page, physical 33497572k(24271252k free), swap 38478308k(25335312k free)

vm_info: Java HotSpot(TM) 64-Bit Server VM (25.181-b13) for windows-amd64 JRE (1.8.0_181-b13), built on Jul  7 2018 04:01:33 by "java_re" with MS VC++ 10.0 (VS2010)

time: Fri Nov 22 18:56:41 2019
elapsed time: 8 seconds (0d 0h 0m 8s)

