#
# A fatal error has been detected by the Java Runtime Environment:
#
#  EXCEPTION_ACCESS_VIOLATION (0xc0000005) at pc=0x00007ffb1d296490, pid=10392, tid=0x0000000000002594
#
# JRE version: Java(TM) SE Runtime Environment (8.0_181-b13) (build 1.8.0_181-b13)
# Java VM: Java HotSpot(TM) 64-Bit Server VM (25.181-b13 mixed mode windows-amd64 compressed oops)
# Problematic frame:
# C  [glfw.dll+0x6490]
#
# Failed to write core dump. Minidumps are not enabled by default on client versions of Windows
#
# If you would like to submit a bug report, please visit:
#   http://bugreport.java.com/bugreport/crash.jsp
# The crash happened outside the Java Virtual Machine in native code.
# See problematic frame for where to report the bug.
#

---------------  T H R E A D  ---------------

Current thread (0x0000000029268000):  JavaThread "CleanUpThread" [_thread_in_native, id=9620, stack(0x0000000034e50000,0x0000000034f50000)]

siginfo: ExceptionCode=0xc0000005, reading address 0x0000000000000000

Registers:
RAX=0x0000000000000000, RBX=0x0000000000f96f10, RCX=0x0000000000000000, RDX=0x00007ffb1d2e7ee0
RSP=0x0000000034f4f280, RBP=0x0000000034f4f310, RSI=0x0000000000000108, RDI=0x0000000002fc7f10
R8 =0x0000000000f96f10, R9 =0x00007ffb1d2963e0, R10=0x00007ffb1d301b10, R11=0x0000000003547d58
R12=0x0000000000000000, R13=0x0000000034f4f330, R14=0x0000000034f4f300, R15=0x0000000029268000
RIP=0x00007ffb1d296490, EFLAGS=0x0000000000010287

Top of Stack: (sp=0x0000000034f4f280)
0x0000000034f4f280:   0000000000f96f10 0000000073fdc910
0x0000000034f4f290:   00000007c0000d48 0000000034f4f298
0x0000000034f4f2a0:   0000000025bdc100 0000000003547e0a
0x0000000034f4f2b0:   0000000025c06d38 0000000000000000
0x0000000034f4f2c0:   0000000025bd6df8 0000000000000000
0x0000000034f4f2d0:   0000000034f4f2f8 0000000034f4f368
0x0000000034f4f2e0:   0000000002fc7f10 00000005c0c08010
0x0000000034f4f2f0:   0000000002fd7a57 00007ffb1d293ea0
0x0000000034f4f300:   00000005c0c08010 0000000000000000
0x0000000034f4f310:   0000000034f4f390 0000000002fc83fd
0x0000000034f4f320:   0000000000000011 0000000002fc83fd
0x0000000034f4f330:   00007ffb1d2963e0 0000000034f4f3b8
0x0000000034f4f340:   0000000000f96f10 0000000000000000
0x0000000034f4f350:   0000000034f4f350 0000000025c123d6
0x0000000034f4f360:   0000000034f4f3b8 0000000025c1e140
0x0000000034f4f370:   0000000000000000 0000000025c12408 

Instructions: (pc=0x00007ffb1d296490)
0x00007ffb1d296470:   48 8b 0d 69 1a 05 00 48 8d 15 62 1a 05 00 48 3b
0x00007ffb1d296480:   cb 74 1b 0f 1f 40 00 66 0f 1f 84 00 00 00 00 00
0x00007ffb1d296490:   48 8b 01 48 8b d1 48 8b c8 48 3b c3 75 f2 48 8b
0x00007ffb1d2964a0:   03 48 8b cb 48 89 02 48 83 c4 20 5b e9 97 27 01 


Register to memory mapping:

RAX=0x0000000000000000 is an unknown value
RBX=0x0000000000f96f10 is an unknown value
RCX=0x0000000000000000 is an unknown value
RDX=0x00007ffb1d2e7ee0 is an unknown value
RSP=0x0000000034f4f280 is pointing into the stack for thread: 0x0000000029268000
RBP=0x0000000034f4f310 is pointing into the stack for thread: 0x0000000029268000
RSI=0x0000000000000108 is an unknown value
RDI=0x0000000002fc7f10 is at code_begin+1040 in an Interpreter codelet
invoke return entry points  [0x0000000002fc7b00, 0x0000000002fc84e0]  2528 bytes
R8 =0x0000000000f96f10 is an unknown value
R9 =0x00007ffb1d2963e0 is an unknown value
R10=0x00007ffb1d301b10 is an unknown value
R11=0x0000000003547d58 is at entry_point+24 in (nmethod*)0x0000000003547bd0
R12=0x0000000000000000 is an unknown value
R13=0x0000000034f4f330 is pointing into the stack for thread: 0x0000000029268000
R14=0x0000000034f4f300 is pointing into the stack for thread: 0x0000000029268000
R15=0x0000000029268000 is a thread


Stack: [0x0000000034e50000,0x0000000034f50000],  sp=0x0000000034f4f280,  free space=1020k
Native frames: (J=compiled Java code, j=interpreted, Vv=VM code, C=native code)
C  [glfw.dll+0x6490]
C  0x0000000003547e0a

Java frames: (J=compiled Java code, j=interpreted, Vv=VM code)
J 1202  org.lwjgl.system.JNI.invokePV(JJ)V (0 bytes) @ 0x0000000003547d84 [0x0000000003547d40+0x44]
j  org.lwjgl.glfw.GLFW.glfwDestroyWindow(J)V+6
j  SkyNetJR.Graphics.GLFWWindowManager.WindowManager.DestroyWindow(J)V+5
j  SkyNetJR.Threading.WindowThread.Destroy()V+8
j  SkyNetJR.Graphics.Rendering.View.Destroy()V+4
j  SkyNetJR.Threading.WindowThread.lambda$run$1()V+12
j  SkyNetJR.Threading.WindowThread$$Lambda$20.run()V+4
j  java.lang.Thread.run()V+11
v  ~StubRoutines::call_stub

---------------  P R O C E S S  ---------------

Java Threads: ( => current thread )
=>0x0000000029268000 JavaThread "CleanUpThread" [_thread_in_native, id=9620, stack(0x0000000034e50000,0x0000000034f50000)]
  0x0000000029261000 JavaThread "pool-1-thread-24" [_thread_in_native, id=7132, stack(0x000000002dc60000,0x000000002dd60000)]
  0x0000000029260800 JavaThread "pool-1-thread-23" [_thread_blocked, id=5624, stack(0x000000002db60000,0x000000002dc60000)]
  0x0000000029266800 JavaThread "pool-1-thread-22" [_thread_blocked, id=7876, stack(0x000000002da60000,0x000000002db60000)]
  0x0000000029265800 JavaThread "pool-1-thread-21" [_thread_blocked, id=13164, stack(0x000000002d960000,0x000000002da60000)]
  0x0000000029263800 JavaThread "pool-1-thread-20" [_thread_blocked, id=1064, stack(0x000000002d860000,0x000000002d960000)]
  0x0000000029264000 JavaThread "pool-1-thread-19" [_thread_blocked, id=10856, stack(0x000000002d760000,0x000000002d860000)]
  0x0000000029267000 JavaThread "pool-1-thread-18" [_thread_blocked, id=8072, stack(0x000000002d660000,0x000000002d760000)]
  0x000000002a1fe800 JavaThread "pool-1-thread-17" [_thread_blocked, id=6552, stack(0x000000002d560000,0x000000002d660000)]
  0x000000002a1fd800 JavaThread "pool-1-thread-16" [_thread_blocked, id=8772, stack(0x000000002d460000,0x000000002d560000)]
  0x000000002a1fc000 JavaThread "pool-1-thread-15" [_thread_blocked, id=15504, stack(0x000000002d360000,0x000000002d460000)]
  0x000000002a1fb800 JavaThread "pool-1-thread-14" [_thread_blocked, id=14052, stack(0x000000002d260000,0x000000002d360000)]
  0x000000002a1fa800 JavaThread "pool-1-thread-13" [_thread_blocked, id=6460, stack(0x000000002d160000,0x000000002d260000)]
  0x000000002a1f8800 JavaThread "pool-1-thread-12" [_thread_blocked, id=15384, stack(0x000000002d060000,0x000000002d160000)]
  0x000000002a1fa000 JavaThread "pool-1-thread-11" [_thread_blocked, id=3276, stack(0x000000002cf60000,0x000000002d060000)]
  0x000000002a1ff000 JavaThread "pool-1-thread-10" [_thread_blocked, id=13472, stack(0x000000002ce60000,0x000000002cf60000)]
  0x000000002a1fd000 JavaThread "pool-1-thread-9" [_thread_blocked, id=14000, stack(0x000000002cd60000,0x000000002ce60000)]
  0x000000002a1f9000 JavaThread "pool-1-thread-8" [_thread_blocked, id=13080, stack(0x000000002cc60000,0x000000002cd60000)]
  0x000000002a234000 JavaThread "pool-1-thread-7" [_thread_blocked, id=7400, stack(0x000000002cb60000,0x000000002cc60000)]
  0x000000002a233800 JavaThread "pool-1-thread-6" [_thread_blocked, id=140, stack(0x000000002ca60000,0x000000002cb60000)]
  0x000000002a27e800 JavaThread "pool-1-thread-5" [_thread_blocked, id=14912, stack(0x000000002c960000,0x000000002ca60000)]
  0x000000002a27d800 JavaThread "pool-1-thread-4" [_thread_in_Java, id=13084, stack(0x000000002c860000,0x000000002c960000)]
  0x000000002a27d000 JavaThread "pool-1-thread-3" [_thread_blocked, id=1180, stack(0x000000002c760000,0x000000002c860000)]
  0x000000002a561000 JavaThread "pool-1-thread-2" [_thread_blocked, id=3304, stack(0x000000002c660000,0x000000002c760000)]
  0x000000002a560000 JavaThread "pool-1-thread-1" [_thread_blocked, id=14264, stack(0x000000002c560000,0x000000002c660000)]
  0x000000002a46a800 JavaThread "SkyNetJR.MainSimulationThread" [_thread_blocked, id=7772, stack(0x000000002bf20000,0x000000002c020000)]
  0x0000000028d2d800 JavaThread "Service Thread" daemon [_thread_blocked, id=7644, stack(0x00000000296a0000,0x00000000297a0000)]
  0x0000000028ca2000 JavaThread "C1 CompilerThread3" daemon [_thread_blocked, id=9200, stack(0x00000000295a0000,0x00000000296a0000)]
  0x0000000028c9d800 JavaThread "C2 CompilerThread2" daemon [_thread_blocked, id=4584, stack(0x00000000294a0000,0x00000000295a0000)]
  0x0000000028c82800 JavaThread "C2 CompilerThread1" daemon [_thread_blocked, id=1652, stack(0x00000000293a0000,0x00000000294a0000)]
  0x0000000028c81800 JavaThread "C2 CompilerThread0" daemon [_thread_blocked, id=1248, stack(0x00000000292a0000,0x00000000293a0000)]
  0x0000000027fbc800 JavaThread "JDWP Command Reader" daemon [_thread_in_native, id=4344, stack(0x00000000289a0000,0x0000000028aa0000)]
  0x0000000027fb7800 JavaThread "JDWP Event Helper Thread" daemon [_thread_blocked, id=7896, stack(0x00000000288a0000,0x00000000289a0000)]
  0x0000000027fa9000 JavaThread "JDWP Transport Listener: dt_socket" daemon [_thread_blocked, id=7348, stack(0x00000000287a0000,0x00000000288a0000)]
  0x0000000027f9f000 JavaThread "Attach Listener" daemon [_thread_blocked, id=1912, stack(0x00000000286a0000,0x00000000287a0000)]
  0x0000000027f9e000 JavaThread "Signal Dispatcher" daemon [_thread_blocked, id=10872, stack(0x00000000285a0000,0x00000000286a0000)]
  0x0000000027f90800 JavaThread "Finalizer" daemon [_thread_blocked, id=11016, stack(0x0000000028370000,0x0000000028470000)]
  0x0000000002fbd000 JavaThread "Reference Handler" daemon [_thread_blocked, id=1040, stack(0x0000000027e70000,0x0000000027f70000)]
  0x0000000002ec7000 JavaThread "MainThread" [_thread_blocked, id=2060, stack(0x0000000002b90000,0x0000000002c90000)]

Other Threads:
  0x0000000026059000 VMThread [stack: 0x0000000027d70000,0x0000000027e70000] [id=15840]
  0x0000000028dbd800 WatcherThread [stack: 0x00000000297a0000,0x00000000298a0000] [id=5520]

VM state:not at safepoint (normal execution)

VM Mutex/Monitor currently owned by a thread: None

Heap:
 PSYoungGen      total 1733120K, used 1341470K [0x0000000715980000, 0x000000078ac80000, 0x00000007c0000000)
  eden space 1633792K, 76% used [0x0000000715980000,0x000000076168faa8,0x0000000779500000)
  from space 99328K, 99% used [0x0000000781280000,0x0000000787378010,0x0000000787380000)
  to   space 128512K, 0% used [0x0000000779500000,0x0000000779500000,0x0000000781280000)
 ParOldGen       total 349696K, used 175336K [0x00000005c0c00000, 0x00000005d6180000, 0x0000000715980000)
  object space 349696K, 50% used [0x00000005c0c00000,0x00000005cb73a390,0x00000005d6180000)
 Metaspace       used 10651K, capacity 10975K, committed 11264K, reserved 1058816K
  class space    used 876K, capacity 982K, committed 1024K, reserved 1048576K

Card table byte_map: [0x0000000012380000,0x0000000013380000] byte_map_base: 0x000000000f57a000

Marking Bits: (ParMarkBitMap*) 0x00000000746c2d00
 Begin Bits: [0x0000000014630000, 0x000000001c600000)
 End Bits:   [0x000000001c600000, 0x00000000245d0000)

Polling page: 0x0000000002c90000

CodeCache: size=245760Kb used=5948Kb max_used=5972Kb free=239811Kb
 bounds [0x0000000002fc0000, 0x00000000035a0000, 0x0000000011fc0000]
 total_blobs=2161 nmethods=1228 adapters=854
 compilation: enabled

Compilation events (10 events):
Event: 14.106 Thread 0x0000000028c81800 1225       4       SkyNetJR.Creatures.Creature::SetDefaults (182 bytes)
Event: 14.106 Thread 0x0000000028c82800 1226       4       SkyNetJR.AI.NeuralNetwork::<init> (97 bytes)
Event: 14.111 Thread 0x0000000028c82800 nmethod 1226 0x000000000357a510 code [0x000000000357a6c0, 0x000000000357ac98]
Event: 14.120 Thread 0x0000000028c81800 nmethod 1225 0x0000000003577550 code [0x0000000003577780, 0x0000000003578378]
Event: 14.189 Thread 0x0000000028c82800 1227       4       SkyNetJR.Creatures.Feeler::<init> (190 bytes)
Event: 14.194 Thread 0x0000000028c82800 nmethod 1227 0x0000000003576910 code [0x0000000003576ae0, 0x0000000003577258]
Event: 14.297 Thread 0x0000000028c9d800 nmethod 1224 0x00000000035875d0 code [0x0000000003587ce0, 0x0000000003591a00]
Event: 14.325 Thread 0x0000000028c81800 1228       4       SkyNetJR.Creatures.Creature::MutateBrain (66 bytes)
Event: 14.352 Thread 0x0000000028c82800 1229       4       java.lang.invoke.DirectMethodHandle::internalMemberName (8 bytes)
Event: 14.353 Thread 0x0000000028c82800 nmethod 1229 0x0000000003535650 code [0x0000000003535780, 0x00000000035357f8]

GC Heap History (10 events):
Event: 5.221 GC heap before
{Heap before GC invocations=6 (full 0):
 PSYoungGen      total 284672K, used 282081K [0x0000000715980000, 0x0000000738580000, 0x00000007c0000000)
  eden space 263168K, 100% used [0x0000000715980000,0x0000000725a80000,0x0000000725a80000)
  from space 21504K, 87% used [0x0000000725a80000,0x0000000726cf86f0,0x0000000726f80000)
  to   space 21504K, 0% used [0x0000000737080000,0x0000000737080000,0x0000000738580000)
 ParOldGen       total 349696K, used 48K [0x00000005c0c00000, 0x00000005d6180000, 0x0000000715980000)
  object space 349696K, 0% used [0x00000005c0c00000,0x00000005c0c0c000,0x00000005d6180000)
 Metaspace       used 10591K, capacity 10905K, committed 11008K, reserved 1058816K
  class space    used 873K, capacity 981K, committed 1024K, reserved 1048576K
Event: 5.229 GC heap after
Heap after GC invocations=6 (full 0):
 PSYoungGen      total 546816K, used 19057K [0x0000000715980000, 0x0000000738480000, 0x00000007c0000000)
  eden space 526336K, 0% used [0x0000000715980000,0x0000000715980000,0x0000000735b80000)
  from space 20480K, 93% used [0x0000000737080000,0x000000073831c700,0x0000000738480000)
  to   space 20992K, 0% used [0x0000000735b80000,0x0000000735b80000,0x0000000737000000)
 ParOldGen       total 349696K, used 48K [0x00000005c0c00000, 0x00000005d6180000, 0x0000000715980000)
  object space 349696K, 0% used [0x00000005c0c00000,0x00000005c0c0c000,0x00000005d6180000)
 Metaspace       used 10591K, capacity 10905K, committed 11008K, reserved 1058816K
  class space    used 873K, capacity 981K, committed 1024K, reserved 1048576K
}
Event: 6.851 GC heap before
{Heap before GC invocations=7 (full 0):
 PSYoungGen      total 546816K, used 545393K [0x0000000715980000, 0x0000000738480000, 0x00000007c0000000)
  eden space 526336K, 100% used [0x0000000715980000,0x0000000735b80000,0x0000000735b80000)
  from space 20480K, 93% used [0x0000000737080000,0x000000073831c700,0x0000000738480000)
  to   space 20992K, 0% used [0x0000000735b80000,0x0000000735b80000,0x0000000737000000)
 ParOldGen       total 349696K, used 48K [0x00000005c0c00000, 0x00000005d6180000, 0x0000000715980000)
  object space 349696K, 0% used [0x00000005c0c00000,0x00000005c0c0c000,0x00000005d6180000)
 Metaspace       used 10618K, capacity 10905K, committed 11008K, reserved 1058816K
  class space    used 874K, capacity 981K, committed 1024K, reserved 1048576K
Event: 6.885 GC heap after
Heap after GC invocations=7 (full 0):
 PSYoungGen      total 547328K, used 20960K [0x0000000715980000, 0x000000075bc80000, 0x00000007c0000000)
  eden space 526336K, 0% used [0x0000000715980000,0x0000000715980000,0x0000000735b80000)
  from space 20992K, 99% used [0x0000000735b80000,0x0000000736ff8010,0x0000000737000000)
  to   space 48640K, 0% used [0x0000000758d00000,0x0000000758d00000,0x000000075bc80000)
 ParOldGen       total 349696K, used 53232K [0x00000005c0c00000, 0x00000005d6180000, 0x0000000715980000)
  object space 349696K, 15% used [0x00000005c0c00000,0x00000005c3ffc390,0x00000005d6180000)
 Metaspace       used 10618K, capacity 10905K, committed 11008K, reserved 1058816K
  class space    used 874K, capacity 981K, committed 1024K, reserved 1048576K
}
Event: 7.862 GC heap before
{Heap before GC invocations=8 (full 0):
 PSYoungGen      total 547328K, used 547296K [0x0000000715980000, 0x000000075bc80000, 0x00000007c0000000)
  eden space 526336K, 100% used [0x0000000715980000,0x0000000735b80000,0x0000000735b80000)
  from space 20992K, 99% used [0x0000000735b80000,0x0000000736ff8010,0x0000000737000000)
  to   space 48640K, 0% used [0x0000000758d00000,0x0000000758d00000,0x000000075bc80000)
 ParOldGen       total 349696K, used 53232K [0x00000005c0c00000, 0x00000005d6180000, 0x0000000715980000)
  object space 349696K, 15% used [0x00000005c0c00000,0x00000005c3ffc390,0x00000005d6180000)
 Metaspace       used 10624K, capacity 10905K, committed 11008K, reserved 1058816K
  class space    used 874K, capacity 981K, committed 1024K, reserved 1048576K
Event: 7.899 GC heap after
Heap after GC invocations=8 (full 0):
 PSYoungGen      total 1088000K, used 48608K [0x0000000715980000, 0x000000075d680000, 0x00000007c0000000)
  eden space 1039360K, 0% used [0x0000000715980000,0x0000000715980000,0x0000000755080000)
  from space 48640K, 99% used [0x0000000758d00000,0x000000075bc78010,0x000000075bc80000)
  to   space 61952K, 0% used [0x0000000755080000,0x0000000755080000,0x0000000758d00000)
 ParOldGen       total 349696K, used 67296K [0x00000005c0c00000, 0x00000005d6180000, 0x0000000715980000)
  object space 349696K, 19% used [0x00000005c0c00000,0x00000005c4db8390,0x00000005d6180000)
 Metaspace       used 10624K, capacity 10905K, committed 11008K, reserved 1058816K
  class space    used 874K, capacity 981K, committed 1024K, reserved 1048576K
}
Event: 9.956 GC heap before
{Heap before GC invocations=9 (full 0):
 PSYoungGen      total 1088000K, used 1087968K [0x0000000715980000, 0x000000075d680000, 0x00000007c0000000)
  eden space 1039360K, 100% used [0x0000000715980000,0x0000000755080000,0x0000000755080000)
  from space 48640K, 99% used [0x0000000758d00000,0x000000075bc78010,0x000000075bc80000)
  to   space 61952K, 0% used [0x0000000755080000,0x0000000755080000,0x0000000758d00000)
 ParOldGen       total 349696K, used 67296K [0x00000005c0c00000, 0x00000005d6180000, 0x0000000715980000)
  object space 349696K, 19% used [0x00000005c0c00000,0x00000005c4db8390,0x00000005d6180000)
 Metaspace       used 10626K, capacity 10969K, committed 11264K, reserved 1058816K
  class space    used 874K, capacity 981K, committed 1024K, reserved 1048576K
Event: 10.025 GC heap after
Heap after GC invocations=9 (full 0):
 PSYoungGen      total 1101312K, used 61920K [0x0000000715980000, 0x0000000787380000, 0x00000007c0000000)
  eden space 1039360K, 0% used [0x0000000715980000,0x0000000715980000,0x0000000755080000)
  from space 61952K, 99% used [0x0000000755080000,0x0000000758cf8010,0x0000000758d00000)
  to   space 99328K, 0% used [0x0000000781280000,0x0000000781280000,0x0000000787380000)
 ParOldGen       total 349696K, used 138072K [0x00000005c0c00000, 0x00000005d6180000, 0x0000000715980000)
  object space 349696K, 39% used [0x00000005c0c00000,0x00000005c92d6390,0x00000005d6180000)
 Metaspace       used 10626K, capacity 10969K, committed 11264K, reserved 1058816K
  class space    used 874K, capacity 981K, committed 1024K, reserved 1048576K
}
Event: 11.950 GC heap before
{Heap before GC invocations=10 (full 0):
 PSYoungGen      total 1101312K, used 1101280K [0x0000000715980000, 0x0000000787380000, 0x00000007c0000000)
  eden space 1039360K, 100% used [0x0000000715980000,0x0000000755080000,0x0000000755080000)
  from space 61952K, 99% used [0x0000000755080000,0x0000000758cf8010,0x0000000758d00000)
  to   space 99328K, 0% used [0x0000000781280000,0x0000000781280000,0x0000000787380000)
 ParOldGen       total 349696K, used 138072K [0x00000005c0c00000, 0x00000005d6180000, 0x0000000715980000)
  object space 349696K, 39% used [0x00000005c0c00000,0x00000005c92d6390,0x00000005d6180000)
 Metaspace       used 10643K, capacity 10969K, committed 11264K, reserved 1058816K
  class space    used 875K, capacity 981K, committed 1024K, reserved 1048576K
Event: 12.023 GC heap after
Heap after GC invocations=10 (full 0):
 PSYoungGen      total 1733120K, used 99296K [0x0000000715980000, 0x000000078ac80000, 0x00000007c0000000)
  eden space 1633792K, 0% used [0x0000000715980000,0x0000000715980000,0x0000000779500000)
  from space 99328K, 99% used [0x0000000781280000,0x0000000787378010,0x0000000787380000)
  to   space 128512K, 0% used [0x0000000779500000,0x0000000779500000,0x0000000781280000)
 ParOldGen       total 349696K, used 175336K [0x00000005c0c00000, 0x00000005d6180000, 0x0000000715980000)
  object space 349696K, 50% used [0x00000005c0c00000,0x00000005cb73a390,0x00000005d6180000)
 Metaspace       used 10643K, capacity 10969K, committed 11264K, reserved 1058816K
  class space    used 875K, capacity 981K, committed 1024K, reserved 1048576K
}

Deoptimization events (10 events):
Event: 6.781 Thread 0x000000002a46a800 Uncommon trap: reason=unstable_if action=reinterpret pc=0x00000000034e6464 method=SkyNetJR.Creatures.Population.getCollidingCreature(II)LSkyNetJR/Creatures/Creature; @ 55
Event: 6.781 Thread 0x000000002a46a800 Uncommon trap: reason=unstable_if action=reinterpret pc=0x00000000034f5918 method=SkyNetJR.Creatures.Population.UpdateCollisionGrid(LSkyNetJR/Creatures/Creature;II)V @ 40
Event: 6.886 Thread 0x000000002a46a800 Uncommon trap: reason=unstable_if action=reinterpret pc=0x0000000003409bd0 method=java.util.concurrent.ConcurrentHashMap.replaceNode(Ljava/lang/Object;Ljava/lang/Object;Ljava/lang/Object;)Ljava/lang/Object; @ 136
Event: 8.405 Thread 0x000000002a46a800 Uncommon trap: reason=unstable_if action=reinterpret pc=0x00000000033d5d54 method=java.util.concurrent.locks.AbstractQueuedSynchronizer.transferForSignal(Ljava/util/concurrent/locks/AbstractQueuedSynchronizer$Node;)Z @ 33
Event: 8.415 Thread 0x000000002a46a800 Uncommon trap: reason=unstable_if action=reinterpret pc=0x0000000003473498 method=java.util.concurrent.locks.AbstractQueuedSynchronizer.transferForSignal(Ljava/util/concurrent/locks/AbstractQueuedSynchronizer$Node;)Z @ 33
Event: 10.485 Thread 0x000000002a46a800 Uncommon trap: reason=unstable_if action=reinterpret pc=0x0000000003470450 method=java.util.concurrent.locks.AbstractQueuedSynchronizer.transferForSignal(Ljava/util/concurrent/locks/AbstractQueuedSynchronizer$Node;)Z @ 33
Event: 11.807 Thread 0x000000002a46a800 Uncommon trap: reason=unstable_if action=reinterpret pc=0x00000000034c957c method=java.util.concurrent.ConcurrentHashMap.putVal(Ljava/lang/Object;Ljava/lang/Object;Z)Ljava/lang/Object; @ 331
Event: 11.808 Thread 0x0000000029263800 Uncommon trap: reason=class_check action=maybe_recompile pc=0x00000000034adc20 method=java.util.concurrent.ConcurrentHashMap.get(Ljava/lang/Object;)Ljava/lang/Object; @ 93
Event: 12.038 Thread 0x000000002a46a800 Uncommon trap: reason=unstable_if action=reinterpret pc=0x000000000352af54 method=java.util.concurrent.ConcurrentHashMap.replaceNode(Ljava/lang/Object;Ljava/lang/Object;Ljava/lang/Object;)Ljava/lang/Object; @ 104
Event: 13.652 Thread 0x000000002a46a800 Uncommon trap: reason=unstable_if action=reinterpret pc=0x000000000346880c method=java.util.concurrent.ConcurrentHashMap.transfer([Ljava/util/concurrent/ConcurrentHashMap$Node;[Ljava/util/concurrent/ConcurrentHashMap$Node;)V @ 356

Classes redefined (0 events):
No events

Internal exceptions (10 events):
Event: 0.453 Thread 0x0000000002ec7000 Exception <a 'sun/nio/fs/WindowsException'> (0x00000007169a9940) thrown at [C:\re\workspace\8-2-build-windows-amd64-cygwin\jdk8u181\11358\hotspot\src\share\vm\prims\jni.cpp, line 709]
Event: 0.501 Thread 0x0000000002ec7000 Exception <a 'sun/nio/fs/WindowsException'> (0x0000000716b3b2e8) thrown at [C:\re\workspace\8-2-build-windows-amd64-cygwin\jdk8u181\11358\hotspot\src\share\vm\prims\jni.cpp, line 709]
Event: 0.501 Thread 0x0000000002ec7000 Exception <a 'sun/nio/fs/WindowsException'> (0x0000000716b3ba40) thrown at [C:\re\workspace\8-2-build-windows-amd64-cygwin\jdk8u181\11358\hotspot\src\share\vm\prims\jni.cpp, line 709]
Event: 0.523 Thread 0x0000000002ec7000 Exception <a 'sun/nio/fs/WindowsException'> (0x0000000716c2de98) thrown at [C:\re\workspace\8-2-build-windows-amd64-cygwin\jdk8u181\11358\hotspot\src\share\vm\prims\jni.cpp, line 709]
Event: 0.523 Thread 0x0000000002ec7000 Exception <a 'sun/nio/fs/WindowsException'> (0x0000000716c2e5a0) thrown at [C:\re\workspace\8-2-build-windows-amd64-cygwin\jdk8u181\11358\hotspot\src\share\vm\prims\jni.cpp, line 709]
Event: 1.903 Thread 0x000000002a263800 Exception <a 'sun/nio/fs/WindowsException'> (0x000000071bd7bdf0) thrown at [C:\re\workspace\8-2-build-windows-amd64-cygwin\jdk8u181\11358\hotspot\src\share\vm\prims\jni.cpp, line 709]
Event: 1.903 Thread 0x000000002a263800 Exception <a 'sun/nio/fs/WindowsException'> (0x000000071bd7c558) thrown at [C:\re\workspace\8-2-build-windows-amd64-cygwin\jdk8u181\11358\hotspot\src\share\vm\prims\jni.cpp, line 709]
Event: 1.905 Thread 0x000000002a263800 Exception <a 'sun/nio/fs/WindowsException'> (0x000000071bd942b8) thrown at [C:\re\workspace\8-2-build-windows-amd64-cygwin\jdk8u181\11358\hotspot\src\share\vm\prims\jni.cpp, line 709]
Event: 1.905 Thread 0x000000002a263800 Exception <a 'sun/nio/fs/WindowsException'> (0x000000071bd948d8) thrown at [C:\re\workspace\8-2-build-windows-amd64-cygwin\jdk8u181\11358\hotspot\src\share\vm\prims\jni.cpp, line 709]
Event: 2.278 Thread 0x000000002a560000 Implicit null exception at 0x0000000003336a77 to 0x0000000003336b3e

Events (10 events):
Event: 14.340 Executing VM operation: RevokeBias
Event: 14.340 Executing VM operation: RevokeBias done
Event: 14.340 Thread 0x000000002a263800 DEOPT PACKING pc=0x00000000031166fc sp=0x000000002c11dee0
Event: 14.340 Thread 0x000000002a263800 DEOPT UNPACKING pc=0x0000000003007890 sp=0x000000002c11dd00 mode 1
Event: 14.352 loading class SkyNetJR/Threading/WindowThread
Event: 14.352 loading class SkyNetJR/Threading/WindowThread done
Event: 14.353 Thread 0x0000000029268000 Thread added: 0x0000000029268000
Event: 14.353 Thread 0x000000002a263800 Thread exited: 0x000000002a263800
Event: 14.353 Executing VM operation: RevokeBias
Event: 14.353 Executing VM operation: RevokeBias done


Dynamic libraries:
0x00007ff7453b0000 - 0x00007ff7453e7000 	C:\Program Files\Java\jdk1.8.0_181\bin\java.exe
0x00007ffb39d30000 - 0x00007ffb39f1d000 	C:\WINDOWS\SYSTEM32\ntdll.dll
0x00007ffb37ae0000 - 0x00007ffb37b93000 	C:\WINDOWS\System32\KERNEL32.DLL
0x00007ffb364f0000 - 0x00007ffb36783000 	C:\WINDOWS\System32\KERNELBASE.dll
0x00007ffb37340000 - 0x00007ffb373e3000 	C:\WINDOWS\System32\ADVAPI32.dll
0x00007ffb37fe0000 - 0x00007ffb3807e000 	C:\WINDOWS\System32\msvcrt.dll
0x00007ffb37dd0000 - 0x00007ffb37e6e000 	C:\WINDOWS\System32\sechost.dll
0x00007ffb380a0000 - 0x00007ffb381c2000 	C:\WINDOWS\System32\RPCRT4.dll
0x00007ffb375d0000 - 0x00007ffb37767000 	C:\WINDOWS\System32\USER32.dll
0x00007ffb36420000 - 0x00007ffb36440000 	C:\WINDOWS\System32\win32u.dll
0x00007ffb37ab0000 - 0x00007ffb37ad9000 	C:\WINDOWS\System32\GDI32.dll
0x00007ffb35df0000 - 0x00007ffb35f89000 	C:\WINDOWS\System32\gdi32full.dll
0x00007ffb36380000 - 0x00007ffb36420000 	C:\WINDOWS\System32\msvcp_win.dll
0x00007ffb36250000 - 0x00007ffb3634a000 	C:\WINDOWS\System32\ucrtbase.dll
0x00007ffb2a160000 - 0x00007ffb2a3d9000 	C:\WINDOWS\WinSxS\amd64_microsoft.windows.common-controls_6595b64144ccf1df_6.0.17763.864_none_05b3441807210760\COMCTL32.dll
0x00007ffb37780000 - 0x00007ffb37aac000 	C:\WINDOWS\System32\combase.dll
0x00007ffb35f90000 - 0x00007ffb3600e000 	C:\WINDOWS\System32\bcryptPrimitives.dll
0x00007ffb37ee0000 - 0x00007ffb37f0e000 	C:\WINDOWS\System32\IMM32.DLL
0x0000000074750000 - 0x0000000074822000 	C:\Program Files\Java\jdk1.8.0_181\jre\bin\msvcr100.dll
0x0000000073ea0000 - 0x0000000074742000 	C:\Program Files\Java\jdk1.8.0_181\jre\bin\server\jvm.dll
0x00007ffb37770000 - 0x00007ffb37778000 	C:\WINDOWS\System32\PSAPI.DLL
0x00007ffb33950000 - 0x00007ffb33974000 	C:\WINDOWS\SYSTEM32\WINMM.dll
0x00007ffb21540000 - 0x00007ffb21549000 	C:\WINDOWS\SYSTEM32\WSOCK32.dll
0x00007ffb2ffb0000 - 0x00007ffb2ffba000 	C:\WINDOWS\SYSTEM32\VERSION.dll
0x00007ffb37e70000 - 0x00007ffb37edd000 	C:\WINDOWS\System32\WS2_32.dll
0x00007ffb33920000 - 0x00007ffb3394d000 	C:\WINDOWS\SYSTEM32\WINMMBASE.dll
0x00007ffb36f00000 - 0x00007ffb36f4a000 	C:\WINDOWS\System32\cfgmgr32.dll
0x0000000073e90000 - 0x0000000073e9f000 	C:\Program Files\Java\jdk1.8.0_181\jre\bin\verify.dll
0x0000000073e60000 - 0x0000000073e89000 	C:\Program Files\Java\jdk1.8.0_181\jre\bin\java.dll
0x0000000073db0000 - 0x0000000073de5000 	C:\Program Files\Java\jdk1.8.0_181\jre\bin\jdwp.dll
0x0000000073da0000 - 0x0000000073da8000 	C:\Program Files\Java\jdk1.8.0_181\jre\bin\npt.dll
0x0000000073d70000 - 0x0000000073d93000 	C:\Program Files\Java\jdk1.8.0_181\jre\bin\instrument.dll
0x0000000073e40000 - 0x0000000073e56000 	C:\Program Files\Java\jdk1.8.0_181\jre\bin\zip.dll
0x00007ffb38800000 - 0x00007ffb39cf4000 	C:\WINDOWS\System32\SHELL32.dll
0x00007ffb37280000 - 0x00007ffb37328000 	C:\WINDOWS\System32\shcore.dll
0x00007ffb367b0000 - 0x00007ffb36efd000 	C:\WINDOWS\System32\windows.storage.dll
0x00007ffb35d20000 - 0x00007ffb35d44000 	C:\WINDOWS\System32\profapi.dll
0x00007ffb35d70000 - 0x00007ffb35dcd000 	C:\WINDOWS\System32\powrprof.dll
0x00007ffb37d60000 - 0x00007ffb37db2000 	C:\WINDOWS\System32\shlwapi.dll
0x00007ffb35d50000 - 0x00007ffb35d61000 	C:\WINDOWS\System32\kernel.appcore.dll
0x00007ffb36790000 - 0x00007ffb367a7000 	C:\WINDOWS\System32\cryptsp.dll
0x0000000073d60000 - 0x0000000073d69000 	C:\Program Files\Java\jdk1.8.0_181\jre\bin\dt_socket.dll
0x00007ffb35590000 - 0x00007ffb355f7000 	C:\WINDOWS\system32\mswsock.dll
0x0000000073e20000 - 0x0000000073e3a000 	C:\Program Files\Java\jdk1.8.0_181\jre\bin\net.dll
0x0000000073e00000 - 0x0000000073e11000 	C:\Program Files\Java\jdk1.8.0_181\jre\bin\nio.dll
0x00007ffb1d300000 - 0x00007ffb1d364000 	C:\Users\LHK1337\AppData\Local\Temp\lwjglLHK1337\3.2.3-build-13\lwjgl.dll
0x00007ffafddf0000 - 0x00007ffafe043000 	C:\Users\LHK1337\AppData\Local\Temp\lwjglLHK1337\3.2.3-build-13\jemalloc.dll
0x00007ffb1d290000 - 0x00007ffb1d2f2000 	C:\Users\LHK1337\AppData\Local\Temp\lwjglLHK1337\3.2.3-build-13\glfw.dll
0x00007ffb33d20000 - 0x00007ffb33dbc000 	C:\WINDOWS\system32\uxtheme.dll
0x00007ffb1c000000 - 0x00007ffb1c044000 	C:\WINDOWS\SYSTEM32\dinput8.dll
0x00007ffb33ab0000 - 0x00007ffb33ac1000 	C:\WINDOWS\SYSTEM32\xinput1_4.dll
0x00007ffb35b50000 - 0x00007ffb35b79000 	C:\WINDOWS\SYSTEM32\DEVOBJ.dll
0x00007ffb33fa0000 - 0x00007ffb33fce000 	C:\WINDOWS\SYSTEM32\dwmapi.dll
0x00007ffb36010000 - 0x00007ffb361eb000 	C:\WINDOWS\System32\CRYPT32.dll
0x00007ffb35dd0000 - 0x00007ffb35de2000 	C:\WINDOWS\System32\MSASN1.dll
0x00007ffb28cf0000 - 0x00007ffb28dbc000 	C:\WINDOWS\SYSTEM32\inputhost.dll
0x00007ffb33830000 - 0x00007ffb33912000 	C:\WINDOWS\SYSTEM32\CoreMessaging.dll
0x00007ffb33fd0000 - 0x00007ffb341dd000 	C:\WINDOWS\SYSTEM32\twinapi.appcore.dll
0x00007ffb30e70000 - 0x00007ffb31192000 	C:\WINDOWS\SYSTEM32\CoreUIComponents.dll
0x00007ffb32d40000 - 0x00007ffb332fe000 	C:\WINDOWS\SYSTEM32\d2d1.dll
0x00007ffb32ac0000 - 0x00007ffb32d3e000 	C:\WINDOWS\SYSTEM32\d3d11.dll
0x00007ffb31f60000 - 0x00007ffb32109000 	C:\WINDOWS\SYSTEM32\PROPSYS.dll
0x00007ffb30a80000 - 0x00007ffb30bd3000 	C:\WINDOWS\SYSTEM32\wintypes.dll
0x00007ffb37f10000 - 0x00007ffb37fd4000 	C:\WINDOWS\System32\OLEAUT32.dll
0x00007ffb341e0000 - 0x00007ffb34208000 	C:\WINDOWS\SYSTEM32\RMCLIENT.dll
0x00007ffb34d70000 - 0x00007ffb34da1000 	C:\WINDOWS\SYSTEM32\ntmarta.dll
0x00007ffb34a30000 - 0x00007ffb34af2000 	C:\WINDOWS\SYSTEM32\dxgi.dll
0x00007ffb37030000 - 0x00007ffb3719c000 	C:\WINDOWS\System32\MSCTF.dll
0x00007ffb349a0000 - 0x00007ffb349ae000 	C:\WINDOWS\SYSTEM32\HID.DLL
0x00007ffb381d0000 - 0x00007ffb38646000 	C:\WINDOWS\System32\SETUPAPI.DLL
0x00007ffb36350000 - 0x00007ffb36376000 	C:\WINDOWS\System32\bcrypt.dll
0x00007ffb361f0000 - 0x00007ffb36249000 	C:\WINDOWS\System32\WINTRUST.dll
0x00007ffb00500000 - 0x00007ffb00627000 	C:\WINDOWS\SYSTEM32\opengl32.dll
0x00007ffb02780000 - 0x00007ffb027ac000 	C:\WINDOWS\SYSTEM32\GLU32.dll
0x00007ffae5170000 - 0x00007ffae7840000 	C:\WINDOWS\System32\DriverStore\FileRepository\nvgbdi.inf_amd64_2eb6819f212af614\nvoglv64.dll
0x00007ffb37c00000 - 0x00007ffb37d55000 	C:\WINDOWS\System32\ole32.dll
0x00007ffb32220000 - 0x00007ffb32233000 	C:\WINDOWS\SYSTEM32\WTSAPI32.dll
0x00007ffafd1e0000 - 0x00007ffafd4a2000 	C:\WINDOWS\system32\nvspcap64.dll
0x00007ffb34e10000 - 0x00007ffb34e68000 	C:\WINDOWS\SYSTEM32\WINSTA.dll
0x00007ffb28dc0000 - 0x00007ffb28e55000 	C:\WINDOWS\System32\TextInputFramework.dll
0x00007ffb1b3f0000 - 0x00007ffb1b449000 	C:\Users\LHK1337\AppData\Local\Temp\lwjglLHK1337\3.2.3-build-13\lwjgl_opengl.dll
0x00007ffb212c0000 - 0x00007ffb214ad000 	C:\WINDOWS\SYSTEM32\dbghelp.dll

VM Arguments:
jvm_args: -agentlib:jdwp=transport=dt_socket,address=127.0.0.1:54953,suspend=y,server=n -javaagent:C:\Users\LHK1337\AppData\Local\JetBrains\Toolbox\apps\IDEA-U\ch-0\192.7142.36\plugins\java\lib\rt\debugger-agent.jar -Dfile.encoding=UTF-8 
java_command: SkyNetJR.Main.Main
java_class_path (initial): C:\Program Files\Java\jdk1.8.0_181\jre\lib\charsets.jar;C:\Program Files\Java\jdk1.8.0_181\jre\lib\deploy.jar;C:\Program Files\Java\jdk1.8.0_181\jre\lib\ext\access-bridge-64.jar;C:\Program Files\Java\jdk1.8.0_181\jre\lib\ext\cldrdata.jar;C:\Program Files\Java\jdk1.8.0_181\jre\lib\ext\dnsns.jar;C:\Program Files\Java\jdk1.8.0_181\jre\lib\ext\jaccess.jar;C:\Program Files\Java\jdk1.8.0_181\jre\lib\ext\jfxrt.jar;C:\Program Files\Java\jdk1.8.0_181\jre\lib\ext\localedata.jar;C:\Program Files\Java\jdk1.8.0_181\jre\lib\ext\nashorn.jar;C:\Program Files\Java\jdk1.8.0_181\jre\lib\ext\sunec.jar;C:\Program Files\Java\jdk1.8.0_181\jre\lib\ext\sunjce_provider.jar;C:\Program Files\Java\jdk1.8.0_181\jre\lib\ext\sunmscapi.jar;C:\Program Files\Java\jdk1.8.0_181\jre\lib\ext\sunpkcs11.jar;C:\Program Files\Java\jdk1.8.0_181\jre\lib\ext\zipfs.jar;C:\Program Files\Java\jdk1.8.0_181\jre\lib\javaws.jar;C:\Program Files\Java\jdk1.8.0_181\jre\lib\jce.jar;C:\Program Files\Java\jdk1.8.0_181\jre\lib\jfr.jar;C:\Program Files\Java\jdk1.8.0_181\jre\lib\jfxswt.jar;C:\Program Files\Java\jdk1.8.0_181\jre\lib\jsse.jar;C:\Program Files\Java\jdk1.8.0_181\jre\lib\management-agent.jar;C:\Program Files\Java\jdk1.8.0_181\jre\lib\plugin.jar;C:\Program Files\Java\jdk1.8.0_181\jre\lib\resources.jar;C:\Program Files\Java\jdk1.8.0_181\jre\lib\rt.jar;E:\Java\SkyNetJR\out\production\SkyNetJR;E:\Java\lwjgl-3.2.3\lwjgl.jar;E:\Java\lwjgl-3.2.3\lwjgl-egl.jar;E:\Java\lwjgl-3.2.3\lwjgl-lz4.jar;E:\Java\lwjgl-3.2.3\lwjgl-nfd.jar;E:\Java\lwjgl-3.2.3\lwjgl-ovr.jar;E:\Java\lwjgl-3.2.3\lwjgl-par.jar;E:\Java\lwjgl-3.2.3\lwjgl-sse.jar;E:\Java\lwjgl-3.2.3\lwjgl-stb.jar;E:\Java\lwjgl-3.2.3\lwjgl-vma.jar;E:\Java\lwjgl-3.2.3\lwjgl-bgfx.jar;E:\Java\lwjgl-3.2.3\lwjgl-cuda.jar;E:\Java\lwjgl-3.2.3\lwjgl-glfw.jar;E:\Java\lwjgl-3.2.3\lwjgl-jawt.jar;E:\Java\lwjgl-3.2.3\lwjgl-llvm.jar;E:\Java\lwjgl-3.2.3\lwjgl-lmdb.jar;E:\Java\lwjgl-3.2.3\lwjgl-meow.jar;E:\Java\lwjgl-3.2.3\lwjgl-odbc.jar;E:\Java\lwjgl-3.2.3\lwjgl-
Launcher Type: SUN_STANDARD

Environment Variables:
JAVA_HOME=C:\Program Files (x86)\Java\jdk1.8.0_181
CLASSPATH=C:\Program Files (x86)\Oracle\Berkeley DB 4.8.30\jar\dbexamples.jar;C:\Program Files (x86)\Oracle\Berkeley DB 4.8.30\jar\db.jar;C:\Program Files (x86)\Oracle\Berkeley DB 4.8.30\jar\debug\dbexamples.jar;C:\Program Files (x86)\Oracle\Berkeley DB 4.8.30\jar\debug\db.jar
PATH=C:\Program Files (x86)\Common Files\Oracle\Java\javapath;C:\Program Files (x86)\Common Files\Intel\Shared Libraries\redist\intel64\compiler;C:\Program Files (x86)\Razer Chroma SDK\bin;C:\Program Files\Razer Chroma SDK\bin;C:\Windows\system32;C:\Windows;C:\Windows\System32\Wbem;C:\Windows\System32\WindowsPowerShell\v1.0\;C:\Windows\System32\OpenSSH\;C:\Program Files\dotnet\;C:\Program Files (x86)\NVIDIA Corporation\PhysX\Common;C:\Program Files\Microsoft SQL Server\130\Tools\Binn\;C:\Program Files\Git\cmd;C:\Windows\system32\config\systemprofile\AppData\Local\Microsoft\WindowsApps;C:\Program Files\NVIDIA Corporation\NVIDIA NvDLISR;C:\WINDOWS\system32;C:\WINDOWS;C:\WINDOWS\System32\Wbem;C:\WINDOWS\System32\WindowsPowerShell\v1.0\;C:\WINDOWS\System32\OpenSSH\;C:\Program Files\Microsoft SQL Server\Client SDK\ODBC\170\Tools\Binn\;C:\Program Files\Microsoft VS Code\bin;C:\Program Files (x86)\Oracle\Berkeley DB 4.8.30\bin;C:\Program Files (x86)\Oracle\Berkeley DB 4.8.30\bin\debug;C:\Users\LHK1337\AppData\Local\Microsoft\WindowsApps;C:\Users\LHK1337\.dotnet\tools
USERNAME=LHK1337
OS=Windows_NT
PROCESSOR_IDENTIFIER=Intel64 Family 6 Model 94 Stepping 3, GenuineIntel



---------------  S Y S T E M  ---------------

OS: Windows 10.0 , 64 bit Build 17763 (10.0.17763.475)

CPU:total 8 (initial active 8) (4 cores per cpu, 2 threads per core) family 6 model 94 stepping 3, cmov, cx8, fxsr, mmx, sse, sse2, sse3, ssse3, sse4.1, sse4.2, popcnt, avx, avx2, aes, clmul, erms, rtm, 3dnowpref, lzcnt, ht, tsc, tscinvbit, bmi1, bmi2, adx

Memory: 4k page, physical 33497572k(23345860k free), swap 38478308k(24458976k free)

vm_info: Java HotSpot(TM) 64-Bit Server VM (25.181-b13) for windows-amd64 JRE (1.8.0_181-b13), built on Jul  7 2018 04:01:33 by "java_re" with MS VC++ 10.0 (VS2010)

time: Fri Nov 22 19:48:00 2019
elapsed time: 14 seconds (0d 0h 0m 14s)

