#
# A fatal error has been detected by the Java Runtime Environment:
#
#  EXCEPTION_ACCESS_VIOLATION (0xc0000005) at pc=0x00007ffb1d296490, pid=15316, tid=0x00000000000037b8
#
# JRE version: Java(TM) SE Runtime Environment (8.0_181-b13) (build 1.8.0_181-b13)
# Java VM: Java HotSpot(TM) 64-Bit Server VM (25.181-b13 mixed mode windows-amd64 compressed oops)
# Problematic frame:
# C  [glfw.dll+0x6490]
#
# Failed to write core dump. Minidumps are not enabled by default on client versions of Windows
#
# If you would like to submit a bug report, please visit:
#   http://bugreport.java.com/bugreport/crash.jsp
# The crash happened outside the Java Virtual Machine in native code.
# See problematic frame for where to report the bug.
#

---------------  T H R E A D  ---------------

Current thread (0x000000002a95d000):  JavaThread "CleanUpThread" [_thread_in_native, id=14264, stack(0x0000000038970000,0x0000000038a70000)]

siginfo: ExceptionCode=0xc0000005, reading address 0x0000000000000000

Registers:
RAX=0x0000000000000000, RBX=0x0000000000cc2b70, RCX=0x0000000000000000, RDX=0x00007ffb1d2e7ee0
RSP=0x0000000038a6f1e0, RBP=0x0000000038a6f290, RSI=0x000000002a95d000, RDI=0x0000000002de7f10
R8 =0x0000000000cc2b70, R9 =0x00007ffb1d2963e0, R10=0x0000000002e01dc4, R11=0x00000000740cc6a0
R12=0x0000000000000000, R13=0x00000000259fc100, R14=0x0000000038a6f2c8, R15=0x000000002a95d000
RIP=0x00007ffb1d296490, EFLAGS=0x0000000000010287

Top of Stack: (sp=0x0000000038a6f1e0)
0x0000000038a6f1e0:   0000000000cc2b70 0000000002e01942
0x0000000038a6f1f0:   0000000002de56d0 0000000000000000
0x0000000038a6f200:   00000000259fc100 0000000002e01df0
0x0000000038a6f210:   0000000002de7f10 0000000002e0197a
0x0000000038a6f220:   000000002a95d000 00000000259fc100
0x0000000038a6f230:   0000000038a6f778 0000000002df7bc5
0x0000000038a6f240:   0000000002de56d0 0000000002e01942
0x0000000038a6f250:   0000000038a6f250 00000000259fc100
0x0000000038a6f260:   0000000038a6f2c8 0000000025a26d38
0x0000000038a6f270:   0000000000000000 00000000259fc100
0x0000000038a6f280:   0000000000000000 0000000038a6f2b0
0x0000000038a6f290:   0000000038a6f310 0000000002de83fd
0x0000000038a6f2a0:   00000005c0c035e0 0000000002df7a58
0x0000000038a6f2b0:   00007ffb1d2963e0 000000002a95d000
0x0000000038a6f2c0:   0000000000cc2b70 0000000002df7bc5
0x0000000038a6f2d0:   0000000038a6f2d0 0000000025a323d6 

Instructions: (pc=0x00007ffb1d296490)
0x00007ffb1d296470:   48 8b 0d 69 1a 05 00 48 8d 15 62 1a 05 00 48 3b
0x00007ffb1d296480:   cb 74 1b 0f 1f 40 00 66 0f 1f 84 00 00 00 00 00
0x00007ffb1d296490:   48 8b 01 48 8b d1 48 8b c8 48 3b c3 75 f2 48 8b
0x00007ffb1d2964a0:   03 48 8b cb 48 89 02 48 83 c4 20 5b e9 97 27 01 


Register to memory mapping:

RAX=0x0000000000000000 is an unknown value
RBX=0x0000000000cc2b70 is an unknown value
RCX=0x0000000000000000 is an unknown value
RDX=0x00007ffb1d2e7ee0 is an unknown value
RSP=0x0000000038a6f1e0 is pointing into the stack for thread: 0x000000002a95d000
RBP=0x0000000038a6f290 is pointing into the stack for thread: 0x000000002a95d000
RSI=0x000000002a95d000 is a thread
RDI=0x0000000002de7f10 is at code_begin+1040 in an Interpreter codelet
invoke return entry points  [0x0000000002de7b00, 0x0000000002de84e0]  2528 bytes
R8 =0x0000000000cc2b70 is an unknown value
R9 =0x00007ffb1d2963e0 is an unknown value
R10=0x0000000002e01dc4 is at code_begin+1700 in an Interpreter codelet
method entry point (kind = native)  [0x0000000002e01720, 0x0000000002e027e0]  4288 bytes
R11=0x00000000740cc6a0 is an unknown value
R12=0x0000000000000000 is an unknown value
R13={method} {0x00000000259fc108} 'invokePV' '(JJ)V' in 'org/lwjgl/system/JNI'
R14=0x0000000038a6f2c8 is pointing into the stack for thread: 0x000000002a95d000
R15=0x000000002a95d000 is a thread


Stack: [0x0000000038970000,0x0000000038a70000],  sp=0x0000000038a6f1e0,  free space=1020k
Native frames: (J=compiled Java code, j=interpreted, Vv=VM code, C=native code)
C  [glfw.dll+0x6490]
C  0x0000000002e01df0

Java frames: (J=compiled Java code, j=interpreted, Vv=VM code)
j  org.lwjgl.system.JNI.invokePV(JJ)V+0
j  org.lwjgl.glfw.GLFW.glfwDestroyWindow(J)V+6
j  SkyNetJR.Graphics.GLFWWindowManager.WindowManager.DestroyWindow(J)V+5
j  SkyNetJR.Threading.WindowThread.Destroy()V+8
j  SkyNetJR.Graphics.Rendering.View.Destroy()V+4
j  SkyNetJR.Threading.WindowThread.lambda$run$1()V+12
j  SkyNetJR.Threading.WindowThread$$Lambda$20.run()V+4
j  java.lang.Thread.run()V+11
v  ~StubRoutines::call_stub

---------------  P R O C E S S  ---------------

Java Threads: ( => current thread )
=>0x000000002a95d000 JavaThread "CleanUpThread" [_thread_in_native, id=14264, stack(0x0000000038970000,0x0000000038a70000)]
  0x000000002a958000 JavaThread "pool-1-thread-24" [_thread_blocked, id=10020, stack(0x000000002dcf0000,0x000000002ddf0000)]
  0x000000002a956800 JavaThread "pool-1-thread-23" [_thread_blocked, id=7912, stack(0x000000002dbf0000,0x000000002dcf0000)]
  0x000000002a958800 JavaThread "pool-1-thread-22" [_thread_blocked, id=10684, stack(0x000000002daf0000,0x000000002dbf0000)]
  0x000000002a95b000 JavaThread "pool-1-thread-21" [_thread_blocked, id=2444, stack(0x000000002d9f0000,0x000000002daf0000)]
  0x000000002a95a000 JavaThread "pool-1-thread-20" [_thread_blocked, id=7208, stack(0x000000002d8f0000,0x000000002d9f0000)]
  0x000000002a955800 JavaThread "pool-1-thread-19" [_thread_blocked, id=3480, stack(0x000000002d7f0000,0x000000002d8f0000)]
  0x000000002a95c800 JavaThread "pool-1-thread-18" [_thread_blocked, id=816, stack(0x000000002d6f0000,0x000000002d7f0000)]
  0x000000002a95b800 JavaThread "pool-1-thread-17" [_thread_blocked, id=488, stack(0x000000002d5f0000,0x000000002d6f0000)]
  0x0000000027d9a800 JavaThread "pool-1-thread-16" [_thread_blocked, id=7836, stack(0x000000002d4f0000,0x000000002d5f0000)]
  0x0000000027d9b000 JavaThread "pool-1-thread-15" [_thread_blocked, id=11908, stack(0x000000002d3f0000,0x000000002d4f0000)]
  0x0000000027da0800 JavaThread "pool-1-thread-14" [_thread_blocked, id=1740, stack(0x000000002d2f0000,0x000000002d3f0000)]
  0x0000000027d9f000 JavaThread "pool-1-thread-13" [_thread_blocked, id=11092, stack(0x000000002d1f0000,0x000000002d2f0000)]
  0x0000000027d9f800 JavaThread "pool-1-thread-12" [_thread_blocked, id=6116, stack(0x000000002d0f0000,0x000000002d1f0000)]
  0x0000000027d9c800 JavaThread "pool-1-thread-11" [_thread_blocked, id=11880, stack(0x000000002cff0000,0x000000002d0f0000)]
  0x0000000027d9c000 JavaThread "pool-1-thread-10" [_thread_blocked, id=11040, stack(0x000000002cef0000,0x000000002cff0000)]
  0x0000000027d9d800 JavaThread "pool-1-thread-9" [_thread_blocked, id=11172, stack(0x000000002cdf0000,0x000000002cef0000)]
  0x0000000027d9e000 JavaThread "pool-1-thread-8" [_thread_blocked, id=13516, stack(0x000000002ccf0000,0x000000002cdf0000)]
  0x000000002901a800 JavaThread "pool-1-thread-7" [_thread_blocked, id=6524, stack(0x000000002c9f0000,0x000000002caf0000)]
  0x000000002901a000 JavaThread "pool-1-thread-6" [_thread_blocked, id=10636, stack(0x000000002c8f0000,0x000000002c9f0000)]
  0x000000002907c800 JavaThread "pool-1-thread-5" [_thread_blocked, id=11300, stack(0x000000002c7f0000,0x000000002c8f0000)]
  0x0000000028fdf000 JavaThread "pool-1-thread-4" [_thread_blocked, id=8692, stack(0x000000002c6f0000,0x000000002c7f0000)]
  0x0000000028fde800 JavaThread "pool-1-thread-3" [_thread_blocked, id=868, stack(0x000000002c5f0000,0x000000002c6f0000)]
  0x0000000028fdd800 JavaThread "pool-1-thread-2" [_thread_blocked, id=7184, stack(0x000000002c4f0000,0x000000002c5f0000)]
  0x0000000029032000 JavaThread "pool-1-thread-1" [_thread_blocked, id=14536, stack(0x000000002c3f0000,0x000000002c4f0000)]
  0x0000000029000000 JavaThread "SkyNetJR.MainSimulationThread" [_thread_in_Java, id=11072, stack(0x000000002bdf0000,0x000000002bef0000)]
  0x0000000028120000 JavaThread "Service Thread" daemon [_thread_blocked, id=7336, stack(0x0000000029480000,0x0000000029580000)]
  0x0000000028a8a800 JavaThread "C1 CompilerThread3" daemon [_thread_blocked, id=3548, stack(0x0000000029380000,0x0000000029480000)]
  0x0000000028a87800 JavaThread "C2 CompilerThread2" daemon [_thread_blocked, id=7792, stack(0x0000000029280000,0x0000000029380000)]
  0x0000000028a85000 JavaThread "C2 CompilerThread1" daemon [_thread_blocked, id=9232, stack(0x0000000029180000,0x0000000029280000)]
  0x0000000028a84000 JavaThread "C2 CompilerThread0" daemon [_thread_blocked, id=7064, stack(0x0000000029080000,0x0000000029180000)]
  0x0000000027da1000 JavaThread "JDWP Command Reader" daemon [_thread_in_native, id=32, stack(0x0000000028780000,0x0000000028880000)]
  0x0000000027d95800 JavaThread "JDWP Event Helper Thread" daemon [_thread_blocked, id=12032, stack(0x0000000028680000,0x0000000028780000)]
  0x0000000027d7f800 JavaThread "JDWP Transport Listener: dt_socket" daemon [_thread_blocked, id=11224, stack(0x0000000028580000,0x0000000028680000)]
  0x0000000027d8b000 JavaThread "Attach Listener" daemon [_thread_blocked, id=10496, stack(0x0000000028480000,0x0000000028580000)]
  0x0000000027d89800 JavaThread "Signal Dispatcher" daemon [_thread_blocked, id=10276, stack(0x0000000028380000,0x0000000028480000)]
  0x0000000002dde000 JavaThread "Finalizer" daemon [_thread_blocked, id=12584, stack(0x0000000028150000,0x0000000028250000)]
  0x0000000002ddc000 JavaThread "Reference Handler" daemon [_thread_blocked, id=7484, stack(0x0000000027c50000,0x0000000027d50000)]
  0x0000000002ce7000 JavaThread "MainThread" [_thread_blocked, id=15500, stack(0x0000000002ae0000,0x0000000002be0000)]

Other Threads:
  0x0000000025e79800 VMThread [stack: 0x0000000027b50000,0x0000000027c50000] [id=13540]
  0x0000000028acf800 WatcherThread [stack: 0x0000000029580000,0x0000000029680000] [id=15156]

VM state:not at safepoint (normal execution)

VM Mutex/Monitor currently owned by a thread: None

Heap:
 PSYoungGen      total 2573312K, used 240547K [0x0000000715980000, 0x00000007c0000000, 0x00000007c0000000)
  eden space 2354688K, 2% used [0x0000000715980000,0x0000000718e40d60,0x00000007a5500000)
  from space 218624K, 85% used [0x00000007a5500000,0x00000007b0b28000,0x00000007b2a80000)
  to   space 217600K, 0% used [0x00000007b2b80000,0x00000007b2b80000,0x00000007c0000000)
 ParOldGen       total 424448K, used 277978K [0x00000005c0c00000, 0x00000005daa80000, 0x0000000715980000)
  object space 424448K, 65% used [0x00000005c0c00000,0x00000005d1b76b50,0x00000005daa80000)
 Metaspace       used 10644K, capacity 10975K, committed 11264K, reserved 1058816K
  class space    used 875K, capacity 982K, committed 1024K, reserved 1048576K

Card table byte_map: [0x00000000121a0000,0x00000000131a0000] byte_map_base: 0x000000000f39a000

Marking Bits: (ParMarkBitMap*) 0x00000000746c2d00
 Begin Bits: [0x0000000014450000, 0x000000001c420000)
 End Bits:   [0x000000001c420000, 0x00000000243f0000)

Polling page: 0x0000000001130000

CodeCache: size=245760Kb used=5390Kb max_used=5935Kb free=240369Kb
 bounds [0x0000000002de0000, 0x00000000033c0000, 0x0000000011de0000]
 total_blobs=2034 nmethods=1101 adapters=854
 compilation: enabled

Compilation events (10 events):
Event: 193.877 Thread 0x0000000028a8a800 1305       3       sun.nio.cs.StreamEncoder::implWrite (156 bytes)
Event: 193.878 Thread 0x0000000028a8a800 nmethod 1305 0x00000000030a87d0 code [0x00000000030a8a40, 0x00000000030a9988]
Event: 193.878 Thread 0x0000000028a8a800 1306   !   3       java.nio.charset.CharsetEncoder::encode (285 bytes)
Event: 193.879 Thread 0x0000000028a8a800 nmethod 1306 0x0000000003118590 code [0x0000000003118880, 0x0000000003119f38]
Event: 209.982 Thread 0x0000000028a8a800 1307       3       java.util.Arrays::rangeCheck (74 bytes)
Event: 209.982 Thread 0x0000000028a8a800 nmethod 1307 0x00000000030f3f90 code [0x00000000030f4200, 0x00000000030f4f48]
Event: 239.082 Thread 0x0000000028a84000 1309       4       java.lang.Math::max (11 bytes)
Event: 239.082 Thread 0x0000000028a84000 nmethod 1309 0x00000000030f3d90 code [0x00000000030f3ec0, 0x00000000030f3f18]
Event: 241.051 Thread 0x0000000028a85000 1310       4       jdk.internal.org.objectweb.asm.ClassWriter::get (49 bytes)
Event: 241.054 Thread 0x0000000028a85000 nmethod 1310 0x00000000031382d0 code [0x0000000003138420, 0x00000000031385e8]

GC Heap History (10 events):
Event: 221.548 GC heap before
{Heap before GC invocations=116 (full 3):
 PSYoungGen      total 2572288K, used 2545504K [0x0000000715980000, 0x00000007bf800000, 0x00000007c0000000)
  eden space 2369024K, 100% used [0x0000000715980000,0x00000007a6300000,0x00000007a6300000)
  from space 203264K, 86% used [0x00000007b3180000,0x00000007bddd8000,0x00000007bf800000)
  to   space 207360K, 0% used [0x00000007a6300000,0x00000007a6300000,0x00000007b2d80000)
 ParOldGen       total 424448K, used 207578K [0x00000005c0c00000, 0x00000005daa80000, 0x0000000715980000)
  object space 424448K, 48% used [0x00000005c0c00000,0x00000005cd6b6b50,0x00000005daa80000)
 Metaspace       used 10641K, capacity 10969K, committed 11264K, reserved 1058816K
  class space    used 874K, capacity 981K, committed 1024K, reserved 1048576K
Event: 221.682 GC heap after
Heap after GC invocations=116 (full 3):
 PSYoungGen      total 2576384K, used 185344K [0x0000000715980000, 0x00000007c0000000, 0x00000007c0000000)
  eden space 2369024K, 0% used [0x0000000715980000,0x0000000715980000,0x00000007a6300000)
  from space 207360K, 89% used [0x00000007a6300000,0x00000007b1800000,0x00000007b2d80000)
  to   space 208896K, 0% used [0x00000007b3400000,0x00000007b3400000,0x00000007c0000000)
 ParOldGen       total 424448K, used 214418K [0x00000005c0c00000, 0x00000005daa80000, 0x0000000715980000)
  object space 424448K, 50% used [0x00000005c0c00000,0x00000005cdd64b50,0x00000005daa80000)
 Metaspace       used 10641K, capacity 10969K, committed 11264K, reserved 1058816K
  class space    used 874K, capacity 981K, committed 1024K, reserved 1048576K
}
Event: 226.392 GC heap before
{Heap before GC invocations=117 (full 3):
 PSYoungGen      total 2576384K, used 2554368K [0x0000000715980000, 0x00000007c0000000, 0x00000007c0000000)
  eden space 2369024K, 100% used [0x0000000715980000,0x00000007a6300000,0x00000007a6300000)
  from space 207360K, 89% used [0x00000007a6300000,0x00000007b1800000,0x00000007b2d80000)
  to   space 208896K, 0% used [0x00000007b3400000,0x00000007b3400000,0x00000007c0000000)
 ParOldGen       total 424448K, used 214418K [0x00000005c0c00000, 0x00000005daa80000, 0x0000000715980000)
  object space 424448K, 50% used [0x00000005c0c00000,0x00000005cdd64b50,0x00000005daa80000)
 Metaspace       used 10641K, capacity 10969K, committed 11264K, reserved 1058816K
  class space    used 874K, capacity 981K, committed 1024K, reserved 1048576K
Event: 226.530 GC heap after
Heap after GC invocations=117 (full 3):
 PSYoungGen      total 2579968K, used 187072K [0x0000000715980000, 0x00000007c0000000, 0x00000007c0000000)
  eden space 2371072K, 0% used [0x0000000715980000,0x0000000715980000,0x00000007a6500000)
  from space 208896K, 89% used [0x00000007b3400000,0x00000007beab0000,0x00000007c0000000)
  to   space 210432K, 0% used [0x00000007a6500000,0x00000007a6500000,0x00000007b3280000)
 ParOldGen       total 424448K, used 231234K [0x00000005c0c00000, 0x00000005daa80000, 0x0000000715980000)
  object space 424448K, 54% used [0x00000005c0c00000,0x00000005cedd0b50,0x00000005daa80000)
 Metaspace       used 10641K, capacity 10969K, committed 11264K, reserved 1058816K
  class space    used 874K, capacity 981K, committed 1024K, reserved 1048576K
}
Event: 231.171 GC heap before
{Heap before GC invocations=118 (full 3):
 PSYoungGen      total 2579968K, used 2558144K [0x0000000715980000, 0x00000007c0000000, 0x00000007c0000000)
  eden space 2371072K, 100% used [0x0000000715980000,0x00000007a6500000,0x00000007a6500000)
  from space 208896K, 89% used [0x00000007b3400000,0x00000007beab0000,0x00000007c0000000)
  to   space 210432K, 0% used [0x00000007a6500000,0x00000007a6500000,0x00000007b3280000)
 ParOldGen       total 424448K, used 231234K [0x00000005c0c00000, 0x00000005daa80000, 0x0000000715980000)
  object space 424448K, 54% used [0x00000005c0c00000,0x00000005cedd0b50,0x00000005daa80000)
 Metaspace       used 10641K, capacity 10969K, committed 11264K, reserved 1058816K
  class space    used 874K, capacity 981K, committed 1024K, reserved 1048576K
Event: 231.313 GC heap after
Heap after GC invocations=118 (full 3):
 PSYoungGen      total 2575360K, used 204064K [0x0000000715980000, 0x00000007c0000000, 0x00000007c0000000)
  eden space 2371072K, 0% used [0x0000000715980000,0x0000000715980000,0x00000007a6500000)
  from space 204288K, 99% used [0x00000007a6500000,0x00000007b2c48000,0x00000007b2c80000)
  to   space 216576K, 0% used [0x00000007b2c80000,0x00000007b2c80000,0x00000007c0000000)
 ParOldGen       total 424448K, used 241474K [0x00000005c0c00000, 0x00000005daa80000, 0x0000000715980000)
  object space 424448K, 56% used [0x00000005c0c00000,0x00000005cf7d0b50,0x00000005daa80000)
 Metaspace       used 10641K, capacity 10969K, committed 11264K, reserved 1058816K
  class space    used 874K, capacity 981K, committed 1024K, reserved 1048576K
}
Event: 236.116 GC heap before
{Heap before GC invocations=119 (full 3):
 PSYoungGen      total 2575360K, used 2575136K [0x0000000715980000, 0x00000007c0000000, 0x00000007c0000000)
  eden space 2371072K, 100% used [0x0000000715980000,0x00000007a6500000,0x00000007a6500000)
  from space 204288K, 99% used [0x00000007a6500000,0x00000007b2c48000,0x00000007b2c80000)
  to   space 216576K, 0% used [0x00000007b2c80000,0x00000007b2c80000,0x00000007c0000000)
 ParOldGen       total 424448K, used 241474K [0x00000005c0c00000, 0x00000005daa80000, 0x0000000715980000)
  object space 424448K, 56% used [0x00000005c0c00000,0x00000005cf7d0b50,0x00000005daa80000)
 Metaspace       used 10641K, capacity 10969K, committed 11264K, reserved 1058816K
  class space    used 874K, capacity 981K, committed 1024K, reserved 1048576K
Event: 236.265 GC heap after
Heap after GC invocations=119 (full 3):
 PSYoungGen      total 2571264K, used 190592K [0x0000000715980000, 0x00000007c0000000, 0x00000007c0000000)
  eden space 2354688K, 0% used [0x0000000715980000,0x0000000715980000,0x00000007a5500000)
  from space 216576K, 88% used [0x00000007b2c80000,0x00000007be6a0000,0x00000007c0000000)
  to   space 218624K, 0% used [0x00000007a5500000,0x00000007a5500000,0x00000007b2a80000)
 ParOldGen       total 424448K, used 268986K [0x00000005c0c00000, 0x00000005daa80000, 0x0000000715980000)
  object space 424448K, 63% used [0x00000005c0c00000,0x00000005d12aeb50,0x00000005daa80000)
 Metaspace       used 10641K, capacity 10969K, committed 11264K, reserved 1058816K
  class space    used 874K, capacity 981K, committed 1024K, reserved 1048576K
}
Event: 240.825 GC heap before
{Heap before GC invocations=120 (full 3):
 PSYoungGen      total 2571264K, used 2545280K [0x0000000715980000, 0x00000007c0000000, 0x00000007c0000000)
  eden space 2354688K, 100% used [0x0000000715980000,0x00000007a5500000,0x00000007a5500000)
  from space 216576K, 88% used [0x00000007b2c80000,0x00000007be6a0000,0x00000007c0000000)
  to   space 218624K, 0% used [0x00000007a5500000,0x00000007a5500000,0x00000007b2a80000)
 ParOldGen       total 424448K, used 268986K [0x00000005c0c00000, 0x00000005daa80000, 0x0000000715980000)
  object space 424448K, 63% used [0x00000005c0c00000,0x00000005d12aeb50,0x00000005daa80000)
 Metaspace       used 10641K, capacity 10969K, committed 11264K, reserved 1058816K
  class space    used 874K, capacity 981K, committed 1024K, reserved 1048576K
Event: 240.960 GC heap after
Heap after GC invocations=120 (full 3):
 PSYoungGen      total 2573312K, used 186528K [0x0000000715980000, 0x00000007c0000000, 0x00000007c0000000)
  eden space 2354688K, 0% used [0x0000000715980000,0x0000000715980000,0x00000007a5500000)
  from space 218624K, 85% used [0x00000007a5500000,0x00000007b0b28000,0x00000007b2a80000)
  to   space 217600K, 0% used [0x00000007b2b80000,0x00000007b2b80000,0x00000007c0000000)
 ParOldGen       total 424448K, used 277978K [0x00000005c0c00000, 0x00000005daa80000, 0x0000000715980000)
  object space 424448K, 65% used [0x00000005c0c00000,0x00000005d1b76b50,0x00000005daa80000)
 Metaspace       used 10641K, capacity 10969K, committed 11264K, reserved 1058816K
  class space    used 874K, capacity 981K, committed 1024K, reserved 1048576K
}

Deoptimization events (10 events):
Event: 33.276 Thread 0x0000000029000000 Uncommon trap: reason=unstable_if action=reinterpret pc=0x000000000322e864 method=java.util.concurrent.locks.AbstractQueuedSynchronizer.transferForSignal(Ljava/util/concurrent/locks/AbstractQueuedSynchronizer$Node;)Z @ 33
Event: 35.164 Thread 0x0000000029000000 Uncommon trap: reason=unstable_if action=reinterpret pc=0x000000000326f150 method=java.util.concurrent.locks.AbstractQueuedSynchronizer.transferForSignal(Ljava/util/concurrent/locks/AbstractQueuedSynchronizer$Node;)Z @ 33
Event: 35.824 Thread 0x0000000029000000 Uncommon trap: reason=unstable_if action=reinterpret pc=0x00000000032742b0 method=java.util.concurrent.locks.AbstractQueuedSynchronizer.transferForSignal(Ljava/util/concurrent/locks/AbstractQueuedSynchronizer$Node;)Z @ 33
Event: 49.371 Thread 0x0000000029000000 Uncommon trap: reason=unstable_if action=reinterpret pc=0x00000000033596e8 method=SkyNetJR.Creatures.Population.getCollidingCreature(II)LSkyNetJR/Creatures/Creature; @ 55
Event: 49.371 Thread 0x0000000029000000 Uncommon trap: reason=unstable_if action=reinterpret pc=0x00000000032f88b4 method=SkyNetJR.Creatures.Population.getCollidingCreature(II)LSkyNetJR/Creatures/Creature; @ 55
Event: 49.448 Thread 0x0000000029000000 Uncommon trap: reason=unstable_if action=reinterpret pc=0x0000000003369598 method=SkyNetJR.Creatures.Population.UpdateCollisionGrid(LSkyNetJR/Creatures/Creature;II)V @ 40
Event: 81.976 Thread 0x0000000029000000 Uncommon trap: reason=unstable_if action=reinterpret pc=0x0000000003163288 method=SkyNetJR.Creatures.Population.UpdateCollisionGrid(LSkyNetJR/Creatures/Creature;II)V @ 27
Event: 81.985 Thread 0x0000000029000000 Uncommon trap: reason=unstable_if action=reinterpret pc=0x00000000032e5960 method=SkyNetJR.Creatures.Population.UpdateCollisionGrid(LSkyNetJR/Creatures/Creature;II)V @ 40
Event: 140.654 Thread 0x0000000029000000 Uncommon trap: reason=unstable_if action=reinterpret pc=0x000000000321dd98 method=SkyNetJR.Threading.SimulationThread.run()V @ 188
Event: 241.020 Thread 0x0000000028f88800 Uncommon trap: reason=unstable_if action=reinterpret pc=0x00000000031f4d4c method=org.lwjgl.glfw.GLFW.glfwWindowShouldClose(J)Z @ 20

Classes redefined (0 events):
No events

Internal exceptions (10 events):
Event: 0.403 Thread 0x0000000002ce7000 Exception <a 'sun/nio/fs/WindowsException'> (0x00000007169a6ce0) thrown at [C:\re\workspace\8-2-build-windows-amd64-cygwin\jdk8u181\11358\hotspot\src\share\vm\prims\jni.cpp, line 709]
Event: 0.403 Thread 0x0000000002ce7000 Exception <a 'sun/nio/fs/WindowsException'> (0x00000007169a99e0) thrown at [C:\re\workspace\8-2-build-windows-amd64-cygwin\jdk8u181\11358\hotspot\src\share\vm\prims\jni.cpp, line 709]
Event: 0.450 Thread 0x0000000002ce7000 Exception <a 'sun/nio/fs/WindowsException'> (0x0000000716b3b388) thrown at [C:\re\workspace\8-2-build-windows-amd64-cygwin\jdk8u181\11358\hotspot\src\share\vm\prims\jni.cpp, line 709]
Event: 0.450 Thread 0x0000000002ce7000 Exception <a 'sun/nio/fs/WindowsException'> (0x0000000716b3bae0) thrown at [C:\re\workspace\8-2-build-windows-amd64-cygwin\jdk8u181\11358\hotspot\src\share\vm\prims\jni.cpp, line 709]
Event: 0.477 Thread 0x0000000002ce7000 Exception <a 'sun/nio/fs/WindowsException'> (0x0000000716c2deb0) thrown at [C:\re\workspace\8-2-build-windows-amd64-cygwin\jdk8u181\11358\hotspot\src\share\vm\prims\jni.cpp, line 709]
Event: 0.477 Thread 0x0000000002ce7000 Exception <a 'sun/nio/fs/WindowsException'> (0x0000000716c2e5b8) thrown at [C:\re\workspace\8-2-build-windows-amd64-cygwin\jdk8u181\11358\hotspot\src\share\vm\prims\jni.cpp, line 709]
Event: 1.869 Thread 0x0000000028f88800 Exception <a 'sun/nio/fs/WindowsException'> (0x000000071c6a8970) thrown at [C:\re\workspace\8-2-build-windows-amd64-cygwin\jdk8u181\11358\hotspot\src\share\vm\prims\jni.cpp, line 709]
Event: 1.869 Thread 0x0000000028f88800 Exception <a 'sun/nio/fs/WindowsException'> (0x000000071c6a90d8) thrown at [C:\re\workspace\8-2-build-windows-amd64-cygwin\jdk8u181\11358\hotspot\src\share\vm\prims\jni.cpp, line 709]
Event: 1.871 Thread 0x0000000028f88800 Exception <a 'sun/nio/fs/WindowsException'> (0x000000071c6c0e38) thrown at [C:\re\workspace\8-2-build-windows-amd64-cygwin\jdk8u181\11358\hotspot\src\share\vm\prims\jni.cpp, line 709]
Event: 1.871 Thread 0x0000000028f88800 Exception <a 'sun/nio/fs/WindowsException'> (0x000000071c6c1458) thrown at [C:\re\workspace\8-2-build-windows-amd64-cygwin\jdk8u181\11358\hotspot\src\share\vm\prims\jni.cpp, line 709]

Events (10 events):
Event: 244.817 Executing VM operation: GetOrSetLocal
Event: 244.817 Executing VM operation: GetOrSetLocal done
Event: 245.942 Executing VM operation: EnterInterpOnlyMode
Event: 245.942 Executing VM operation: EnterInterpOnlyMode done
Event: 245.942 Executing VM operation: GetCurrentLocation
Event: 245.942 Executing VM operation: GetCurrentLocation done
Event: 245.942 Executing VM operation: ChangeSingleStep
Event: 245.942 Executing VM operation: ChangeSingleStep done
Event: 245.943 Executing VM operation: ChangeSingleStep
Event: 245.944 Executing VM operation: ChangeSingleStep done


Dynamic libraries:
0x00007ff7453b0000 - 0x00007ff7453e7000 	C:\Program Files\Java\jdk1.8.0_181\bin\java.exe
0x00007ffb39d30000 - 0x00007ffb39f1d000 	C:\WINDOWS\SYSTEM32\ntdll.dll
0x00007ffb37ae0000 - 0x00007ffb37b93000 	C:\WINDOWS\System32\KERNEL32.DLL
0x00007ffb364f0000 - 0x00007ffb36783000 	C:\WINDOWS\System32\KERNELBASE.dll
0x00007ffb37340000 - 0x00007ffb373e3000 	C:\WINDOWS\System32\ADVAPI32.dll
0x00007ffb37fe0000 - 0x00007ffb3807e000 	C:\WINDOWS\System32\msvcrt.dll
0x00007ffb37dd0000 - 0x00007ffb37e6e000 	C:\WINDOWS\System32\sechost.dll
0x00007ffb380a0000 - 0x00007ffb381c2000 	C:\WINDOWS\System32\RPCRT4.dll
0x00007ffb375d0000 - 0x00007ffb37767000 	C:\WINDOWS\System32\USER32.dll
0x00007ffb36420000 - 0x00007ffb36440000 	C:\WINDOWS\System32\win32u.dll
0x00007ffb37ab0000 - 0x00007ffb37ad9000 	C:\WINDOWS\System32\GDI32.dll
0x00007ffb35df0000 - 0x00007ffb35f89000 	C:\WINDOWS\System32\gdi32full.dll
0x00007ffb36380000 - 0x00007ffb36420000 	C:\WINDOWS\System32\msvcp_win.dll
0x00007ffb36250000 - 0x00007ffb3634a000 	C:\WINDOWS\System32\ucrtbase.dll
0x00007ffb2a160000 - 0x00007ffb2a3d9000 	C:\WINDOWS\WinSxS\amd64_microsoft.windows.common-controls_6595b64144ccf1df_6.0.17763.864_none_05b3441807210760\COMCTL32.dll
0x00007ffb37780000 - 0x00007ffb37aac000 	C:\WINDOWS\System32\combase.dll
0x00007ffb35f90000 - 0x00007ffb3600e000 	C:\WINDOWS\System32\bcryptPrimitives.dll
0x00007ffb37ee0000 - 0x00007ffb37f0e000 	C:\WINDOWS\System32\IMM32.DLL
0x0000000074750000 - 0x0000000074822000 	C:\Program Files\Java\jdk1.8.0_181\jre\bin\msvcr100.dll
0x0000000073ea0000 - 0x0000000074742000 	C:\Program Files\Java\jdk1.8.0_181\jre\bin\server\jvm.dll
0x00007ffb37770000 - 0x00007ffb37778000 	C:\WINDOWS\System32\PSAPI.DLL
0x00007ffb33950000 - 0x00007ffb33974000 	C:\WINDOWS\SYSTEM32\WINMM.dll
0x00007ffb2ffb0000 - 0x00007ffb2ffba000 	C:\WINDOWS\SYSTEM32\VERSION.dll
0x00007ffb21540000 - 0x00007ffb21549000 	C:\WINDOWS\SYSTEM32\WSOCK32.dll
0x00007ffb37e70000 - 0x00007ffb37edd000 	C:\WINDOWS\System32\WS2_32.dll
0x00007ffb33920000 - 0x00007ffb3394d000 	C:\WINDOWS\SYSTEM32\WINMMBASE.dll
0x00007ffb36f00000 - 0x00007ffb36f4a000 	C:\WINDOWS\System32\cfgmgr32.dll
0x0000000073e90000 - 0x0000000073e9f000 	C:\Program Files\Java\jdk1.8.0_181\jre\bin\verify.dll
0x0000000073e60000 - 0x0000000073e89000 	C:\Program Files\Java\jdk1.8.0_181\jre\bin\java.dll
0x0000000073db0000 - 0x0000000073de5000 	C:\Program Files\Java\jdk1.8.0_181\jre\bin\jdwp.dll
0x0000000073da0000 - 0x0000000073da8000 	C:\Program Files\Java\jdk1.8.0_181\jre\bin\npt.dll
0x0000000073d70000 - 0x0000000073d93000 	C:\Program Files\Java\jdk1.8.0_181\jre\bin\instrument.dll
0x0000000073e40000 - 0x0000000073e56000 	C:\Program Files\Java\jdk1.8.0_181\jre\bin\zip.dll
0x00007ffb38800000 - 0x00007ffb39cf4000 	C:\WINDOWS\System32\SHELL32.dll
0x00007ffb37280000 - 0x00007ffb37328000 	C:\WINDOWS\System32\shcore.dll
0x00007ffb367b0000 - 0x00007ffb36efd000 	C:\WINDOWS\System32\windows.storage.dll
0x00007ffb35d20000 - 0x00007ffb35d44000 	C:\WINDOWS\System32\profapi.dll
0x00007ffb35d70000 - 0x00007ffb35dcd000 	C:\WINDOWS\System32\powrprof.dll
0x00007ffb37d60000 - 0x00007ffb37db2000 	C:\WINDOWS\System32\shlwapi.dll
0x00007ffb35d50000 - 0x00007ffb35d61000 	C:\WINDOWS\System32\kernel.appcore.dll
0x00007ffb36790000 - 0x00007ffb367a7000 	C:\WINDOWS\System32\cryptsp.dll
0x0000000073d60000 - 0x0000000073d69000 	C:\Program Files\Java\jdk1.8.0_181\jre\bin\dt_socket.dll
0x00007ffb35590000 - 0x00007ffb355f7000 	C:\WINDOWS\system32\mswsock.dll
0x0000000073e20000 - 0x0000000073e3a000 	C:\Program Files\Java\jdk1.8.0_181\jre\bin\net.dll
0x0000000073e00000 - 0x0000000073e11000 	C:\Program Files\Java\jdk1.8.0_181\jre\bin\nio.dll
0x00007ffb1d300000 - 0x00007ffb1d364000 	C:\Users\LHK1337\AppData\Local\Temp\lwjglLHK1337\3.2.3-build-13\lwjgl.dll
0x00007ffafddf0000 - 0x00007ffafe043000 	C:\Users\LHK1337\AppData\Local\Temp\lwjglLHK1337\3.2.3-build-13\jemalloc.dll
0x00007ffb1d290000 - 0x00007ffb1d2f2000 	C:\Users\LHK1337\AppData\Local\Temp\lwjglLHK1337\3.2.3-build-13\glfw.dll
0x00007ffb33d20000 - 0x00007ffb33dbc000 	C:\WINDOWS\system32\uxtheme.dll
0x00007ffb1c000000 - 0x00007ffb1c044000 	C:\WINDOWS\SYSTEM32\dinput8.dll
0x00007ffb33ab0000 - 0x00007ffb33ac1000 	C:\WINDOWS\SYSTEM32\xinput1_4.dll
0x00007ffb35b50000 - 0x00007ffb35b79000 	C:\WINDOWS\SYSTEM32\DEVOBJ.dll
0x00007ffb33fa0000 - 0x00007ffb33fce000 	C:\WINDOWS\SYSTEM32\dwmapi.dll
0x00007ffb36010000 - 0x00007ffb361eb000 	C:\WINDOWS\System32\CRYPT32.dll
0x00007ffb35dd0000 - 0x00007ffb35de2000 	C:\WINDOWS\System32\MSASN1.dll
0x00007ffb28cf0000 - 0x00007ffb28dbc000 	C:\WINDOWS\SYSTEM32\inputhost.dll
0x00007ffb33830000 - 0x00007ffb33912000 	C:\WINDOWS\SYSTEM32\CoreMessaging.dll
0x00007ffb33fd0000 - 0x00007ffb341dd000 	C:\WINDOWS\SYSTEM32\twinapi.appcore.dll
0x00007ffb30e70000 - 0x00007ffb31192000 	C:\WINDOWS\SYSTEM32\CoreUIComponents.dll
0x00007ffb32d40000 - 0x00007ffb332fe000 	C:\WINDOWS\SYSTEM32\d2d1.dll
0x00007ffb32ac0000 - 0x00007ffb32d3e000 	C:\WINDOWS\SYSTEM32\d3d11.dll
0x00007ffb31f60000 - 0x00007ffb32109000 	C:\WINDOWS\SYSTEM32\PROPSYS.dll
0x00007ffb37f10000 - 0x00007ffb37fd4000 	C:\WINDOWS\System32\OLEAUT32.dll
0x00007ffb30a80000 - 0x00007ffb30bd3000 	C:\WINDOWS\SYSTEM32\wintypes.dll
0x00007ffb341e0000 - 0x00007ffb34208000 	C:\WINDOWS\SYSTEM32\RMCLIENT.dll
0x00007ffb34d70000 - 0x00007ffb34da1000 	C:\WINDOWS\SYSTEM32\ntmarta.dll
0x00007ffb34a30000 - 0x00007ffb34af2000 	C:\WINDOWS\SYSTEM32\dxgi.dll
0x00007ffb37030000 - 0x00007ffb3719c000 	C:\WINDOWS\System32\MSCTF.dll
0x00007ffb349a0000 - 0x00007ffb349ae000 	C:\WINDOWS\SYSTEM32\HID.DLL
0x00007ffb381d0000 - 0x00007ffb38646000 	C:\WINDOWS\System32\SETUPAPI.DLL
0x00007ffb36350000 - 0x00007ffb36376000 	C:\WINDOWS\System32\bcrypt.dll
0x00007ffb361f0000 - 0x00007ffb36249000 	C:\WINDOWS\System32\WINTRUST.dll
0x00007ffb00500000 - 0x00007ffb00627000 	C:\WINDOWS\SYSTEM32\opengl32.dll
0x00007ffb02780000 - 0x00007ffb027ac000 	C:\WINDOWS\SYSTEM32\GLU32.dll
0x00007ffae5170000 - 0x00007ffae7840000 	C:\WINDOWS\System32\DriverStore\FileRepository\nvgbdi.inf_amd64_2eb6819f212af614\nvoglv64.dll
0x00007ffb37c00000 - 0x00007ffb37d55000 	C:\WINDOWS\System32\ole32.dll
0x00007ffb32220000 - 0x00007ffb32233000 	C:\WINDOWS\SYSTEM32\WTSAPI32.dll
0x00007ffafd1e0000 - 0x00007ffafd4a2000 	C:\WINDOWS\system32\nvspcap64.dll
0x00007ffb34e10000 - 0x00007ffb34e68000 	C:\WINDOWS\SYSTEM32\WINSTA.dll
0x00007ffb28dc0000 - 0x00007ffb28e55000 	C:\WINDOWS\System32\TextInputFramework.dll
0x00007ffb1b3f0000 - 0x00007ffb1b449000 	C:\Users\LHK1337\AppData\Local\Temp\lwjglLHK1337\3.2.3-build-13\lwjgl_opengl.dll
0x00007ffb212c0000 - 0x00007ffb214ad000 	C:\WINDOWS\SYSTEM32\dbghelp.dll

VM Arguments:
jvm_args: -agentlib:jdwp=transport=dt_socket,address=127.0.0.1:54978,suspend=y,server=n -javaagent:C:\Users\LHK1337\AppData\Local\JetBrains\Toolbox\apps\IDEA-U\ch-0\192.7142.36\plugins\java\lib\rt\debugger-agent.jar -Dfile.encoding=UTF-8 
java_command: SkyNetJR.Main.Main
java_class_path (initial): C:\Program Files\Java\jdk1.8.0_181\jre\lib\charsets.jar;C:\Program Files\Java\jdk1.8.0_181\jre\lib\deploy.jar;C:\Program Files\Java\jdk1.8.0_181\jre\lib\ext\access-bridge-64.jar;C:\Program Files\Java\jdk1.8.0_181\jre\lib\ext\cldrdata.jar;C:\Program Files\Java\jdk1.8.0_181\jre\lib\ext\dnsns.jar;C:\Program Files\Java\jdk1.8.0_181\jre\lib\ext\jaccess.jar;C:\Program Files\Java\jdk1.8.0_181\jre\lib\ext\jfxrt.jar;C:\Program Files\Java\jdk1.8.0_181\jre\lib\ext\localedata.jar;C:\Program Files\Java\jdk1.8.0_181\jre\lib\ext\nashorn.jar;C:\Program Files\Java\jdk1.8.0_181\jre\lib\ext\sunec.jar;C:\Program Files\Java\jdk1.8.0_181\jre\lib\ext\sunjce_provider.jar;C:\Program Files\Java\jdk1.8.0_181\jre\lib\ext\sunmscapi.jar;C:\Program Files\Java\jdk1.8.0_181\jre\lib\ext\sunpkcs11.jar;C:\Program Files\Java\jdk1.8.0_181\jre\lib\ext\zipfs.jar;C:\Program Files\Java\jdk1.8.0_181\jre\lib\javaws.jar;C:\Program Files\Java\jdk1.8.0_181\jre\lib\jce.jar;C:\Program Files\Java\jdk1.8.0_181\jre\lib\jfr.jar;C:\Program Files\Java\jdk1.8.0_181\jre\lib\jfxswt.jar;C:\Program Files\Java\jdk1.8.0_181\jre\lib\jsse.jar;C:\Program Files\Java\jdk1.8.0_181\jre\lib\management-agent.jar;C:\Program Files\Java\jdk1.8.0_181\jre\lib\plugin.jar;C:\Program Files\Java\jdk1.8.0_181\jre\lib\resources.jar;C:\Program Files\Java\jdk1.8.0_181\jre\lib\rt.jar;E:\Java\SkyNetJR\out\production\SkyNetJR;E:\Java\lwjgl-3.2.3\lwjgl.jar;E:\Java\lwjgl-3.2.3\lwjgl-egl.jar;E:\Java\lwjgl-3.2.3\lwjgl-lz4.jar;E:\Java\lwjgl-3.2.3\lwjgl-nfd.jar;E:\Java\lwjgl-3.2.3\lwjgl-ovr.jar;E:\Java\lwjgl-3.2.3\lwjgl-par.jar;E:\Java\lwjgl-3.2.3\lwjgl-sse.jar;E:\Java\lwjgl-3.2.3\lwjgl-stb.jar;E:\Java\lwjgl-3.2.3\lwjgl-vma.jar;E:\Java\lwjgl-3.2.3\lwjgl-bgfx.jar;E:\Java\lwjgl-3.2.3\lwjgl-cuda.jar;E:\Java\lwjgl-3.2.3\lwjgl-glfw.jar;E:\Java\lwjgl-3.2.3\lwjgl-jawt.jar;E:\Java\lwjgl-3.2.3\lwjgl-llvm.jar;E:\Java\lwjgl-3.2.3\lwjgl-lmdb.jar;E:\Java\lwjgl-3.2.3\lwjgl-meow.jar;E:\Java\lwjgl-3.2.3\lwjgl-odbc.jar;E:\Java\lwjgl-3.2.3\lwjgl-
Launcher Type: SUN_STANDARD

Environment Variables:
JAVA_HOME=C:\Program Files (x86)\Java\jdk1.8.0_181
CLASSPATH=C:\Program Files (x86)\Oracle\Berkeley DB 4.8.30\jar\dbexamples.jar;C:\Program Files (x86)\Oracle\Berkeley DB 4.8.30\jar\db.jar;C:\Program Files (x86)\Oracle\Berkeley DB 4.8.30\jar\debug\dbexamples.jar;C:\Program Files (x86)\Oracle\Berkeley DB 4.8.30\jar\debug\db.jar
PATH=C:\Program Files (x86)\Common Files\Oracle\Java\javapath;C:\Program Files (x86)\Common Files\Intel\Shared Libraries\redist\intel64\compiler;C:\Program Files (x86)\Razer Chroma SDK\bin;C:\Program Files\Razer Chroma SDK\bin;C:\Windows\system32;C:\Windows;C:\Windows\System32\Wbem;C:\Windows\System32\WindowsPowerShell\v1.0\;C:\Windows\System32\OpenSSH\;C:\Program Files\dotnet\;C:\Program Files (x86)\NVIDIA Corporation\PhysX\Common;C:\Program Files\Microsoft SQL Server\130\Tools\Binn\;C:\Program Files\Git\cmd;C:\Windows\system32\config\systemprofile\AppData\Local\Microsoft\WindowsApps;C:\Program Files\NVIDIA Corporation\NVIDIA NvDLISR;C:\WINDOWS\system32;C:\WINDOWS;C:\WINDOWS\System32\Wbem;C:\WINDOWS\System32\WindowsPowerShell\v1.0\;C:\WINDOWS\System32\OpenSSH\;C:\Program Files\Microsoft SQL Server\Client SDK\ODBC\170\Tools\Binn\;C:\Program Files\Microsoft VS Code\bin;C:\Program Files (x86)\Oracle\Berkeley DB 4.8.30\bin;C:\Program Files (x86)\Oracle\Berkeley DB 4.8.30\bin\debug;C:\Users\LHK1337\AppData\Local\Microsoft\WindowsApps;C:\Users\LHK1337\.dotnet\tools
USERNAME=LHK1337
OS=Windows_NT
PROCESSOR_IDENTIFIER=Intel64 Family 6 Model 94 Stepping 3, GenuineIntel



---------------  S Y S T E M  ---------------

OS: Windows 10.0 , 64 bit Build 17763 (10.0.17763.475)

CPU:total 8 (initial active 8) (4 cores per cpu, 2 threads per core) family 6 model 94 stepping 3, cmov, cx8, fxsr, mmx, sse, sse2, sse3, ssse3, sse4.1, sse4.2, popcnt, avx, avx2, aes, clmul, erms, rtm, 3dnowpref, lzcnt, ht, tsc, tscinvbit, bmi1, bmi2, adx

Memory: 4k page, physical 33497572k(21701304k free), swap 38478308k(23731200k free)

vm_info: Java HotSpot(TM) 64-Bit Server VM (25.181-b13) for windows-amd64 JRE (1.8.0_181-b13), built on Jul  7 2018 04:01:33 by "java_re" with MS VC++ 10.0 (VS2010)

time: Fri Nov 22 19:54:19 2019
elapsed time: 245 seconds (0d 0h 4m 5s)

