#
# A fatal error has been detected by the Java Runtime Environment:
#
#  EXCEPTION_ACCESS_VIOLATION (0xc0000005) at pc=0x00007ffb1d296490, pid=7416, tid=0x0000000000002b34
#
# JRE version: Java(TM) SE Runtime Environment (8.0_181-b13) (build 1.8.0_181-b13)
# Java VM: Java HotSpot(TM) 64-Bit Server VM (25.181-b13 mixed mode windows-amd64 compressed oops)
# Problematic frame:
# C  [glfw.dll+0x6490]
#
# Failed to write core dump. Minidumps are not enabled by default on client versions of Windows
#
# If you would like to submit a bug report, please visit:
#   http://bugreport.java.com/bugreport/crash.jsp
# The crash happened outside the Java Virtual Machine in native code.
# See problematic frame for where to report the bug.
#

---------------  T H R E A D  ---------------

Current thread (0x0000000028e3b000):  JavaThread "CleanUpThread" [_thread_in_native, id=11060, stack(0x0000000035000000,0x0000000035100000)]

siginfo: ExceptionCode=0xc0000005, reading address 0x0000000000000000

Registers:
RAX=0x0000000000000000, RBX=0x0000000000c85ee0, RCX=0x0000000000000000, RDX=0x00007ffb1d2e7ee0
RSP=0x00000000350ff350, RBP=0x00000000350ff3e0, RSI=0x0000000000000108, RDI=0x0000000002bf7f10
R8 =0x0000000000c85ee0, R9 =0x00007ffb1d2963e0, R10=0x00007ffb1d301b10, R11=0x00000000030d5cd8
R12=0x0000000000000000, R13=0x00000000350ff400, R14=0x00000000350ff3d0, R15=0x0000000028e3b000
RIP=0x00007ffb1d296490, EFLAGS=0x0000000000010283

Top of Stack: (sp=0x00000000350ff350)
0x00000000350ff350:   0000000000c85ee0 0000000073fdc910
0x00000000350ff360:   00000007c0000d48 00000000350ff368
0x00000000350ff370:   0000000025819100 00000000030d5d8a
0x00000000350ff380:   0000000025843d38 0000000000000000
0x00000000350ff390:   0000000025813df8 0000000000000000
0x00000000350ff3a0:   00000000350ff3c8 00000000350ff438
0x00000000350ff3b0:   0000000002bf7f10 00000005c0c035f8
0x00000000350ff3c0:   0000000002c07a57 00007ffb1d293ea0
0x00000000350ff3d0:   00000005c0c035f8 0000000000000000
0x00000000350ff3e0:   00000000350ff460 0000000002bf83fd
0x00000000350ff3f0:   0000000000000011 0000000002bf83fd
0x00000000350ff400:   00007ffb1d2963e0 00000000350ff488
0x00000000350ff410:   0000000000c85ee0 0000000000000000
0x00000000350ff420:   00000000350ff420 000000002584f3d6
0x00000000350ff430:   00000000350ff488 000000002585b140
0x00000000350ff440:   0000000000000000 000000002584f408 

Instructions: (pc=0x00007ffb1d296490)
0x00007ffb1d296470:   48 8b 0d 69 1a 05 00 48 8d 15 62 1a 05 00 48 3b
0x00007ffb1d296480:   cb 74 1b 0f 1f 40 00 66 0f 1f 84 00 00 00 00 00
0x00007ffb1d296490:   48 8b 01 48 8b d1 48 8b c8 48 3b c3 75 f2 48 8b
0x00007ffb1d2964a0:   03 48 8b cb 48 89 02 48 83 c4 20 5b e9 97 27 01 


Register to memory mapping:

RAX=0x0000000000000000 is an unknown value
RBX=0x0000000000c85ee0 is an unknown value
RCX=0x0000000000000000 is an unknown value
RDX=0x00007ffb1d2e7ee0 is an unknown value
RSP=0x00000000350ff350 is pointing into the stack for thread: 0x0000000028e3b000
RBP=0x00000000350ff3e0 is pointing into the stack for thread: 0x0000000028e3b000
RSI=0x0000000000000108 is an unknown value
RDI=0x0000000002bf7f10 is at code_begin+1040 in an Interpreter codelet
invoke return entry points  [0x0000000002bf7b00, 0x0000000002bf84e0]  2528 bytes
R8 =0x0000000000c85ee0 is an unknown value
R9 =0x00007ffb1d2963e0 is an unknown value
R10=0x00007ffb1d301b10 is an unknown value
R11=0x00000000030d5cd8 is at entry_point+24 in (nmethod*)0x00000000030d5b50
R12=0x0000000000000000 is an unknown value
R13=0x00000000350ff400 is pointing into the stack for thread: 0x0000000028e3b000
R14=0x00000000350ff3d0 is pointing into the stack for thread: 0x0000000028e3b000
R15=0x0000000028e3b000 is a thread


Stack: [0x0000000035000000,0x0000000035100000],  sp=0x00000000350ff350,  free space=1020k
Native frames: (J=compiled Java code, j=interpreted, Vv=VM code, C=native code)
C  [glfw.dll+0x6490]
C  0x00000000030d5d8a

Java frames: (J=compiled Java code, j=interpreted, Vv=VM code)
J 1124  org.lwjgl.system.JNI.invokePV(JJ)V (0 bytes) @ 0x00000000030d5d04 [0x00000000030d5cc0+0x44]
j  org.lwjgl.glfw.GLFW.glfwDestroyWindow(J)V+6
j  SkyNetJR.Graphics.GLFWWindowManager.WindowManager.DestroyWindow(J)V+5
j  SkyNetJR.Threading.WindowThread.Destroy()V+8
j  SkyNetJR.Graphics.Rendering.View.Destroy()V+4
j  SkyNetJR.Threading.WindowThread.lambda$run$1()V+12
j  SkyNetJR.Threading.WindowThread$$Lambda$20.run()V+4
j  java.lang.Thread.run()V+11
v  ~StubRoutines::call_stub

---------------  P R O C E S S  ---------------

Java Threads: ( => current thread )
=>0x0000000028e3b000 JavaThread "CleanUpThread" [_thread_in_native, id=11060, stack(0x0000000035000000,0x0000000035100000)]
  0x0000000028e3b800 JavaThread "pool-1-thread-24" [_thread_blocked, id=2912, stack(0x000000002da90000,0x000000002db90000)]
  0x0000000028e35800 JavaThread "pool-1-thread-23" [_thread_blocked, id=564, stack(0x000000002d990000,0x000000002da90000)]
  0x0000000028e3a000 JavaThread "pool-1-thread-22" [_thread_in_Java, id=11128, stack(0x000000002d890000,0x000000002d990000)]
  0x0000000028e38800 JavaThread "pool-1-thread-21" [_thread_blocked, id=12008, stack(0x000000002d790000,0x000000002d890000)]
  0x0000000028e39800 JavaThread "pool-1-thread-20" [_thread_blocked, id=2120, stack(0x000000002d690000,0x000000002d790000)]
  0x0000000028e37000 JavaThread "pool-1-thread-19" [_thread_blocked, id=9264, stack(0x000000002d590000,0x000000002d690000)]
  0x0000000028e38000 JavaThread "pool-1-thread-18" [_thread_blocked, id=7748, stack(0x000000002d490000,0x000000002d590000)]
  0x0000000028d96000 JavaThread "pool-1-thread-17" [_thread_in_Java, id=6148, stack(0x000000002d390000,0x000000002d490000)]
  0x0000000028d95800 JavaThread "pool-1-thread-16" [_thread_blocked, id=7096, stack(0x000000002d290000,0x000000002d390000)]
  0x0000000028d94000 JavaThread "pool-1-thread-15" [_thread_blocked, id=6440, stack(0x000000002d190000,0x000000002d290000)]
  0x0000000028d97800 JavaThread "pool-1-thread-14" [_thread_blocked, id=6132, stack(0x000000002d090000,0x000000002d190000)]
  0x0000000028d94800 JavaThread "pool-1-thread-13" [_thread_in_Java, id=1052, stack(0x000000002cf90000,0x000000002d090000)]
  0x0000000028d93000 JavaThread "pool-1-thread-12" [_thread_in_Java, id=10464, stack(0x000000002ce90000,0x000000002cf90000)]
  0x0000000028d92800 JavaThread "pool-1-thread-11" [_thread_blocked, id=892, stack(0x000000002cd90000,0x000000002ce90000)]
  0x0000000028d91800 JavaThread "pool-1-thread-10" [_thread_blocked, id=6540, stack(0x000000002cc90000,0x000000002cd90000)]
  0x0000000028d98800 JavaThread "pool-1-thread-9" [_thread_blocked, id=1596, stack(0x000000002cb90000,0x000000002cc90000)]
  0x0000000028d97000 JavaThread "pool-1-thread-8" [_thread_in_Java, id=13364, stack(0x000000002ca90000,0x000000002cb90000)]
  0x0000000028dca000 JavaThread "pool-1-thread-7" [_thread_blocked, id=10480, stack(0x000000002c990000,0x000000002ca90000)]
  0x0000000028e2f000 JavaThread "pool-1-thread-6" [_thread_blocked, id=9628, stack(0x000000002c690000,0x000000002c790000)]
  0x0000000028dc9800 JavaThread "pool-1-thread-5" [_thread_blocked, id=12428, stack(0x000000002c590000,0x000000002c690000)]
  0x0000000028dc9000 JavaThread "pool-1-thread-4" [_thread_blocked, id=6596, stack(0x000000002c490000,0x000000002c590000)]
  0x0000000028aa7800 JavaThread "pool-1-thread-3" [_thread_blocked, id=11776, stack(0x000000002c390000,0x000000002c490000)]
  0x0000000028aa6800 JavaThread "pool-1-thread-2" [_thread_in_Java, id=5716, stack(0x000000002c290000,0x000000002c390000)]
  0x0000000028e34000 JavaThread "pool-1-thread-1" [_thread_blocked, id=9148, stack(0x000000002c190000,0x000000002c290000)]
  0x0000000028d41800 JavaThread "SkyNetJR.MainSimulationThread" [_thread_blocked, id=16108, stack(0x000000002bb90000,0x000000002bc90000)]
  0x0000000028918000 JavaThread "Service Thread" daemon [_thread_blocked, id=7448, stack(0x0000000029280000,0x0000000029380000)]
  0x0000000028884800 JavaThread "C1 CompilerThread3" daemon [_thread_blocked, id=5816, stack(0x0000000029180000,0x0000000029280000)]
  0x000000002887d000 JavaThread "C2 CompilerThread2" daemon [_thread_blocked, id=1484, stack(0x0000000029080000,0x0000000029180000)]
  0x000000002887c000 JavaThread "C2 CompilerThread1" daemon [_thread_blocked, id=14964, stack(0x0000000028f80000,0x0000000029080000)]
  0x000000002887b800 JavaThread "C2 CompilerThread0" daemon [_thread_blocked, id=9132, stack(0x0000000028e80000,0x0000000028f80000)]
  0x0000000027b9d800 JavaThread "JDWP Command Reader" daemon [_thread_in_native, id=9188, stack(0x0000000028580000,0x0000000028680000)]
  0x0000000027b9a800 JavaThread "JDWP Event Helper Thread" daemon [_thread_blocked, id=6276, stack(0x0000000028480000,0x0000000028580000)]
  0x0000000027b8c800 JavaThread "JDWP Transport Listener: dt_socket" daemon [_thread_blocked, id=14140, stack(0x0000000028380000,0x0000000028480000)]
  0x0000000027b7e800 JavaThread "Attach Listener" daemon [_thread_blocked, id=1080, stack(0x0000000028280000,0x0000000028380000)]
  0x0000000025c9e800 JavaThread "Signal Dispatcher" daemon [_thread_blocked, id=9856, stack(0x0000000028180000,0x0000000028280000)]
  0x0000000027b70800 JavaThread "Finalizer" daemon [_thread_blocked, id=15828, stack(0x0000000027f50000,0x0000000028050000)]
  0x0000000025c8d800 JavaThread "Reference Handler" daemon [_thread_blocked, id=16124, stack(0x0000000027a50000,0x0000000027b50000)]
  0x0000000002af7000 JavaThread "MainThread" [_thread_blocked, id=3484, stack(0x00000000028f0000,0x00000000029f0000)]

Other Threads:
  0x0000000025c88800 VMThread [stack: 0x0000000027950000,0x0000000027a50000] [id=1724]
  0x00000000289a0000 WatcherThread [stack: 0x0000000029380000,0x0000000029480000] [id=4384]

VM state:not at safepoint (normal execution)

VM Mutex/Monitor currently owned by a thread: None

Heap:
 PSYoungGen      total 1923072K, used 248844K [0x0000000715980000, 0x000000079ab00000, 0x00000007c0000000)
  eden space 1715712K, 5% used [0x0000000715980000,0x000000071b7fb350,0x000000077e500000)
  from space 207360K, 73% used [0x000000078bf00000,0x0000000795388000,0x0000000798980000)
  to   space 223232K, 0% used [0x000000077e500000,0x000000077e500000,0x000000078bf00000)
 ParOldGen       total 595456K, used 359673K [0x00000005c0c00000, 0x00000005e5180000, 0x0000000715980000)
  object space 595456K, 60% used [0x00000005c0c00000,0x00000005d6b3e768,0x00000005e5180000)
 Metaspace       used 10631K, capacity 10963K, committed 11264K, reserved 1058816K
  class space    used 875K, capacity 982K, committed 1024K, reserved 1048576K

Card table byte_map: [0x0000000011fb0000,0x0000000012fb0000] byte_map_base: 0x000000000f1aa000

Marking Bits: (ParMarkBitMap*) 0x00000000746c2d00
 Begin Bits: [0x0000000014260000, 0x000000001c230000)
 End Bits:   [0x000000001c230000, 0x0000000024200000)

Polling page: 0x00000000007f0000

CodeCache: size=245760Kb used=6130Kb max_used=6167Kb free=239629Kb
 bounds [0x0000000002bf0000, 0x0000000003200000, 0x0000000011bf0000]
 total_blobs=2186 nmethods=1253 adapters=854
 compilation: enabled

Compilation events (10 events):
Event: 55.704 Thread 0x0000000028884800 nmethod 1266 0x0000000002d02f10 code [0x0000000002d030a0, 0x0000000002d033d8]
Event: 55.704 Thread 0x0000000028884800 1267       3       sun.nio.cs.UTF_8::access$200 (8 bytes)
Event: 55.705 Thread 0x0000000028884800 nmethod 1267 0x0000000002d05b90 code [0x0000000002d05d20, 0x0000000002d061b8]
Event: 55.705 Thread 0x0000000028884800 1268       3       sun.nio.cs.UTF_8::updatePositions (23 bytes)
Event: 55.705 Thread 0x0000000028884800 nmethod 1268 0x0000000002d0f250 code [0x0000000002d0f3e0, 0x0000000002d0f818]
Event: 56.069 Thread 0x000000002887c000 1269       4       SkyNetJR.AI.NeuralNetwork::Destroy (42 bytes)
Event: 56.073 Thread 0x000000002887c000 nmethod 1269 0x0000000002d99d50 code [0x0000000002d99ec0, 0x0000000002d9a358]
Event: 57.812 Thread 0x0000000028884800 1270       3       com.intellij.rt.debugger.agent.CaptureStorage$WeakKey::equals (50 bytes)
Event: 57.812 Thread 0x0000000028884800 nmethod 1270 0x0000000002d17e50 code [0x0000000002d17fe0, 0x0000000002d185b0]
Event: 61.122 Thread 0x000000002887d000 1271       4       jdk.internal.org.objectweb.asm.ClassWriter::get (49 bytes)

GC Heap History (10 events):
Event: 51.057 GC heap before
{Heap before GC invocations=43 (full 0):
 PSYoungGen      total 1226752K, used 1226752K [0x0000000715980000, 0x0000000783180000, 0x00000007c0000000)
  eden space 1170432K, 100% used [0x0000000715980000,0x000000075d080000,0x000000075d080000)
  from space 56320K, 100% used [0x000000077fa80000,0x0000000783180000,0x0000000783180000)
  to   space 121344K, 0% used [0x0000000774480000,0x0000000774480000,0x000000077bb00000)
 ParOldGen       total 349696K, used 225168K [0x00000005c0c00000, 0x00000005d6180000, 0x0000000715980000)
  object space 349696K, 64% used [0x00000005c0c00000,0x00000005ce7e43d0,0x00000005d6180000)
 Metaspace       used 10626K, capacity 10957K, committed 11008K, reserved 1058816K
  class space    used 874K, capacity 981K, committed 1024K, reserved 1048576K
Event: 51.158 GC heap after
Heap after GC invocations=43 (full 0):
 PSYoungGen      total 1549312K, used 121312K [0x0000000715980000, 0x000000077fb00000, 0x00000007c0000000)
  eden space 1427968K, 0% used [0x0000000715980000,0x0000000715980000,0x000000076cc00000)
  from space 121344K, 99% used [0x0000000774480000,0x000000077baf8010,0x000000077bb00000)
  to   space 65536K, 0% used [0x000000077bb00000,0x000000077bb00000,0x000000077fb00000)
 ParOldGen       total 349696K, used 238937K [0x00000005c0c00000, 0x00000005d6180000, 0x0000000715980000)
  object space 349696K, 68% used [0x00000005c0c00000,0x00000005cf5564f0,0x00000005d6180000)
 Metaspace       used 10626K, capacity 10957K, committed 11008K, reserved 1058816K
  class space    used 874K, capacity 981K, committed 1024K, reserved 1048576K
}
Event: 53.978 GC heap before
{Heap before GC invocations=44 (full 0):
 PSYoungGen      total 1549312K, used 1549280K [0x0000000715980000, 0x000000077fb00000, 0x00000007c0000000)
  eden space 1427968K, 100% used [0x0000000715980000,0x000000076cc00000,0x000000076cc00000)
  from space 121344K, 99% used [0x0000000774480000,0x000000077baf8010,0x000000077bb00000)
  to   space 65536K, 0% used [0x000000077bb00000,0x000000077bb00000,0x000000077fb00000)
 ParOldGen       total 349696K, used 238937K [0x00000005c0c00000, 0x00000005d6180000, 0x0000000715980000)
  object space 349696K, 68% used [0x00000005c0c00000,0x00000005cf5564f0,0x00000005d6180000)
 Metaspace       used 10627K, capacity 10957K, committed 11008K, reserved 1058816K
  class space    used 874K, capacity 981K, committed 1024K, reserved 1048576K
Event: 54.077 GC heap after
Heap after GC invocations=44 (full 0):
 PSYoungGen      total 1552896K, used 65528K [0x0000000715980000, 0x0000000796900000, 0x00000007c0000000)
  eden space 1487360K, 0% used [0x0000000715980000,0x0000000715980000,0x0000000770600000)
  from space 65536K, 99% used [0x000000077bb00000,0x000000077fafe1a8,0x000000077fb00000)
  to   space 185344K, 0% used [0x0000000770600000,0x0000000770600000,0x000000077bb00000)
 ParOldGen       total 353792K, used 352425K [0x00000005c0c00000, 0x00000005d6580000, 0x0000000715980000)
  object space 353792K, 99% used [0x00000005c0c00000,0x00000005d642a500,0x00000005d6580000)
 Metaspace       used 10627K, capacity 10957K, committed 11008K, reserved 1058816K
  class space    used 874K, capacity 981K, committed 1024K, reserved 1048576K
}
Event: 54.077 GC heap before
{Heap before GC invocations=45 (full 1):
 PSYoungGen      total 1552896K, used 65528K [0x0000000715980000, 0x0000000796900000, 0x00000007c0000000)
  eden space 1487360K, 0% used [0x0000000715980000,0x0000000715980000,0x0000000770600000)
  from space 65536K, 99% used [0x000000077bb00000,0x000000077fafe1a8,0x000000077fb00000)
  to   space 185344K, 0% used [0x0000000770600000,0x0000000770600000,0x000000077bb00000)
 ParOldGen       total 353792K, used 352425K [0x00000005c0c00000, 0x00000005d6580000, 0x0000000715980000)
  object space 353792K, 99% used [0x00000005c0c00000,0x00000005d642a500,0x00000005d6580000)
 Metaspace       used 10627K, capacity 10957K, committed 11008K, reserved 1058816K
  class space    used 874K, capacity 981K, committed 1024K, reserved 1048576K
Event: 54.704 GC heap after
Heap after GC invocations=45 (full 1):
 PSYoungGen      total 1552896K, used 0K [0x0000000715980000, 0x0000000796900000, 0x00000007c0000000)
  eden space 1487360K, 0% used [0x0000000715980000,0x0000000715980000,0x0000000770600000)
  from space 65536K, 0% used [0x000000077bb00000,0x000000077bb00000,0x000000077fb00000)
  to   space 185344K, 0% used [0x0000000770600000,0x0000000770600000,0x000000077bb00000)
 ParOldGen       total 595456K, used 347361K [0x00000005c0c00000, 0x00000005e5180000, 0x0000000715980000)
  object space 595456K, 58% used [0x00000005c0c00000,0x00000005d5f38768,0x00000005e5180000)
 Metaspace       used 10627K, capacity 10957K, committed 11008K, reserved 1058816K
  class space    used 874K, capacity 981K, committed 1024K, reserved 1048576K
}
Event: 57.663 GC heap before
{Heap before GC invocations=46 (full 1):
 PSYoungGen      total 1552896K, used 1487360K [0x0000000715980000, 0x0000000796900000, 0x00000007c0000000)
  eden space 1487360K, 100% used [0x0000000715980000,0x0000000770600000,0x0000000770600000)
  from space 65536K, 0% used [0x000000077bb00000,0x000000077bb00000,0x000000077fb00000)
  to   space 185344K, 0% used [0x0000000770600000,0x0000000770600000,0x000000077bb00000)
 ParOldGen       total 595456K, used 347361K [0x00000005c0c00000, 0x00000005e5180000, 0x0000000715980000)
  object space 595456K, 58% used [0x00000005c0c00000,0x00000005d5f38768,0x00000005e5180000)
 Metaspace       used 10627K, capacity 10957K, committed 11008K, reserved 1058816K
  class space    used 874K, capacity 981K, committed 1024K, reserved 1048576K
Event: 57.790 GC heap after
Heap after GC invocations=46 (full 1):
 PSYoungGen      total 1672704K, used 156224K [0x0000000715980000, 0x0000000798980000, 0x00000007c0000000)
  eden space 1487360K, 0% used [0x0000000715980000,0x0000000715980000,0x0000000770600000)
  from space 185344K, 84% used [0x0000000770600000,0x0000000779e90000,0x000000077bb00000)
  to   space 207360K, 0% used [0x000000078bf00000,0x000000078bf00000,0x0000000798980000)
 ParOldGen       total 595456K, used 347361K [0x00000005c0c00000, 0x00000005e5180000, 0x0000000715980000)
  object space 595456K, 58% used [0x00000005c0c00000,0x00000005d5f38768,0x00000005e5180000)
 Metaspace       used 10627K, capacity 10957K, committed 11008K, reserved 1058816K
  class space    used 874K, capacity 981K, committed 1024K, reserved 1048576K
}
Event: 60.802 GC heap before
{Heap before GC invocations=47 (full 1):
 PSYoungGen      total 1672704K, used 1643584K [0x0000000715980000, 0x0000000798980000, 0x00000007c0000000)
  eden space 1487360K, 100% used [0x0000000715980000,0x0000000770600000,0x0000000770600000)
  from space 185344K, 84% used [0x0000000770600000,0x0000000779e90000,0x000000077bb00000)
  to   space 207360K, 0% used [0x000000078bf00000,0x000000078bf00000,0x0000000798980000)
 ParOldGen       total 595456K, used 347361K [0x00000005c0c00000, 0x00000005e5180000, 0x0000000715980000)
  object space 595456K, 58% used [0x00000005c0c00000,0x00000005d5f38768,0x00000005e5180000)
 Metaspace       used 10628K, capacity 10957K, committed 11008K, reserved 1058816K
  class space    used 874K, capacity 981K, committed 1024K, reserved 1048576K
Event: 60.926 GC heap after
Heap after GC invocations=47 (full 1):
 PSYoungGen      total 1923072K, used 152096K [0x0000000715980000, 0x000000079ab00000, 0x00000007c0000000)
  eden space 1715712K, 0% used [0x0000000715980000,0x0000000715980000,0x000000077e500000)
  from space 207360K, 73% used [0x000000078bf00000,0x0000000795388000,0x0000000798980000)
  to   space 223232K, 0% used [0x000000077e500000,0x000000077e500000,0x000000078bf00000)
 ParOldGen       total 595456K, used 359673K [0x00000005c0c00000, 0x00000005e5180000, 0x0000000715980000)
  object space 595456K, 60% used [0x00000005c0c00000,0x00000005d6b3e768,0x00000005e5180000)
 Metaspace       used 10628K, capacity 10957K, committed 11008K, reserved 1058816K
  class space    used 874K, capacity 981K, committed 1024K, reserved 1048576K
}

Deoptimization events (10 events):
Event: 41.587 Thread 0x0000000028d41800 Uncommon trap: reason=unstable_if action=reinterpret pc=0x0000000003167cd8 method=SkyNetJR.Creatures.Population.UpdateCollisionGrid(LSkyNetJR/Creatures/Creature;II)V @ 40
Event: 41.611 Thread 0x0000000028d41800 Uncommon trap: reason=class_check action=maybe_recompile pc=0x0000000002f99534 method=java.util.concurrent.ConcurrentHashMap.putVal(Ljava/lang/Object;Ljava/lang/Object;Z)Ljava/lang/Object; @ 192
Event: 41.631 Thread 0x0000000028d41800 Uncommon trap: reason=class_check action=maybe_recompile pc=0x0000000002f99534 method=java.util.concurrent.ConcurrentHashMap.putVal(Ljava/lang/Object;Ljava/lang/Object;Z)Ljava/lang/Object; @ 192
Event: 42.066 Thread 0x0000000028d3f800 Uncommon trap: reason=unstable_if action=reinterpret pc=0x00000000031072ac method=SkyNetJR.Graphics.Rendering.Renderers.PopulationRenderer.Render(II)V @ 54
Event: 42.234 Thread 0x0000000028d41800 Uncommon trap: reason=unstable_if action=reinterpret pc=0x000000000305d150 method=java.util.concurrent.ConcurrentHashMap.replaceNode(Ljava/lang/Object;Ljava/lang/Object;Ljava/lang/Object;)Ljava/lang/Object; @ 136
Event: 42.642 Thread 0x0000000028d91800 Uncommon trap: reason=unstable_if action=reinterpret pc=0x000000000316ce58 method=java.util.concurrent.ConcurrentHashMap.get(Ljava/lang/Object;)Ljava/lang/Object; @ 152
Event: 42.704 Thread 0x0000000028d97800 Uncommon trap: reason=unstable_if action=reinterpret pc=0x0000000003020d94 method=com.intellij.rt.debugger.agent.CaptureStorage$HardKey.equals(Ljava/lang/Object;)Z @ 23
Event: 42.704 Thread 0x0000000028d97800 Uncommon trap: reason=unstable_if action=reinterpret pc=0x0000000002fa331c method=java.util.concurrent.ConcurrentHashMap.get(Ljava/lang/Object;)Ljava/lang/Object; @ 76
Event: 48.629 Thread 0x0000000028d41800 Uncommon trap: reason=unstable_if action=reinterpret pc=0x00000000030b1664 method=java.util.concurrent.locks.AbstractQueuedSynchronizer.transferForSignal(Ljava/util/concurrent/locks/AbstractQueuedSynchronizer$Node;)Z @ 33
Event: 52.492 Thread 0x0000000028d41800 Uncommon trap: reason=unstable_if action=reinterpret pc=0x00000000030a9558 method=java.util.concurrent.locks.AbstractQueuedSynchronizer.transferForSignal(Ljava/util/concurrent/locks/AbstractQueuedSynchronizer$Node;)Z @ 33

Classes redefined (0 events):
No events

Internal exceptions (10 events):
Event: 0.449 Thread 0x0000000002af7000 Exception <a 'sun/nio/fs/WindowsException'> (0x00000007169a6c40) thrown at [C:\re\workspace\8-2-build-windows-amd64-cygwin\jdk8u181\11358\hotspot\src\share\vm\prims\jni.cpp, line 709]
Event: 0.449 Thread 0x0000000002af7000 Exception <a 'sun/nio/fs/WindowsException'> (0x00000007169a9940) thrown at [C:\re\workspace\8-2-build-windows-amd64-cygwin\jdk8u181\11358\hotspot\src\share\vm\prims\jni.cpp, line 709]
Event: 0.498 Thread 0x0000000002af7000 Exception <a 'sun/nio/fs/WindowsException'> (0x0000000716b3b2e8) thrown at [C:\re\workspace\8-2-build-windows-amd64-cygwin\jdk8u181\11358\hotspot\src\share\vm\prims\jni.cpp, line 709]
Event: 0.499 Thread 0x0000000002af7000 Exception <a 'sun/nio/fs/WindowsException'> (0x0000000716b3ba40) thrown at [C:\re\workspace\8-2-build-windows-amd64-cygwin\jdk8u181\11358\hotspot\src\share\vm\prims\jni.cpp, line 709]
Event: 0.523 Thread 0x0000000002af7000 Exception <a 'sun/nio/fs/WindowsException'> (0x0000000716c2de98) thrown at [C:\re\workspace\8-2-build-windows-amd64-cygwin\jdk8u181\11358\hotspot\src\share\vm\prims\jni.cpp, line 709]
Event: 0.523 Thread 0x0000000002af7000 Exception <a 'sun/nio/fs/WindowsException'> (0x0000000716c2e5a0) thrown at [C:\re\workspace\8-2-build-windows-amd64-cygwin\jdk8u181\11358\hotspot\src\share\vm\prims\jni.cpp, line 709]
Event: 2.003 Thread 0x0000000028d3f800 Exception <a 'sun/nio/fs/WindowsException'> (0x000000071af7b5c8) thrown at [C:\re\workspace\8-2-build-windows-amd64-cygwin\jdk8u181\11358\hotspot\src\share\vm\prims\jni.cpp, line 709]
Event: 2.003 Thread 0x0000000028d3f800 Exception <a 'sun/nio/fs/WindowsException'> (0x000000071af7bd30) thrown at [C:\re\workspace\8-2-build-windows-amd64-cygwin\jdk8u181\11358\hotspot\src\share\vm\prims\jni.cpp, line 709]
Event: 2.005 Thread 0x0000000028d3f800 Exception <a 'sun/nio/fs/WindowsException'> (0x000000071af93a90) thrown at [C:\re\workspace\8-2-build-windows-amd64-cygwin\jdk8u181\11358\hotspot\src\share\vm\prims\jni.cpp, line 709]
Event: 2.005 Thread 0x0000000028d3f800 Exception <a 'sun/nio/fs/WindowsException'> (0x000000071af940b0) thrown at [C:\re\workspace\8-2-build-windows-amd64-cygwin\jdk8u181\11358\hotspot\src\share\vm\prims\jni.cpp, line 709]

Events (10 events):
Event: 61.107 Executing VM operation: RevokeBias
Event: 61.107 Executing VM operation: RevokeBias done
Event: 61.107 Thread 0x0000000028d3f800 DEOPT PACKING pc=0x0000000002d4683c sp=0x000000002bd8df10
Event: 61.107 Thread 0x0000000028d3f800 DEOPT UNPACKING pc=0x0000000002c37890 sp=0x000000002bd8dd30 mode 1
Event: 61.122 loading class SkyNetJR/Threading/WindowThread
Event: 61.122 loading class SkyNetJR/Threading/WindowThread done
Event: 61.122 Thread 0x0000000028e3b000 Thread added: 0x0000000028e3b000
Event: 61.122 Thread 0x0000000028d3f800 Thread exited: 0x0000000028d3f800
Event: 61.123 Executing VM operation: RevokeBias
Event: 61.123 Executing VM operation: RevokeBias done


Dynamic libraries:
0x00007ff7453b0000 - 0x00007ff7453e7000 	C:\Program Files\Java\jdk1.8.0_181\bin\java.exe
0x00007ffb39d30000 - 0x00007ffb39f1d000 	C:\WINDOWS\SYSTEM32\ntdll.dll
0x00007ffb37ae0000 - 0x00007ffb37b93000 	C:\WINDOWS\System32\KERNEL32.DLL
0x00007ffb364f0000 - 0x00007ffb36783000 	C:\WINDOWS\System32\KERNELBASE.dll
0x00007ffb37340000 - 0x00007ffb373e3000 	C:\WINDOWS\System32\ADVAPI32.dll
0x00007ffb37fe0000 - 0x00007ffb3807e000 	C:\WINDOWS\System32\msvcrt.dll
0x00007ffb37dd0000 - 0x00007ffb37e6e000 	C:\WINDOWS\System32\sechost.dll
0x00007ffb380a0000 - 0x00007ffb381c2000 	C:\WINDOWS\System32\RPCRT4.dll
0x00007ffb375d0000 - 0x00007ffb37767000 	C:\WINDOWS\System32\USER32.dll
0x00007ffb36420000 - 0x00007ffb36440000 	C:\WINDOWS\System32\win32u.dll
0x00007ffb37ab0000 - 0x00007ffb37ad9000 	C:\WINDOWS\System32\GDI32.dll
0x00007ffb35df0000 - 0x00007ffb35f89000 	C:\WINDOWS\System32\gdi32full.dll
0x00007ffb36380000 - 0x00007ffb36420000 	C:\WINDOWS\System32\msvcp_win.dll
0x00007ffb36250000 - 0x00007ffb3634a000 	C:\WINDOWS\System32\ucrtbase.dll
0x00007ffb2a160000 - 0x00007ffb2a3d9000 	C:\WINDOWS\WinSxS\amd64_microsoft.windows.common-controls_6595b64144ccf1df_6.0.17763.864_none_05b3441807210760\COMCTL32.dll
0x00007ffb37780000 - 0x00007ffb37aac000 	C:\WINDOWS\System32\combase.dll
0x00007ffb35f90000 - 0x00007ffb3600e000 	C:\WINDOWS\System32\bcryptPrimitives.dll
0x00007ffb37ee0000 - 0x00007ffb37f0e000 	C:\WINDOWS\System32\IMM32.DLL
0x0000000074750000 - 0x0000000074822000 	C:\Program Files\Java\jdk1.8.0_181\jre\bin\msvcr100.dll
0x0000000073ea0000 - 0x0000000074742000 	C:\Program Files\Java\jdk1.8.0_181\jre\bin\server\jvm.dll
0x00007ffb37770000 - 0x00007ffb37778000 	C:\WINDOWS\System32\PSAPI.DLL
0x00007ffb2ffb0000 - 0x00007ffb2ffba000 	C:\WINDOWS\SYSTEM32\VERSION.dll
0x00007ffb21540000 - 0x00007ffb21549000 	C:\WINDOWS\SYSTEM32\WSOCK32.dll
0x00007ffb33950000 - 0x00007ffb33974000 	C:\WINDOWS\SYSTEM32\WINMM.dll
0x00007ffb37e70000 - 0x00007ffb37edd000 	C:\WINDOWS\System32\WS2_32.dll
0x00007ffb33920000 - 0x00007ffb3394d000 	C:\WINDOWS\SYSTEM32\winmmbase.dll
0x00007ffb36f00000 - 0x00007ffb36f4a000 	C:\WINDOWS\System32\cfgmgr32.dll
0x0000000073e90000 - 0x0000000073e9f000 	C:\Program Files\Java\jdk1.8.0_181\jre\bin\verify.dll
0x0000000073e60000 - 0x0000000073e89000 	C:\Program Files\Java\jdk1.8.0_181\jre\bin\java.dll
0x0000000073db0000 - 0x0000000073de5000 	C:\Program Files\Java\jdk1.8.0_181\jre\bin\jdwp.dll
0x0000000073da0000 - 0x0000000073da8000 	C:\Program Files\Java\jdk1.8.0_181\jre\bin\npt.dll
0x0000000073d70000 - 0x0000000073d93000 	C:\Program Files\Java\jdk1.8.0_181\jre\bin\instrument.dll
0x0000000073e40000 - 0x0000000073e56000 	C:\Program Files\Java\jdk1.8.0_181\jre\bin\zip.dll
0x00007ffb38800000 - 0x00007ffb39cf4000 	C:\WINDOWS\System32\SHELL32.dll
0x00007ffb37280000 - 0x00007ffb37328000 	C:\WINDOWS\System32\shcore.dll
0x00007ffb367b0000 - 0x00007ffb36efd000 	C:\WINDOWS\System32\windows.storage.dll
0x00007ffb35d20000 - 0x00007ffb35d44000 	C:\WINDOWS\System32\profapi.dll
0x00007ffb35d70000 - 0x00007ffb35dcd000 	C:\WINDOWS\System32\powrprof.dll
0x00007ffb37d60000 - 0x00007ffb37db2000 	C:\WINDOWS\System32\shlwapi.dll
0x00007ffb35d50000 - 0x00007ffb35d61000 	C:\WINDOWS\System32\kernel.appcore.dll
0x00007ffb36790000 - 0x00007ffb367a7000 	C:\WINDOWS\System32\cryptsp.dll
0x0000000073d60000 - 0x0000000073d69000 	C:\Program Files\Java\jdk1.8.0_181\jre\bin\dt_socket.dll
0x00007ffb35590000 - 0x00007ffb355f7000 	C:\WINDOWS\system32\mswsock.dll
0x0000000073e20000 - 0x0000000073e3a000 	C:\Program Files\Java\jdk1.8.0_181\jre\bin\net.dll
0x0000000073e00000 - 0x0000000073e11000 	C:\Program Files\Java\jdk1.8.0_181\jre\bin\nio.dll
0x00007ffb1d300000 - 0x00007ffb1d364000 	C:\Users\LHK1337\AppData\Local\Temp\lwjglLHK1337\3.2.3-build-13\lwjgl.dll
0x00007ffafddf0000 - 0x00007ffafe043000 	C:\Users\LHK1337\AppData\Local\Temp\lwjglLHK1337\3.2.3-build-13\jemalloc.dll
0x00007ffb1d290000 - 0x00007ffb1d2f2000 	C:\Users\LHK1337\AppData\Local\Temp\lwjglLHK1337\3.2.3-build-13\glfw.dll
0x00007ffb33d20000 - 0x00007ffb33dbc000 	C:\WINDOWS\system32\uxtheme.dll
0x00007ffb1c000000 - 0x00007ffb1c044000 	C:\WINDOWS\SYSTEM32\dinput8.dll
0x00007ffb33ab0000 - 0x00007ffb33ac1000 	C:\WINDOWS\SYSTEM32\xinput1_4.dll
0x00007ffb35b50000 - 0x00007ffb35b79000 	C:\WINDOWS\SYSTEM32\DEVOBJ.dll
0x00007ffb33fa0000 - 0x00007ffb33fce000 	C:\WINDOWS\SYSTEM32\dwmapi.dll
0x00007ffb36010000 - 0x00007ffb361eb000 	C:\WINDOWS\System32\CRYPT32.dll
0x00007ffb35dd0000 - 0x00007ffb35de2000 	C:\WINDOWS\System32\MSASN1.dll
0x00007ffb28cf0000 - 0x00007ffb28dbc000 	C:\WINDOWS\SYSTEM32\inputhost.dll
0x00007ffb33830000 - 0x00007ffb33912000 	C:\WINDOWS\SYSTEM32\CoreMessaging.dll
0x00007ffb33fd0000 - 0x00007ffb341dd000 	C:\WINDOWS\SYSTEM32\twinapi.appcore.dll
0x00007ffb30e70000 - 0x00007ffb31192000 	C:\WINDOWS\SYSTEM32\CoreUIComponents.dll
0x00007ffb31f60000 - 0x00007ffb32109000 	C:\WINDOWS\SYSTEM32\PROPSYS.dll
0x00007ffb32d40000 - 0x00007ffb332fe000 	C:\WINDOWS\SYSTEM32\d2d1.dll
0x00007ffb30a80000 - 0x00007ffb30bd3000 	C:\WINDOWS\SYSTEM32\wintypes.dll
0x00007ffb37f10000 - 0x00007ffb37fd4000 	C:\WINDOWS\System32\OLEAUT32.dll
0x00007ffb341e0000 - 0x00007ffb34208000 	C:\WINDOWS\SYSTEM32\RMCLIENT.dll
0x00007ffb34d70000 - 0x00007ffb34da1000 	C:\WINDOWS\SYSTEM32\ntmarta.dll
0x00007ffb32ac0000 - 0x00007ffb32d3e000 	C:\WINDOWS\SYSTEM32\d3d11.dll
0x00007ffb34a30000 - 0x00007ffb34af2000 	C:\WINDOWS\SYSTEM32\dxgi.dll
0x00007ffb37030000 - 0x00007ffb3719c000 	C:\WINDOWS\System32\MSCTF.dll
0x00007ffb349a0000 - 0x00007ffb349ae000 	C:\WINDOWS\SYSTEM32\HID.DLL
0x00007ffb381d0000 - 0x00007ffb38646000 	C:\WINDOWS\System32\SETUPAPI.DLL
0x00007ffb36350000 - 0x00007ffb36376000 	C:\WINDOWS\System32\bcrypt.dll
0x00007ffb361f0000 - 0x00007ffb36249000 	C:\WINDOWS\System32\WINTRUST.dll
0x00007ffb00500000 - 0x00007ffb00627000 	C:\WINDOWS\SYSTEM32\opengl32.dll
0x00007ffb02780000 - 0x00007ffb027ac000 	C:\WINDOWS\SYSTEM32\GLU32.dll
0x00007ffae5170000 - 0x00007ffae7840000 	C:\WINDOWS\System32\DriverStore\FileRepository\nvgbdi.inf_amd64_2eb6819f212af614\nvoglv64.dll
0x00007ffb37c00000 - 0x00007ffb37d55000 	C:\WINDOWS\System32\ole32.dll
0x00007ffb32220000 - 0x00007ffb32233000 	C:\WINDOWS\SYSTEM32\WTSAPI32.dll
0x00007ffafd1e0000 - 0x00007ffafd4a2000 	C:\WINDOWS\system32\nvspcap64.dll
0x00007ffb34e10000 - 0x00007ffb34e68000 	C:\WINDOWS\SYSTEM32\WINSTA.dll
0x00007ffb28dc0000 - 0x00007ffb28e55000 	C:\WINDOWS\System32\TextInputFramework.dll
0x00007ffb1b3f0000 - 0x00007ffb1b449000 	C:\Users\LHK1337\AppData\Local\Temp\lwjglLHK1337\3.2.3-build-13\lwjgl_opengl.dll
0x00007ffb212c0000 - 0x00007ffb214ad000 	C:\WINDOWS\SYSTEM32\dbghelp.dll

VM Arguments:
jvm_args: -agentlib:jdwp=transport=dt_socket,address=127.0.0.1:54962,suspend=y,server=n -javaagent:C:\Users\LHK1337\AppData\Local\JetBrains\Toolbox\apps\IDEA-U\ch-0\192.7142.36\plugins\java\lib\rt\debugger-agent.jar -Dfile.encoding=UTF-8 
java_command: SkyNetJR.Main.Main
java_class_path (initial): C:\Program Files\Java\jdk1.8.0_181\jre\lib\charsets.jar;C:\Program Files\Java\jdk1.8.0_181\jre\lib\deploy.jar;C:\Program Files\Java\jdk1.8.0_181\jre\lib\ext\access-bridge-64.jar;C:\Program Files\Java\jdk1.8.0_181\jre\lib\ext\cldrdata.jar;C:\Program Files\Java\jdk1.8.0_181\jre\lib\ext\dnsns.jar;C:\Program Files\Java\jdk1.8.0_181\jre\lib\ext\jaccess.jar;C:\Program Files\Java\jdk1.8.0_181\jre\lib\ext\jfxrt.jar;C:\Program Files\Java\jdk1.8.0_181\jre\lib\ext\localedata.jar;C:\Program Files\Java\jdk1.8.0_181\jre\lib\ext\nashorn.jar;C:\Program Files\Java\jdk1.8.0_181\jre\lib\ext\sunec.jar;C:\Program Files\Java\jdk1.8.0_181\jre\lib\ext\sunjce_provider.jar;C:\Program Files\Java\jdk1.8.0_181\jre\lib\ext\sunmscapi.jar;C:\Program Files\Java\jdk1.8.0_181\jre\lib\ext\sunpkcs11.jar;C:\Program Files\Java\jdk1.8.0_181\jre\lib\ext\zipfs.jar;C:\Program Files\Java\jdk1.8.0_181\jre\lib\javaws.jar;C:\Program Files\Java\jdk1.8.0_181\jre\lib\jce.jar;C:\Program Files\Java\jdk1.8.0_181\jre\lib\jfr.jar;C:\Program Files\Java\jdk1.8.0_181\jre\lib\jfxswt.jar;C:\Program Files\Java\jdk1.8.0_181\jre\lib\jsse.jar;C:\Program Files\Java\jdk1.8.0_181\jre\lib\management-agent.jar;C:\Program Files\Java\jdk1.8.0_181\jre\lib\plugin.jar;C:\Program Files\Java\jdk1.8.0_181\jre\lib\resources.jar;C:\Program Files\Java\jdk1.8.0_181\jre\lib\rt.jar;E:\Java\SkyNetJR\out\production\SkyNetJR;E:\Java\lwjgl-3.2.3\lwjgl.jar;E:\Java\lwjgl-3.2.3\lwjgl-egl.jar;E:\Java\lwjgl-3.2.3\lwjgl-lz4.jar;E:\Java\lwjgl-3.2.3\lwjgl-nfd.jar;E:\Java\lwjgl-3.2.3\lwjgl-ovr.jar;E:\Java\lwjgl-3.2.3\lwjgl-par.jar;E:\Java\lwjgl-3.2.3\lwjgl-sse.jar;E:\Java\lwjgl-3.2.3\lwjgl-stb.jar;E:\Java\lwjgl-3.2.3\lwjgl-vma.jar;E:\Java\lwjgl-3.2.3\lwjgl-bgfx.jar;E:\Java\lwjgl-3.2.3\lwjgl-cuda.jar;E:\Java\lwjgl-3.2.3\lwjgl-glfw.jar;E:\Java\lwjgl-3.2.3\lwjgl-jawt.jar;E:\Java\lwjgl-3.2.3\lwjgl-llvm.jar;E:\Java\lwjgl-3.2.3\lwjgl-lmdb.jar;E:\Java\lwjgl-3.2.3\lwjgl-meow.jar;E:\Java\lwjgl-3.2.3\lwjgl-odbc.jar;E:\Java\lwjgl-3.2.3\lwjgl-
Launcher Type: SUN_STANDARD

Environment Variables:
JAVA_HOME=C:\Program Files (x86)\Java\jdk1.8.0_181
CLASSPATH=C:\Program Files (x86)\Oracle\Berkeley DB 4.8.30\jar\dbexamples.jar;C:\Program Files (x86)\Oracle\Berkeley DB 4.8.30\jar\db.jar;C:\Program Files (x86)\Oracle\Berkeley DB 4.8.30\jar\debug\dbexamples.jar;C:\Program Files (x86)\Oracle\Berkeley DB 4.8.30\jar\debug\db.jar
PATH=C:\Program Files (x86)\Common Files\Oracle\Java\javapath;C:\Program Files (x86)\Common Files\Intel\Shared Libraries\redist\intel64\compiler;C:\Program Files (x86)\Razer Chroma SDK\bin;C:\Program Files\Razer Chroma SDK\bin;C:\Windows\system32;C:\Windows;C:\Windows\System32\Wbem;C:\Windows\System32\WindowsPowerShell\v1.0\;C:\Windows\System32\OpenSSH\;C:\Program Files\dotnet\;C:\Program Files (x86)\NVIDIA Corporation\PhysX\Common;C:\Program Files\Microsoft SQL Server\130\Tools\Binn\;C:\Program Files\Git\cmd;C:\Windows\system32\config\systemprofile\AppData\Local\Microsoft\WindowsApps;C:\Program Files\NVIDIA Corporation\NVIDIA NvDLISR;C:\WINDOWS\system32;C:\WINDOWS;C:\WINDOWS\System32\Wbem;C:\WINDOWS\System32\WindowsPowerShell\v1.0\;C:\WINDOWS\System32\OpenSSH\;C:\Program Files\Microsoft SQL Server\Client SDK\ODBC\170\Tools\Binn\;C:\Program Files\Microsoft VS Code\bin;C:\Program Files (x86)\Oracle\Berkeley DB 4.8.30\bin;C:\Program Files (x86)\Oracle\Berkeley DB 4.8.30\bin\debug;C:\Users\LHK1337\AppData\Local\Microsoft\WindowsApps;C:\Users\LHK1337\.dotnet\tools
USERNAME=LHK1337
OS=Windows_NT
PROCESSOR_IDENTIFIER=Intel64 Family 6 Model 94 Stepping 3, GenuineIntel



---------------  S Y S T E M  ---------------

OS: Windows 10.0 , 64 bit Build 17763 (10.0.17763.475)

CPU:total 8 (initial active 8) (4 cores per cpu, 2 threads per core) family 6 model 94 stepping 3, cmov, cx8, fxsr, mmx, sse, sse2, sse3, ssse3, sse4.1, sse4.2, popcnt, avx, avx2, aes, clmul, erms, rtm, 3dnowpref, lzcnt, ht, tsc, tscinvbit, bmi1, bmi2, adx

Memory: 4k page, physical 33497572k(22573552k free), swap 38478308k(23958056k free)

vm_info: Java HotSpot(TM) 64-Bit Server VM (25.181-b13) for windows-amd64 JRE (1.8.0_181-b13), built on Jul  7 2018 04:01:33 by "java_re" with MS VC++ 10.0 (VS2010)

time: Fri Nov 22 19:49:13 2019
elapsed time: 61 seconds (0d 0h 1m 1s)

