#
# A fatal error has been detected by the Java Runtime Environment:
#
#  EXCEPTION_ACCESS_VIOLATION (0xc0000005) at pc=0x00007ffb1d296490, pid=7556, tid=0x00000000000020b4
#
# JRE version: Java(TM) SE Runtime Environment (8.0_181-b13) (build 1.8.0_181-b13)
# Java VM: Java HotSpot(TM) 64-Bit Server VM (25.181-b13 mixed mode windows-amd64 compressed oops)
# Problematic frame:
# C  [glfw.dll+0x6490]
#
# Failed to write core dump. Minidumps are not enabled by default on client versions of Windows
#
# If you would like to submit a bug report, please visit:
#   http://bugreport.java.com/bugreport/crash.jsp
# The crash happened outside the Java Virtual Machine in native code.
# See problematic frame for where to report the bug.
#

---------------  T H R E A D  ---------------

Current thread (0x0000000029f44800):  JavaThread "CleanUpThread" [_thread_in_native, id=8372, stack(0x0000000036600000,0x0000000036700000)]

siginfo: ExceptionCode=0xc0000005, reading address 0x0000000000000000

Registers:
RAX=0x0000000000000000, RBX=0x0000000000a376f0, RCX=0x0000000000000000, RDX=0x00007ffb1d2e7ee0
RSP=0x00000000366fed70, RBP=0x00000000366fee00, RSI=0x0000000000000108, RDI=0x00000000029c7f10
R8 =0x0000000000a376f0, R9 =0x00007ffb1d2963e0, R10=0x00007ffb1d301b10, R11=0x0000000002e7b498
R12=0x0000000000000000, R13=0x00000000366fee20, R14=0x00000000366fedf0, R15=0x0000000029f44800
RIP=0x00007ffb1d296490, EFLAGS=0x0000000000010283

Top of Stack: (sp=0x00000000366fed70)
0x00000000366fed70:   0000000000a376f0 0000000073fdc910
0x00000000366fed80:   00000007c0000d48 00000000366fed88
0x00000000366fed90:   00000000255e8100 0000000002e7b54a
0x00000000366feda0:   0000000025612d38 0000000000000000
0x00000000366fedb0:   00000000255e2df8 0000000000000000
0x00000000366fedc0:   00000000366fede8 00000000366fee58
0x00000000366fedd0:   00000000029c7f10 00000005c0c034d0
0x00000000366fede0:   00000000029d7a57 00007ffb1d293ea0
0x00000000366fedf0:   00000005c0c034d0 0000000000000000
0x00000000366fee00:   00000000366fee80 00000000029c83fd
0x00000000366fee10:   0000000000000011 00000000029c83fd
0x00000000366fee20:   00007ffb1d2963e0 00000000366feea8
0x00000000366fee30:   0000000000a376f0 0000000000000000
0x00000000366fee40:   00000000366fee40 000000002561e3d6
0x00000000366fee50:   00000000366feea8 000000002562a140
0x00000000366fee60:   0000000000000000 000000002561e408 

Instructions: (pc=0x00007ffb1d296490)
0x00007ffb1d296470:   48 8b 0d 69 1a 05 00 48 8d 15 62 1a 05 00 48 3b
0x00007ffb1d296480:   cb 74 1b 0f 1f 40 00 66 0f 1f 84 00 00 00 00 00
0x00007ffb1d296490:   48 8b 01 48 8b d1 48 8b c8 48 3b c3 75 f2 48 8b
0x00007ffb1d2964a0:   03 48 8b cb 48 89 02 48 83 c4 20 5b e9 97 27 01 


Register to memory mapping:

RAX=0x0000000000000000 is an unknown value
RBX=0x0000000000a376f0 is an unknown value
RCX=0x0000000000000000 is an unknown value
RDX=0x00007ffb1d2e7ee0 is an unknown value
RSP=0x00000000366fed70 is pointing into the stack for thread: 0x0000000029f44800
RBP=0x00000000366fee00 is pointing into the stack for thread: 0x0000000029f44800
RSI=0x0000000000000108 is an unknown value
RDI=0x00000000029c7f10 is at code_begin+1040 in an Interpreter codelet
invoke return entry points  [0x00000000029c7b00, 0x00000000029c84e0]  2528 bytes
R8 =0x0000000000a376f0 is an unknown value
R9 =0x00007ffb1d2963e0 is an unknown value
R10=0x00007ffb1d301b10 is an unknown value
R11=0x0000000002e7b498 is at entry_point+24 in (nmethod*)0x0000000002e7b310
R12=0x0000000000000000 is an unknown value
R13=0x00000000366fee20 is pointing into the stack for thread: 0x0000000029f44800
R14=0x00000000366fedf0 is pointing into the stack for thread: 0x0000000029f44800
R15=0x0000000029f44800 is a thread


Stack: [0x0000000036600000,0x0000000036700000],  sp=0x00000000366fed70,  free space=1019k
Native frames: (J=compiled Java code, j=interpreted, Vv=VM code, C=native code)
C  [glfw.dll+0x6490]
C  0x0000000002e7b54a

Java frames: (J=compiled Java code, j=interpreted, Vv=VM code)
J 1125  org.lwjgl.system.JNI.invokePV(JJ)V (0 bytes) @ 0x0000000002e7b4c4 [0x0000000002e7b480+0x44]
j  org.lwjgl.glfw.GLFW.glfwDestroyWindow(J)V+6
j  SkyNetJR.Graphics.GLFWWindowManager.WindowManager.DestroyWindow(J)V+5
j  SkyNetJR.Threading.WindowThread.Destroy()V+8
j  SkyNetJR.Graphics.Rendering.View.Destroy()V+4
j  SkyNetJR.Threading.WindowThread.lambda$run$1()V+12
j  SkyNetJR.Threading.WindowThread$$Lambda$19.run()V+4
j  java.lang.Thread.run()V+11
v  ~StubRoutines::call_stub

---------------  P R O C E S S  ---------------

Java Threads: ( => current thread )
=>0x0000000029f44800 JavaThread "CleanUpThread" [_thread_in_native, id=8372, stack(0x0000000036600000,0x0000000036700000)]
  0x0000000029f3f000 JavaThread "pool-1-thread-40" [_thread_blocked, id=9120, stack(0x000000002f080000,0x000000002f180000)]
  0x0000000029f3e800 JavaThread "pool-1-thread-39" [_thread_blocked, id=10144, stack(0x000000002ef80000,0x000000002f080000)]
  0x0000000029e4b800 JavaThread "pool-1-thread-38" [_thread_blocked, id=6864, stack(0x000000002ee80000,0x000000002ef80000)]
  0x0000000029e4a000 JavaThread "pool-1-thread-37" [_thread_blocked, id=15672, stack(0x000000002ed80000,0x000000002ee80000)]
  0x0000000029e49800 JavaThread "pool-1-thread-36" [_thread_blocked, id=13996, stack(0x000000002ec80000,0x000000002ed80000)]
  0x0000000029e47000 JavaThread "pool-1-thread-35" [_thread_blocked, id=896, stack(0x000000002eb80000,0x000000002ec80000)]
  0x0000000029e4b000 JavaThread "pool-1-thread-34" [_thread_blocked, id=4412, stack(0x000000002ea80000,0x000000002eb80000)]
  0x0000000029e48000 JavaThread "pool-1-thread-33" [_thread_blocked, id=2788, stack(0x000000002e980000,0x000000002ea80000)]
  0x0000000029e48800 JavaThread "pool-1-thread-32" [_thread_blocked, id=9184, stack(0x000000002e880000,0x000000002e980000)]
  0x0000000029e46800 JavaThread "pool-1-thread-31" [_thread_blocked, id=2840, stack(0x000000002e780000,0x000000002e880000)]
  0x0000000029e3f000 JavaThread "pool-1-thread-30" [_thread_blocked, id=11356, stack(0x000000002e680000,0x000000002e780000)]
  0x0000000029e45800 JavaThread "pool-1-thread-29" [_thread_blocked, id=14060, stack(0x000000002e580000,0x000000002e680000)]
  0x0000000029e3f800 JavaThread "pool-1-thread-28" [_thread_blocked, id=15544, stack(0x000000002e480000,0x000000002e580000)]
  0x0000000029e45000 JavaThread "pool-1-thread-27" [_thread_blocked, id=4600, stack(0x000000002df80000,0x000000002e080000)]
  0x0000000029e43800 JavaThread "pool-1-thread-26" [_thread_blocked, id=14836, stack(0x000000002de80000,0x000000002df80000)]
  0x0000000029e42800 JavaThread "pool-1-thread-25" [_thread_blocked, id=14156, stack(0x000000002dd80000,0x000000002de80000)]
  0x0000000029e44000 JavaThread "pool-1-thread-24" [_thread_blocked, id=5636, stack(0x000000002dc80000,0x000000002dd80000)]
  0x0000000029e42000 JavaThread "pool-1-thread-23" [_thread_blocked, id=11504, stack(0x000000002db80000,0x000000002dc80000)]
  0x0000000029e41000 JavaThread "pool-1-thread-22" [_thread_blocked, id=2408, stack(0x000000002da80000,0x000000002db80000)]
  0x0000000029e3d800 JavaThread "pool-1-thread-21" [_thread_blocked, id=5516, stack(0x000000002d980000,0x000000002da80000)]
  0x0000000029e3c800 JavaThread "pool-1-thread-20" [_thread_blocked, id=15812, stack(0x000000002d880000,0x000000002d980000)]
  0x0000000029e40800 JavaThread "pool-1-thread-19" [_thread_blocked, id=15896, stack(0x000000002d780000,0x000000002d880000)]
  0x0000000029e3e000 JavaThread "pool-1-thread-18" [_thread_blocked, id=5416, stack(0x000000002d680000,0x000000002d780000)]
  0x0000000028bf8000 JavaThread "pool-1-thread-17" [_thread_blocked, id=792, stack(0x000000002d580000,0x000000002d680000)]
  0x0000000028bf7800 JavaThread "pool-1-thread-16" [_thread_blocked, id=13404, stack(0x000000002d480000,0x000000002d580000)]
  0x0000000028bfb000 JavaThread "pool-1-thread-15" [_thread_blocked, id=14288, stack(0x000000002d380000,0x000000002d480000)]
  0x0000000028bfa800 JavaThread "pool-1-thread-14" [_thread_blocked, id=10420, stack(0x000000002d280000,0x000000002d380000)]
  0x0000000028bfe000 JavaThread "pool-1-thread-13" [_thread_blocked, id=11484, stack(0x000000002d180000,0x000000002d280000)]
  0x0000000028bfd800 JavaThread "pool-1-thread-12" [_thread_blocked, id=10996, stack(0x000000002d080000,0x000000002d180000)]
  0x0000000028bf9800 JavaThread "pool-1-thread-11" [_thread_blocked, id=8344, stack(0x000000002cf80000,0x000000002d080000)]
  0x0000000028bfc800 JavaThread "pool-1-thread-10" [_thread_blocked, id=4116, stack(0x000000002ce80000,0x000000002cf80000)]
  0x0000000028bf9000 JavaThread "pool-1-thread-9" [_thread_blocked, id=6136, stack(0x000000002cd80000,0x000000002ce80000)]
  0x0000000028bfc000 JavaThread "pool-1-thread-8" [_thread_blocked, id=448, stack(0x000000002cc80000,0x000000002cd80000)]
  0x000000002a2e0800 JavaThread "pool-1-thread-7" [_thread_blocked, id=15384, stack(0x000000002cb80000,0x000000002cc80000)]
  0x0000000029c3d800 JavaThread "pool-1-thread-6" [_thread_blocked, id=15560, stack(0x000000002ca80000,0x000000002cb80000)]
  0x0000000029c3c800 JavaThread "pool-1-thread-5" [_thread_blocked, id=2660, stack(0x000000002c980000,0x000000002ca80000)]
  0x0000000029e7c000 JavaThread "pool-1-thread-4" [_thread_blocked, id=3176, stack(0x000000002c880000,0x000000002c980000)]
  0x0000000029e7b000 JavaThread "pool-1-thread-3" [_thread_blocked, id=12056, stack(0x000000002c780000,0x000000002c880000)]
  0x0000000029e79800 JavaThread "pool-1-thread-2" [_thread_blocked, id=832, stack(0x000000002c680000,0x000000002c780000)]
  0x0000000029b81000 JavaThread "pool-1-thread-1" [_thread_blocked, id=8600, stack(0x000000002c580000,0x000000002c680000)]
  0x0000000029b17800 JavaThread "SkyNetJR.MainSimulationThread" [_thread_in_Java, id=3808, stack(0x000000002b8f0000,0x000000002b9f0000)]
  0x0000000028675800 JavaThread "Service Thread" daemon [_thread_blocked, id=5212, stack(0x0000000029070000,0x0000000029170000)]
  0x0000000028672000 JavaThread "C1 CompilerThread3" daemon [_thread_blocked, id=7184, stack(0x0000000028f70000,0x0000000029070000)]
  0x0000000028671800 JavaThread "C2 CompilerThread2" daemon [_thread_blocked, id=4052, stack(0x0000000028e70000,0x0000000028f70000)]
  0x000000002866e800 JavaThread "C2 CompilerThread1" daemon [_thread_blocked, id=1852, stack(0x0000000028d70000,0x0000000028e70000)]
  0x0000000028674800 JavaThread "C2 CompilerThread0" daemon [_thread_blocked, id=15800, stack(0x0000000028c70000,0x0000000028d70000)]
  0x000000002798e800 JavaThread "JDWP Command Reader" daemon [_thread_in_native, id=508, stack(0x0000000028370000,0x0000000028470000)]
  0x0000000027987800 JavaThread "JDWP Event Helper Thread" daemon [_thread_blocked, id=8580, stack(0x0000000028270000,0x0000000028370000)]
  0x0000000027979800 JavaThread "JDWP Transport Listener: dt_socket" daemon [_thread_blocked, id=1720, stack(0x0000000028170000,0x0000000028270000)]
  0x000000002796f800 JavaThread "Attach Listener" daemon [_thread_blocked, id=11244, stack(0x0000000028070000,0x0000000028170000)]
  0x0000000025a6e800 JavaThread "Signal Dispatcher" daemon [_thread_blocked, id=9724, stack(0x0000000027f70000,0x0000000028070000)]
  0x0000000027960800 JavaThread "Finalizer" daemon [_thread_blocked, id=13408, stack(0x0000000027d40000,0x0000000027e40000)]
  0x0000000025a5d800 JavaThread "Reference Handler" daemon [_thread_blocked, id=5048, stack(0x0000000027840000,0x0000000027940000)]
  0x00000000028c7000 JavaThread "MainThread" [_thread_blocked, id=15176, stack(0x00000000026c0000,0x00000000027c0000)]

Other Threads:
  0x0000000025a55800 VMThread [stack: 0x0000000027740000,0x0000000027840000] [id=12312]
  0x00000000286ca000 WatcherThread [stack: 0x0000000029170000,0x0000000029270000] [id=15848]

VM state:not at safepoint (normal execution)

VM Mutex/Monitor currently owned by a thread: None

Heap:
 PSYoungGen      total 2420736K, used 2082075K [0x0000000715980000, 0x00000007bdf00000, 0x00000007c0000000)
  eden space 2080768K, 91% used [0x0000000715980000,0x000000078a576c20,0x0000000794980000)
  from space 339968K, 49% used [0x0000000794980000,0x000000079eed0000,0x00000007a9580000)
  to   space 327680K, 0% used [0x00000007a9f00000,0x00000007a9f00000,0x00000007bdf00000)
 ParOldGen       total 657408K, used 518432K [0x00000005c0c00000, 0x00000005e8e00000, 0x0000000715980000)
  object space 657408K, 78% used [0x00000005c0c00000,0x00000005e0648220,0x00000005e8e00000)
 Metaspace       used 10615K, capacity 10877K, committed 11008K, reserved 1058816K
  class space    used 874K, capacity 979K, committed 1024K, reserved 1048576K

Card table byte_map: [0x0000000011d80000,0x0000000012d80000] byte_map_base: 0x000000000ef7a000

Marking Bits: (ParMarkBitMap*) 0x00000000746c2d00
 Begin Bits: [0x0000000014030000, 0x000000001c000000)
 End Bits:   [0x000000001c000000, 0x0000000023fd0000)

Polling page: 0x0000000000970000

CodeCache: size=245760Kb used=6217Kb max_used=6217Kb free=239542Kb
 bounds [0x00000000029c0000, 0x0000000002fe0000, 0x00000000119c0000]
 total_blobs=2165 nmethods=1232 adapters=854
 compilation: enabled

Compilation events (10 events):
Event: 55.985 Thread 0x0000000028672000 1227       3       sun.nio.cs.UTF_8::updatePositions (23 bytes)
Event: 55.985 Thread 0x0000000028672000 nmethod 1227 0x0000000002fb9e50 code [0x0000000002fb9fe0, 0x0000000002fba418]
Event: 58.266 Thread 0x0000000028671800 1228       4       SkyNetJR.Utils.Timer::getCurrentTime (9 bytes)
Event: 58.266 Thread 0x0000000028671800 nmethod 1228 0x0000000002e09c10 code [0x0000000002e09d40, 0x0000000002e09db8]
Event: 58.987 Thread 0x0000000028672000 1229       3       java.nio.Buffer::clear (20 bytes)
Event: 58.987 Thread 0x0000000028672000 nmethod 1229 0x0000000002fb9b10 code [0x0000000002fb9c60, 0x0000000002fb9dd0]
Event: 60.987 Thread 0x0000000028672000 1230       3       sun.nio.cs.UTF_8$Encoder::encodeArrayLoop (489 bytes)
Event: 60.990 Thread 0x0000000028672000 nmethod 1230 0x0000000002fd5010 code [0x0000000002fd55e0, 0x0000000002fd8ce8]
Event: 61.322 Thread 0x0000000028672000 1232       3       jdk.internal.org.objectweb.asm.Item::<init> (5 bytes)
Event: 61.322 Thread 0x0000000028672000 nmethod 1232 0x0000000002fb93d0 code [0x0000000002fb9520, 0x0000000002fb96d0]

GC Heap History (10 events):
Event: 42.782 GC heap before
{Heap before GC invocations=18 (full 1):
 PSYoungGen      total 2422272K, used 2317824K [0x0000000715980000, 0x00000007c0000000, 0x00000007c0000000)
  eden space 2089472K, 100% used [0x0000000715980000,0x0000000795200000,0x0000000795200000)
  from space 332800K, 68% used [0x00000007abb00000,0x00000007b9a00000,0x00000007c0000000)
  to   space 351232K, 0% used [0x0000000795200000,0x0000000795200000,0x00000007aa900000)
 ParOldGen       total 657408K, used 505632K [0x00000005c0c00000, 0x00000005e8e00000, 0x0000000715980000)
  object space 657408K, 76% used [0x00000005c0c00000,0x00000005df9c8220,0x00000005e8e00000)
 Metaspace       used 10609K, capacity 10871K, committed 11008K, reserved 1058816K
  class space    used 872K, capacity 978K, committed 1024K, reserved 1048576K
Event: 42.935 GC heap after
Heap after GC invocations=18 (full 1):
 PSYoungGen      total 2306048K, used 216416K [0x0000000715980000, 0x00000007c0000000, 0x00000007c0000000)
  eden space 2089472K, 0% used [0x0000000715980000,0x0000000715980000,0x0000000795200000)
  from space 216576K, 99% used [0x0000000795200000,0x00000007a2558000,0x00000007a2580000)
  to   space 360448K, 0% used [0x00000007aa000000,0x00000007aa000000,0x00000007c0000000)
 ParOldGen       total 657408K, used 506736K [0x00000005c0c00000, 0x00000005e8e00000, 0x0000000715980000)
  object space 657408K, 77% used [0x00000005c0c00000,0x00000005dfadc220,0x00000005e8e00000)
 Metaspace       used 10609K, capacity 10871K, committed 11008K, reserved 1058816K
  class space    used 872K, capacity 978K, committed 1024K, reserved 1048576K
}
Event: 46.633 GC heap before
{Heap before GC invocations=19 (full 1):
 PSYoungGen      total 2306048K, used 2305888K [0x0000000715980000, 0x00000007c0000000, 0x00000007c0000000)
  eden space 2089472K, 100% used [0x0000000715980000,0x0000000795200000,0x0000000795200000)
  from space 216576K, 99% used [0x0000000795200000,0x00000007a2558000,0x00000007a2580000)
  to   space 360448K, 0% used [0x00000007aa000000,0x00000007aa000000,0x00000007c0000000)
 ParOldGen       total 657408K, used 506736K [0x00000005c0c00000, 0x00000005e8e00000, 0x0000000715980000)
  object space 657408K, 77% used [0x00000005c0c00000,0x00000005dfadc220,0x00000005e8e00000)
 Metaspace       used 10609K, capacity 10871K, committed 11008K, reserved 1058816K
  class space    used 872K, capacity 978K, committed 1024K, reserved 1048576K
Event: 46.771 GC heap after
Heap after GC invocations=19 (full 1):
 PSYoungGen      total 2432000K, used 198592K [0x0000000715980000, 0x00000007c0000000, 0x00000007c0000000)
  eden space 2071552K, 0% used [0x0000000715980000,0x0000000715980000,0x0000000794080000)
  from space 360448K, 55% used [0x00000007aa000000,0x00000007b61f0000,0x00000007c0000000)
  to   space 359936K, 0% used [0x0000000794080000,0x0000000794080000,0x00000007aa000000)
 ParOldGen       total 657408K, used 507464K [0x00000005c0c00000, 0x00000005e8e00000, 0x0000000715980000)
  object space 657408K, 77% used [0x00000005c0c00000,0x00000005dfb92220,0x00000005e8e00000)
 Metaspace       used 10609K, capacity 10871K, committed 11008K, reserved 1058816K
  class space    used 872K, capacity 978K, committed 1024K, reserved 1048576K
}
Event: 50.359 GC heap before
{Heap before GC invocations=20 (full 1):
 PSYoungGen      total 2432000K, used 2270144K [0x0000000715980000, 0x00000007c0000000, 0x00000007c0000000)
  eden space 2071552K, 100% used [0x0000000715980000,0x0000000794080000,0x0000000794080000)
  from space 360448K, 55% used [0x00000007aa000000,0x00000007b61f0000,0x00000007c0000000)
  to   space 359936K, 0% used [0x0000000794080000,0x0000000794080000,0x00000007aa000000)
 ParOldGen       total 657408K, used 507464K [0x00000005c0c00000, 0x00000005e8e00000, 0x0000000715980000)
  object space 657408K, 77% used [0x00000005c0c00000,0x00000005dfb92220,0x00000005e8e00000)
 Metaspace       used 10609K, capacity 10871K, committed 11008K, reserved 1058816K
  class space    used 872K, capacity 978K, committed 1024K, reserved 1048576K
Event: 50.486 GC heap after
Heap after GC invocations=20 (full 1):
 PSYoungGen      total 2247168K, used 175520K [0x0000000715980000, 0x00000007bea80000, 0x00000007c0000000)
  eden space 2071552K, 0% used [0x0000000715980000,0x0000000715980000,0x0000000794080000)
  from space 175616K, 99% used [0x0000000794080000,0x000000079ebe8000,0x000000079ec00000)
  to   space 349184K, 0% used [0x00000007a9580000,0x00000007a9580000,0x00000007bea80000)
 ParOldGen       total 657408K, used 514072K [0x00000005c0c00000, 0x00000005e8e00000, 0x0000000715980000)
  object space 657408K, 78% used [0x00000005c0c00000,0x00000005e0206220,0x00000005e8e00000)
 Metaspace       used 10609K, capacity 10871K, committed 11008K, reserved 1058816K
  class space    used 872K, capacity 978K, committed 1024K, reserved 1048576K
}
Event: 54.087 GC heap before
{Heap before GC invocations=21 (full 1):
 PSYoungGen      total 2247168K, used 2247072K [0x0000000715980000, 0x00000007bea80000, 0x00000007c0000000)
  eden space 2071552K, 100% used [0x0000000715980000,0x0000000794080000,0x0000000794080000)
  from space 175616K, 99% used [0x0000000794080000,0x000000079ebe8000,0x000000079ec00000)
  to   space 349184K, 0% used [0x00000007a9580000,0x00000007a9580000,0x00000007bea80000)
 ParOldGen       total 657408K, used 514072K [0x00000005c0c00000, 0x00000005e8e00000, 0x0000000715980000)
  object space 657408K, 78% used [0x00000005c0c00000,0x00000005e0206220,0x00000005e8e00000)
 Metaspace       used 10610K, capacity 10871K, committed 11008K, reserved 1058816K
  class space    used 872K, capacity 978K, committed 1024K, reserved 1048576K
Event: 54.212 GC heap after
Heap after GC invocations=21 (full 1):
 PSYoungGen      total 2429952K, used 178752K [0x0000000715980000, 0x00000007c0000000, 0x00000007c0000000)
  eden space 2080768K, 0% used [0x0000000715980000,0x0000000715980000,0x0000000794980000)
  from space 349184K, 51% used [0x00000007a9580000,0x00000007b4410000,0x00000007bea80000)
  to   space 339968K, 0% used [0x0000000794980000,0x0000000794980000,0x00000007a9580000)
 ParOldGen       total 657408K, used 517856K [0x00000005c0c00000, 0x00000005e8e00000, 0x0000000715980000)
  object space 657408K, 78% used [0x00000005c0c00000,0x00000005e05b8220,0x00000005e8e00000)
 Metaspace       used 10610K, capacity 10871K, committed 11008K, reserved 1058816K
  class space    used 872K, capacity 978K, committed 1024K, reserved 1048576K
}
Event: 57.789 GC heap before
{Heap before GC invocations=22 (full 1):
 PSYoungGen      total 2429952K, used 2259520K [0x0000000715980000, 0x00000007c0000000, 0x00000007c0000000)
  eden space 2080768K, 100% used [0x0000000715980000,0x0000000794980000,0x0000000794980000)
  from space 349184K, 51% used [0x00000007a9580000,0x00000007b4410000,0x00000007bea80000)
  to   space 339968K, 0% used [0x0000000794980000,0x0000000794980000,0x00000007a9580000)
 ParOldGen       total 657408K, used 517856K [0x00000005c0c00000, 0x00000005e8e00000, 0x0000000715980000)
  object space 657408K, 78% used [0x00000005c0c00000,0x00000005e05b8220,0x00000005e8e00000)
 Metaspace       used 10610K, capacity 10871K, committed 11008K, reserved 1058816K
  class space    used 872K, capacity 978K, committed 1024K, reserved 1048576K
Event: 57.913 GC heap after
Heap after GC invocations=22 (full 1):
 PSYoungGen      total 2420736K, used 169280K [0x0000000715980000, 0x00000007bdf00000, 0x00000007c0000000)
  eden space 2080768K, 0% used [0x0000000715980000,0x0000000715980000,0x0000000794980000)
  from space 339968K, 49% used [0x0000000794980000,0x000000079eed0000,0x00000007a9580000)
  to   space 327680K, 0% used [0x00000007a9f00000,0x00000007a9f00000,0x00000007bdf00000)
 ParOldGen       total 657408K, used 518432K [0x00000005c0c00000, 0x00000005e8e00000, 0x0000000715980000)
  object space 657408K, 78% used [0x00000005c0c00000,0x00000005e0648220,0x00000005e8e00000)
 Metaspace       used 10610K, capacity 10871K, committed 11008K, reserved 1058816K
  class space    used 872K, capacity 978K, committed 1024K, reserved 1048576K
}

Deoptimization events (10 events):
Event: 8.149 Thread 0x0000000029b17800 Uncommon trap: reason=unstable_if action=reinterpret pc=0x0000000002ea58a8 method=SkyNetJR.Creatures.Population.getTile(II)LSkyNetJR/VirtualWorld/Tile; @ 33
Event: 8.150 Thread 0x0000000029b17800 Uncommon trap: reason=unstable_if action=reinterpret pc=0x0000000002f238dc method=SkyNetJR.Creatures.Population.getTile(II)LSkyNetJR/VirtualWorld/Tile; @ 33
Event: 8.161 Thread 0x0000000029b17800 Uncommon trap: reason=unstable_if action=reinterpret pc=0x0000000002ee8e10 method=SkyNetJR.Creatures.Population.getTile(II)LSkyNetJR/VirtualWorld/Tile; @ 33
Event: 8.327 Thread 0x0000000029b17800 Uncommon trap: reason=unstable_if action=reinterpret pc=0x0000000002de3f90 method=java.util.concurrent.ConcurrentHashMap.replaceNode(Ljava/lang/Object;Ljava/lang/Object;Ljava/lang/Object;)Ljava/lang/Object; @ 136
Event: 8.879 Thread 0x0000000029b29000 Uncommon trap: reason=unstable_if action=reinterpret pc=0x0000000002f3c470 method=SkyNetJR.Graphics.Rendering.Renderers.PopulationRenderer.Render(II)V @ 54
Event: 9.754 Thread 0x0000000029e48800 Uncommon trap: reason=unstable_if action=reinterpret pc=0x0000000002e85a68 method=java.util.concurrent.ConcurrentHashMap.get(Ljava/lang/Object;)Ljava/lang/Object; @ 152
Event: 9.781 Thread 0x0000000029b17800 Uncommon trap: reason=unstable_if action=reinterpret pc=0x0000000002f52834 method=SkyNetJR.Creatures.Population.UpdateCollisionGrid(LSkyNetJR/Creatures/Creature;II)V @ 27
Event: 9.789 Thread 0x0000000029b17800 Uncommon trap: reason=unstable_if action=reinterpret pc=0x0000000002eed494 method=SkyNetJR.Creatures.Population.UpdateCollisionGrid(LSkyNetJR/Creatures/Creature;II)V @ 27
Event: 11.666 Thread 0x0000000029e45000 Uncommon trap: reason=unstable_if action=reinterpret pc=0x0000000002e1306c method=java.util.concurrent.locks.AbstractQueuedSynchronizer.isOnSyncQueue(Ljava/util/concurrent/locks/AbstractQueuedSynchronizer$Node;)Z @ 13
Event: 14.823 Thread 0x0000000029b17800 Uncommon trap: reason=unstable_if action=reinterpret pc=0x0000000002dda160 method=java.util.concurrent.locks.AbstractQueuedSynchronizer.transferForSignal(Ljava/util/concurrent/locks/AbstractQueuedSynchronizer$Node;)Z @ 33

Classes redefined (0 events):
No events

Internal exceptions (10 events):
Event: 0.410 Thread 0x00000000028c7000 Exception <a 'sun/nio/fs/WindowsException'> (0x00000007169a6c40) thrown at [C:\re\workspace\8-2-build-windows-amd64-cygwin\jdk8u181\11358\hotspot\src\share\vm\prims\jni.cpp, line 709]
Event: 0.410 Thread 0x00000000028c7000 Exception <a 'sun/nio/fs/WindowsException'> (0x00000007169a9940) thrown at [C:\re\workspace\8-2-build-windows-amd64-cygwin\jdk8u181\11358\hotspot\src\share\vm\prims\jni.cpp, line 709]
Event: 0.454 Thread 0x00000000028c7000 Exception <a 'sun/nio/fs/WindowsException'> (0x0000000716b3b2e8) thrown at [C:\re\workspace\8-2-build-windows-amd64-cygwin\jdk8u181\11358\hotspot\src\share\vm\prims\jni.cpp, line 709]
Event: 0.454 Thread 0x00000000028c7000 Exception <a 'sun/nio/fs/WindowsException'> (0x0000000716b3ba40) thrown at [C:\re\workspace\8-2-build-windows-amd64-cygwin\jdk8u181\11358\hotspot\src\share\vm\prims\jni.cpp, line 709]
Event: 0.476 Thread 0x00000000028c7000 Exception <a 'sun/nio/fs/WindowsException'> (0x0000000716c2de98) thrown at [C:\re\workspace\8-2-build-windows-amd64-cygwin\jdk8u181\11358\hotspot\src\share\vm\prims\jni.cpp, line 709]
Event: 0.476 Thread 0x00000000028c7000 Exception <a 'sun/nio/fs/WindowsException'> (0x0000000716c2e5a0) thrown at [C:\re\workspace\8-2-build-windows-amd64-cygwin\jdk8u181\11358\hotspot\src\share\vm\prims\jni.cpp, line 709]
Event: 1.636 Thread 0x0000000029b29000 Exception <a 'sun/nio/fs/WindowsException'> (0x000000071b0a1ce0) thrown at [C:\re\workspace\8-2-build-windows-amd64-cygwin\jdk8u181\11358\hotspot\src\share\vm\prims\jni.cpp, line 709]
Event: 1.636 Thread 0x0000000029b29000 Exception <a 'sun/nio/fs/WindowsException'> (0x000000071b0a2448) thrown at [C:\re\workspace\8-2-build-windows-amd64-cygwin\jdk8u181\11358\hotspot\src\share\vm\prims\jni.cpp, line 709]
Event: 1.638 Thread 0x0000000029b29000 Exception <a 'sun/nio/fs/WindowsException'> (0x000000071b0ba1a8) thrown at [C:\re\workspace\8-2-build-windows-amd64-cygwin\jdk8u181\11358\hotspot\src\share\vm\prims\jni.cpp, line 709]
Event: 1.638 Thread 0x0000000029b29000 Exception <a 'sun/nio/fs/WindowsException'> (0x000000071b0ba7c8) thrown at [C:\re\workspace\8-2-build-windows-amd64-cygwin\jdk8u181\11358\hotspot\src\share\vm\prims\jni.cpp, line 709]

Events (10 events):
Event: 61.305 Executing VM operation: RevokeBias
Event: 61.305 Executing VM operation: RevokeBias done
Event: 61.305 Thread 0x0000000029b29000 DEOPT PACKING pc=0x0000000002b1707c sp=0x000000002baedb10
Event: 61.305 Thread 0x0000000029b29000 DEOPT UNPACKING pc=0x0000000002a07890 sp=0x000000002baed930 mode 1
Event: 61.322 loading class SkyNetJR/Threading/WindowThread
Event: 61.322 loading class SkyNetJR/Threading/WindowThread done
Event: 61.323 Thread 0x0000000029f44800 Thread added: 0x0000000029f44800
Event: 61.323 Thread 0x0000000029b29000 Thread exited: 0x0000000029b29000
Event: 61.323 Executing VM operation: RevokeBias
Event: 61.323 Executing VM operation: RevokeBias done


Dynamic libraries:
0x00007ff7453b0000 - 0x00007ff7453e7000 	C:\Program Files\Java\jdk1.8.0_181\bin\java.exe
0x00007ffb39d30000 - 0x00007ffb39f1d000 	C:\WINDOWS\SYSTEM32\ntdll.dll
0x00007ffb37ae0000 - 0x00007ffb37b93000 	C:\WINDOWS\System32\KERNEL32.DLL
0x00007ffb364f0000 - 0x00007ffb36783000 	C:\WINDOWS\System32\KERNELBASE.dll
0x00007ffb37340000 - 0x00007ffb373e3000 	C:\WINDOWS\System32\ADVAPI32.dll
0x00007ffb37fe0000 - 0x00007ffb3807e000 	C:\WINDOWS\System32\msvcrt.dll
0x00007ffb37dd0000 - 0x00007ffb37e6e000 	C:\WINDOWS\System32\sechost.dll
0x00007ffb380a0000 - 0x00007ffb381c2000 	C:\WINDOWS\System32\RPCRT4.dll
0x00007ffb375d0000 - 0x00007ffb37767000 	C:\WINDOWS\System32\USER32.dll
0x00007ffb36420000 - 0x00007ffb36440000 	C:\WINDOWS\System32\win32u.dll
0x00007ffb37ab0000 - 0x00007ffb37ad9000 	C:\WINDOWS\System32\GDI32.dll
0x00007ffb35df0000 - 0x00007ffb35f89000 	C:\WINDOWS\System32\gdi32full.dll
0x00007ffb36380000 - 0x00007ffb36420000 	C:\WINDOWS\System32\msvcp_win.dll
0x00007ffb36250000 - 0x00007ffb3634a000 	C:\WINDOWS\System32\ucrtbase.dll
0x00007ffb2a160000 - 0x00007ffb2a3d9000 	C:\WINDOWS\WinSxS\amd64_microsoft.windows.common-controls_6595b64144ccf1df_6.0.17763.864_none_05b3441807210760\COMCTL32.dll
0x00007ffb37780000 - 0x00007ffb37aac000 	C:\WINDOWS\System32\combase.dll
0x00007ffb35f90000 - 0x00007ffb3600e000 	C:\WINDOWS\System32\bcryptPrimitives.dll
0x00007ffb37ee0000 - 0x00007ffb37f0e000 	C:\WINDOWS\System32\IMM32.DLL
0x0000000074750000 - 0x0000000074822000 	C:\Program Files\Java\jdk1.8.0_181\jre\bin\msvcr100.dll
0x0000000073ea0000 - 0x0000000074742000 	C:\Program Files\Java\jdk1.8.0_181\jre\bin\server\jvm.dll
0x00007ffb37770000 - 0x00007ffb37778000 	C:\WINDOWS\System32\PSAPI.DLL
0x00007ffb33950000 - 0x00007ffb33974000 	C:\WINDOWS\SYSTEM32\WINMM.dll
0x00007ffb2ffb0000 - 0x00007ffb2ffba000 	C:\WINDOWS\SYSTEM32\VERSION.dll
0x00007ffb21540000 - 0x00007ffb21549000 	C:\WINDOWS\SYSTEM32\WSOCK32.dll
0x00007ffb37e70000 - 0x00007ffb37edd000 	C:\WINDOWS\System32\WS2_32.dll
0x00007ffb33920000 - 0x00007ffb3394d000 	C:\WINDOWS\SYSTEM32\winmmbase.dll
0x00007ffb36f00000 - 0x00007ffb36f4a000 	C:\WINDOWS\System32\cfgmgr32.dll
0x0000000073e90000 - 0x0000000073e9f000 	C:\Program Files\Java\jdk1.8.0_181\jre\bin\verify.dll
0x0000000073e60000 - 0x0000000073e89000 	C:\Program Files\Java\jdk1.8.0_181\jre\bin\java.dll
0x0000000073db0000 - 0x0000000073de5000 	C:\Program Files\Java\jdk1.8.0_181\jre\bin\jdwp.dll
0x0000000073da0000 - 0x0000000073da8000 	C:\Program Files\Java\jdk1.8.0_181\jre\bin\npt.dll
0x0000000073d70000 - 0x0000000073d93000 	C:\Program Files\Java\jdk1.8.0_181\jre\bin\instrument.dll
0x0000000073e40000 - 0x0000000073e56000 	C:\Program Files\Java\jdk1.8.0_181\jre\bin\zip.dll
0x00007ffb38800000 - 0x00007ffb39cf4000 	C:\WINDOWS\System32\SHELL32.dll
0x00007ffb37280000 - 0x00007ffb37328000 	C:\WINDOWS\System32\shcore.dll
0x00007ffb367b0000 - 0x00007ffb36efd000 	C:\WINDOWS\System32\windows.storage.dll
0x00007ffb35d20000 - 0x00007ffb35d44000 	C:\WINDOWS\System32\profapi.dll
0x00007ffb35d70000 - 0x00007ffb35dcd000 	C:\WINDOWS\System32\powrprof.dll
0x00007ffb37d60000 - 0x00007ffb37db2000 	C:\WINDOWS\System32\shlwapi.dll
0x00007ffb35d50000 - 0x00007ffb35d61000 	C:\WINDOWS\System32\kernel.appcore.dll
0x00007ffb36790000 - 0x00007ffb367a7000 	C:\WINDOWS\System32\cryptsp.dll
0x0000000073d60000 - 0x0000000073d69000 	C:\Program Files\Java\jdk1.8.0_181\jre\bin\dt_socket.dll
0x00007ffb35590000 - 0x00007ffb355f7000 	C:\WINDOWS\system32\mswsock.dll
0x0000000073e20000 - 0x0000000073e3a000 	C:\Program Files\Java\jdk1.8.0_181\jre\bin\net.dll
0x0000000073e00000 - 0x0000000073e11000 	C:\Program Files\Java\jdk1.8.0_181\jre\bin\nio.dll
0x00007ffb1d300000 - 0x00007ffb1d364000 	C:\Users\LHK1337\AppData\Local\Temp\lwjglLHK1337\3.2.3-build-13\lwjgl.dll
0x00007ffafddf0000 - 0x00007ffafe043000 	C:\Users\LHK1337\AppData\Local\Temp\lwjglLHK1337\3.2.3-build-13\jemalloc.dll
0x00007ffb1d290000 - 0x00007ffb1d2f2000 	C:\Users\LHK1337\AppData\Local\Temp\lwjglLHK1337\3.2.3-build-13\glfw.dll
0x00007ffb33d20000 - 0x00007ffb33dbc000 	C:\WINDOWS\system32\uxtheme.dll
0x00007ffb1c000000 - 0x00007ffb1c044000 	C:\WINDOWS\SYSTEM32\dinput8.dll
0x00007ffb33ab0000 - 0x00007ffb33ac1000 	C:\WINDOWS\SYSTEM32\xinput1_4.dll
0x00007ffb35b50000 - 0x00007ffb35b79000 	C:\WINDOWS\SYSTEM32\DEVOBJ.dll
0x00007ffb33fa0000 - 0x00007ffb33fce000 	C:\WINDOWS\SYSTEM32\dwmapi.dll
0x00007ffb36010000 - 0x00007ffb361eb000 	C:\WINDOWS\System32\CRYPT32.dll
0x00007ffb35dd0000 - 0x00007ffb35de2000 	C:\WINDOWS\System32\MSASN1.dll
0x00007ffb28cf0000 - 0x00007ffb28dbc000 	C:\WINDOWS\SYSTEM32\inputhost.dll
0x00007ffb33fd0000 - 0x00007ffb341dd000 	C:\WINDOWS\SYSTEM32\twinapi.appcore.dll
0x00007ffb33830000 - 0x00007ffb33912000 	C:\WINDOWS\SYSTEM32\CoreMessaging.dll
0x00007ffb30e70000 - 0x00007ffb31192000 	C:\WINDOWS\SYSTEM32\CoreUIComponents.dll
0x00007ffb32d40000 - 0x00007ffb332fe000 	C:\WINDOWS\SYSTEM32\d2d1.dll
0x00007ffb30a80000 - 0x00007ffb30bd3000 	C:\WINDOWS\SYSTEM32\wintypes.dll
0x00007ffb32ac0000 - 0x00007ffb32d3e000 	C:\WINDOWS\SYSTEM32\d3d11.dll
0x00007ffb31f60000 - 0x00007ffb32109000 	C:\WINDOWS\SYSTEM32\PROPSYS.dll
0x00007ffb37f10000 - 0x00007ffb37fd4000 	C:\WINDOWS\System32\OLEAUT32.dll
0x00007ffb34d70000 - 0x00007ffb34da1000 	C:\WINDOWS\SYSTEM32\ntmarta.dll
0x00007ffb341e0000 - 0x00007ffb34208000 	C:\WINDOWS\SYSTEM32\RMCLIENT.dll
0x00007ffb34a30000 - 0x00007ffb34af2000 	C:\WINDOWS\SYSTEM32\dxgi.dll
0x00007ffb37030000 - 0x00007ffb3719c000 	C:\WINDOWS\System32\MSCTF.dll
0x00007ffb349a0000 - 0x00007ffb349ae000 	C:\WINDOWS\SYSTEM32\HID.DLL
0x00007ffb381d0000 - 0x00007ffb38646000 	C:\WINDOWS\System32\SETUPAPI.DLL
0x00007ffb36350000 - 0x00007ffb36376000 	C:\WINDOWS\System32\bcrypt.dll
0x00007ffb361f0000 - 0x00007ffb36249000 	C:\WINDOWS\System32\WINTRUST.dll
0x00007ffb00500000 - 0x00007ffb00627000 	C:\WINDOWS\SYSTEM32\opengl32.dll
0x00007ffb02780000 - 0x00007ffb027ac000 	C:\WINDOWS\SYSTEM32\GLU32.dll
0x00007ffae5170000 - 0x00007ffae7840000 	C:\WINDOWS\System32\DriverStore\FileRepository\nvgbdi.inf_amd64_2eb6819f212af614\nvoglv64.dll
0x00007ffb37c00000 - 0x00007ffb37d55000 	C:\WINDOWS\System32\ole32.dll
0x00007ffb32220000 - 0x00007ffb32233000 	C:\WINDOWS\SYSTEM32\WTSAPI32.dll
0x00007ffafd1e0000 - 0x00007ffafd4a2000 	C:\WINDOWS\system32\nvspcap64.dll
0x00007ffb34e10000 - 0x00007ffb34e68000 	C:\WINDOWS\SYSTEM32\WINSTA.dll
0x00007ffb28dc0000 - 0x00007ffb28e55000 	C:\WINDOWS\System32\TextInputFramework.dll
0x00007ffb1b3f0000 - 0x00007ffb1b449000 	C:\Users\LHK1337\AppData\Local\Temp\lwjglLHK1337\3.2.3-build-13\lwjgl_opengl.dll
0x00007ffb212c0000 - 0x00007ffb214ad000 	C:\WINDOWS\SYSTEM32\dbghelp.dll

VM Arguments:
jvm_args: -agentlib:jdwp=transport=dt_socket,address=127.0.0.1:54601,suspend=y,server=n -javaagent:C:\Users\LHK1337\AppData\Local\JetBrains\Toolbox\apps\IDEA-U\ch-0\192.7142.36\plugins\java\lib\rt\debugger-agent.jar -Dfile.encoding=UTF-8 
java_command: SkyNetJR.Main.Main
java_class_path (initial): C:\Program Files\Java\jdk1.8.0_181\jre\lib\charsets.jar;C:\Program Files\Java\jdk1.8.0_181\jre\lib\deploy.jar;C:\Program Files\Java\jdk1.8.0_181\jre\lib\ext\access-bridge-64.jar;C:\Program Files\Java\jdk1.8.0_181\jre\lib\ext\cldrdata.jar;C:\Program Files\Java\jdk1.8.0_181\jre\lib\ext\dnsns.jar;C:\Program Files\Java\jdk1.8.0_181\jre\lib\ext\jaccess.jar;C:\Program Files\Java\jdk1.8.0_181\jre\lib\ext\jfxrt.jar;C:\Program Files\Java\jdk1.8.0_181\jre\lib\ext\localedata.jar;C:\Program Files\Java\jdk1.8.0_181\jre\lib\ext\nashorn.jar;C:\Program Files\Java\jdk1.8.0_181\jre\lib\ext\sunec.jar;C:\Program Files\Java\jdk1.8.0_181\jre\lib\ext\sunjce_provider.jar;C:\Program Files\Java\jdk1.8.0_181\jre\lib\ext\sunmscapi.jar;C:\Program Files\Java\jdk1.8.0_181\jre\lib\ext\sunpkcs11.jar;C:\Program Files\Java\jdk1.8.0_181\jre\lib\ext\zipfs.jar;C:\Program Files\Java\jdk1.8.0_181\jre\lib\javaws.jar;C:\Program Files\Java\jdk1.8.0_181\jre\lib\jce.jar;C:\Program Files\Java\jdk1.8.0_181\jre\lib\jfr.jar;C:\Program Files\Java\jdk1.8.0_181\jre\lib\jfxswt.jar;C:\Program Files\Java\jdk1.8.0_181\jre\lib\jsse.jar;C:\Program Files\Java\jdk1.8.0_181\jre\lib\management-agent.jar;C:\Program Files\Java\jdk1.8.0_181\jre\lib\plugin.jar;C:\Program Files\Java\jdk1.8.0_181\jre\lib\resources.jar;C:\Program Files\Java\jdk1.8.0_181\jre\lib\rt.jar;E:\Java\SkyNetJR\out\production\SkyNetJR;E:\Java\lwjgl-3.2.3\lwjgl.jar;E:\Java\lwjgl-3.2.3\lwjgl-egl.jar;E:\Java\lwjgl-3.2.3\lwjgl-lz4.jar;E:\Java\lwjgl-3.2.3\lwjgl-nfd.jar;E:\Java\lwjgl-3.2.3\lwjgl-ovr.jar;E:\Java\lwjgl-3.2.3\lwjgl-par.jar;E:\Java\lwjgl-3.2.3\lwjgl-sse.jar;E:\Java\lwjgl-3.2.3\lwjgl-stb.jar;E:\Java\lwjgl-3.2.3\lwjgl-vma.jar;E:\Java\lwjgl-3.2.3\lwjgl-bgfx.jar;E:\Java\lwjgl-3.2.3\lwjgl-cuda.jar;E:\Java\lwjgl-3.2.3\lwjgl-glfw.jar;E:\Java\lwjgl-3.2.3\lwjgl-jawt.jar;E:\Java\lwjgl-3.2.3\lwjgl-llvm.jar;E:\Java\lwjgl-3.2.3\lwjgl-lmdb.jar;E:\Java\lwjgl-3.2.3\lwjgl-meow.jar;E:\Java\lwjgl-3.2.3\lwjgl-odbc.jar;E:\Java\lwjgl-3.2.3\lwjgl-
Launcher Type: SUN_STANDARD

Environment Variables:
JAVA_HOME=C:\Program Files (x86)\Java\jdk1.8.0_181
CLASSPATH=C:\Program Files (x86)\Oracle\Berkeley DB 4.8.30\jar\dbexamples.jar;C:\Program Files (x86)\Oracle\Berkeley DB 4.8.30\jar\db.jar;C:\Program Files (x86)\Oracle\Berkeley DB 4.8.30\jar\debug\dbexamples.jar;C:\Program Files (x86)\Oracle\Berkeley DB 4.8.30\jar\debug\db.jar
PATH=C:\Program Files (x86)\Common Files\Oracle\Java\javapath;C:\Program Files (x86)\Common Files\Intel\Shared Libraries\redist\intel64\compiler;C:\Program Files (x86)\Razer Chroma SDK\bin;C:\Program Files\Razer Chroma SDK\bin;C:\Windows\system32;C:\Windows;C:\Windows\System32\Wbem;C:\Windows\System32\WindowsPowerShell\v1.0\;C:\Windows\System32\OpenSSH\;C:\Program Files\dotnet\;C:\Program Files (x86)\NVIDIA Corporation\PhysX\Common;C:\Program Files\Microsoft SQL Server\130\Tools\Binn\;C:\Program Files\Git\cmd;C:\Windows\system32\config\systemprofile\AppData\Local\Microsoft\WindowsApps;C:\Program Files\NVIDIA Corporation\NVIDIA NvDLISR;C:\WINDOWS\system32;C:\WINDOWS;C:\WINDOWS\System32\Wbem;C:\WINDOWS\System32\WindowsPowerShell\v1.0\;C:\WINDOWS\System32\OpenSSH\;C:\Program Files\Microsoft SQL Server\Client SDK\ODBC\170\Tools\Binn\;C:\Program Files\Microsoft VS Code\bin;C:\Program Files (x86)\Oracle\Berkeley DB 4.8.30\bin;C:\Program Files (x86)\Oracle\Berkeley DB 4.8.30\bin\debug;C:\Users\LHK1337\AppData\Local\Microsoft\WindowsApps;C:\Users\LHK1337\.dotnet\tools
USERNAME=LHK1337
OS=Windows_NT
PROCESSOR_IDENTIFIER=Intel64 Family 6 Model 94 Stepping 3, GenuineIntel



---------------  S Y S T E M  ---------------

OS: Windows 10.0 , 64 bit Build 17763 (10.0.17763.475)

CPU:total 8 (initial active 8) (4 cores per cpu, 2 threads per core) family 6 model 94 stepping 3, cmov, cx8, fxsr, mmx, sse, sse2, sse3, ssse3, sse4.1, sse4.2, popcnt, avx, avx2, aes, clmul, erms, rtm, 3dnowpref, lzcnt, ht, tsc, tscinvbit, bmi1, bmi2, adx

Memory: 4k page, physical 33497572k(21550496k free), swap 38478308k(23356140k free)

vm_info: Java HotSpot(TM) 64-Bit Server VM (25.181-b13) for windows-amd64 JRE (1.8.0_181-b13), built on Jul  7 2018 04:01:33 by "java_re" with MS VC++ 10.0 (VS2010)

time: Fri Nov 22 18:58:21 2019
elapsed time: 61 seconds (0d 0h 1m 1s)

